rm -f *.o pi_serial pi_omp_critical pi_omp_reduction *.data
gcc -c -O2 -fopenmp pi_serial.c
gcc -c -O2 -fopenmp walltime.c
gcc -O2 -fopenmp pi_serial.o walltime.o -o pi_serial
gcc -c -O2 -fopenmp pi_omp_critical.c
gcc -O2 -fopenmp pi_omp_critical.o walltime.o -o pi_omp_critical
gcc -c -O2 -fopenmp pi_omp_reduction.c
gcc -O2 -fopenmp pi_omp_reduction.o walltime.o -o pi_omp_reduction
Strong Scaling
Running with OMP_NUM_THREADS = 1
Serial
pi = 3.141592653589764, N =   1000000, time = 0.00285055 secs

pi = 3.141592653589764, N =   1000000, time = 0.00253057 secs

pi = 3.141592653589764, N =   1000000, time = 0.00208058 secs

pi = 3.141592653589764, N =   1000000, time = 0.00189093 secs

pi = 3.141592653589764, N =   1000000, time = 0.00303072 secs

pi = 3.141592653589764, N =   1000000, time = 0.00226611 secs

pi = 3.141592653589764, N =   1000000, time = 0.00229132 secs

pi = 3.141592653589764, N =   1000000, time = 0.00227907 secs

pi = 3.141592653589764, N =   1000000, time = 0.00228272 secs

pi = 3.141592653589764, N =   1000000, time = 0.00227898 secs

Critical
pi = 3.141592653589764, N =   1000000, time = 0.00191048 secs

pi = 3.141592653589764, N =   1000000, time = 0.00190319 secs

pi = 3.141592653589764, N =   1000000, time = 0.00190418 secs

pi = 3.141592653589764, N =   1000000, time = 0.00190640 secs

pi = 3.141592653589764, N =   1000000, time = 0.00189850 secs

pi = 3.141592653589764, N =   1000000, time = 0.00190726 secs

pi = 3.141592653589764, N =   1000000, time = 0.00190388 secs

pi = 3.141592653589764, N =   1000000, time = 0.00190940 secs

pi = 3.141592653589764, N =   1000000, time = 0.00189820 secs

pi = 3.141592653589764, N =   1000000, time = 0.00191510 secs

Reduction
pi = 3.141592653589764, N =   1000000, time = 0.00189796 secs

pi = 3.141592653589764, N =   1000000, time = 0.00191069 secs

pi = 3.141592653589764, N =   1000000, time = 0.00190016 secs

pi = 3.141592653589764, N =   1000000, time = 0.00190213 secs

pi = 3.141592653589764, N =   1000000, time = 0.00189969 secs

pi = 3.141592653589764, N =   1000000, time = 0.00190168 secs

pi = 3.141592653589764, N =   1000000, time = 0.00191537 secs

pi = 3.141592653589764, N =   1000000, time = 0.00190171 secs

pi = 3.141592653589764, N =   1000000, time = 0.00191631 secs

pi = 3.141592653589764, N =   1000000, time = 0.00189766 secs

Running with OMP_NUM_THREADS = 2
Serial
pi = 3.141592653589764, N =   1000000, time = 0.00190102 secs

pi = 3.141592653589764, N =   1000000, time = 0.00237969 secs

pi = 3.141592653589764, N =   1000000, time = 0.00189403 secs

pi = 3.141592653589764, N =   1000000, time = 0.00189427 secs

pi = 3.141592653589764, N =   1000000, time = 0.00189730 secs

pi = 3.141592653589764, N =   1000000, time = 0.00227512 secs

pi = 3.141592653589764, N =   1000000, time = 0.00229013 secs

pi = 3.141592653589764, N =   1000000, time = 0.00254464 secs

pi = 3.141592653589764, N =   1000000, time = 0.00190459 secs

pi = 3.141592653589764, N =   1000000, time = 0.00189697 secs

Critical
pi = 3.141592653589899, N =   1000000, time = 0.00161669 secs

pi = 3.141592653589899, N =   1000000, time = 0.00163282 secs

pi = 3.141592653589899, N =   1000000, time = 0.00161838 secs

pi = 3.141592653589899, N =   1000000, time = 0.00122229 secs

pi = 3.141592653589899, N =   1000000, time = 0.00123975 secs

pi = 3.141592653589899, N =   1000000, time = 0.00122356 secs

pi = 3.141592653589899, N =   1000000, time = 0.00123506 secs

pi = 3.141592653589899, N =   1000000, time = 0.00124195 secs

pi = 3.141592653589899, N =   1000000, time = 0.00122785 secs

pi = 3.141592653589899, N =   1000000, time = 0.00123155 secs

Reduction
pi = 3.141592653589899, N =   1000000, time = 0.00124850 secs

pi = 3.141592653589899, N =   1000000, time = 0.00123174 secs

pi = 3.141592653589899, N =   1000000, time = 0.00124640 secs

pi = 3.141592653589899, N =   1000000, time = 0.00123676 secs

pi = 3.141592653589899, N =   1000000, time = 0.00123792 secs

pi = 3.141592653589899, N =   1000000, time = 0.00123650 secs

pi = 3.141592653589899, N =   1000000, time = 0.00122276 secs

pi = 3.141592653589899, N =   1000000, time = 0.00122457 secs

pi = 3.141592653589899, N =   1000000, time = 0.00122917 secs

pi = 3.141592653589899, N =   1000000, time = 0.00122426 secs

Running with OMP_NUM_THREADS = 4
Serial
pi = 3.141592653589764, N =   1000000, time = 0.00189200 secs

pi = 3.141592653589764, N =   1000000, time = 0.00189293 secs

pi = 3.141592653589764, N =   1000000, time = 0.00189526 secs

pi = 3.141592653589764, N =   1000000, time = 0.00189626 secs

pi = 3.141592653589764, N =   1000000, time = 0.00188580 secs

pi = 3.141592653589764, N =   1000000, time = 0.00188938 secs

pi = 3.141592653589764, N =   1000000, time = 0.00190612 secs

pi = 3.141592653589764, N =   1000000, time = 0.00303081 secs

pi = 3.141592653589764, N =   1000000, time = 0.00189649 secs

pi = 3.141592653589764, N =   1000000, time = 0.00192379 secs

Critical
pi = 3.141592653589876, N =   1000000, time = 0.00098121 secs

pi = 3.141592653589875, N =   1000000, time = 0.00094096 secs

pi = 3.141592653589875, N =   1000000, time = 0.00091781 secs

pi = 3.141592653589876, N =   1000000, time = 0.00076979 secs

pi = 3.141592653589875, N =   1000000, time = 0.00070617 secs

pi = 3.141592653589876, N =   1000000, time = 0.00071093 secs

pi = 3.141592653589876, N =   1000000, time = 0.00090085 secs

pi = 3.141592653589876, N =   1000000, time = 0.00094287 secs

pi = 3.141592653589875, N =   1000000, time = 0.00072167 secs

pi = 3.141592653589875, N =   1000000, time = 0.00071224 secs

Reduction
pi = 3.141592653589875, N =   1000000, time = 0.00072425 secs

pi = 3.141592653589876, N =   1000000, time = 0.00091980 secs

pi = 3.141592653589875, N =   1000000, time = 0.00089622 secs

pi = 3.141592653589875, N =   1000000, time = 0.00096071 secs

pi = 3.141592653589875, N =   1000000, time = 0.00089941 secs

pi = 3.141592653589875, N =   1000000, time = 0.00077957 secs

pi = 3.141592653589876, N =   1000000, time = 0.00092143 secs

pi = 3.141592653589875, N =   1000000, time = 0.00071586 secs

pi = 3.141592653589876, N =   1000000, time = 0.00072836 secs

pi = 3.141592653589876, N =   1000000, time = 0.00070297 secs

Running with OMP_NUM_THREADS = 8
Serial
pi = 3.141592653589764, N =   1000000, time = 0.00230276 secs

pi = 3.141592653589764, N =   1000000, time = 0.00226799 secs

pi = 3.141592653589764, N =   1000000, time = 0.00227190 secs

pi = 3.141592653589764, N =   1000000, time = 0.00190291 secs

pi = 3.141592653589764, N =   1000000, time = 0.00189909 secs

pi = 3.141592653589764, N =   1000000, time = 0.00190586 secs

pi = 3.141592653589764, N =   1000000, time = 0.00189016 secs

pi = 3.141592653589764, N =   1000000, time = 0.00190075 secs

pi = 3.141592653589764, N =   1000000, time = 0.00189503 secs

pi = 3.141592653589764, N =   1000000, time = 0.00213084 secs

Critical
pi = 3.141592653589871, N =   1000000, time = 0.00071024 secs

pi = 3.141592653589871, N =   1000000, time = 0.00066749 secs

pi = 3.141592653589871, N =   1000000, time = 0.00067790 secs

pi = 3.141592653589871, N =   1000000, time = 0.00064935 secs

pi = 3.141592653589871, N =   1000000, time = 0.00064856 secs

pi = 3.141592653589871, N =   1000000, time = 0.00062607 secs

pi = 3.141592653589871, N =   1000000, time = 0.00066262 secs

pi = 3.141592653589871, N =   1000000, time = 0.00061517 secs

pi = 3.141592653589871, N =   1000000, time = 0.00060685 secs

pi = 3.141592653589871, N =   1000000, time = 0.00065931 secs

Reduction
pi = 3.141592653589871, N =   1000000, time = 0.00062689 secs

pi = 3.141592653589871, N =   1000000, time = 0.00062360 secs

pi = 3.141592653589871, N =   1000000, time = 0.00063780 secs

pi = 3.141592653589871, N =   1000000, time = 0.00061805 secs

pi = 3.141592653589871, N =   1000000, time = 0.00069026 secs

pi = 3.141592653589871, N =   1000000, time = 0.00064531 secs

pi = 3.141592653589871, N =   1000000, time = 0.00062905 secs

pi = 3.141592653589871, N =   1000000, time = 0.00076350 secs

pi = 3.141592653589871, N =   1000000, time = 0.00064520 secs

pi = 3.141592653589871, N =   1000000, time = 0.00065014 secs

Running with OMP_NUM_THREADS = 16
Serial
pi = 3.141592653589764, N =   1000000, time = 0.00189282 secs

pi = 3.141592653589764, N =   1000000, time = 0.00189722 secs

pi = 3.141592653589764, N =   1000000, time = 0.00188749 secs

pi = 3.141592653589764, N =   1000000, time = 0.00188973 secs

pi = 3.141592653589764, N =   1000000, time = 0.00191294 secs

pi = 3.141592653589764, N =   1000000, time = 0.00189549 secs

pi = 3.141592653589764, N =   1000000, time = 0.00189947 secs

pi = 3.141592653589764, N =   1000000, time = 0.00190603 secs

pi = 3.141592653589764, N =   1000000, time = 0.00189204 secs

pi = 3.141592653589764, N =   1000000, time = 0.00189677 secs

Critical
pi = 3.141592653589872, N =   1000000, time = 0.00109866 secs

pi = 3.141592653589872, N =   1000000, time = 0.00067399 secs

pi = 3.141592653589872, N =   1000000, time = 0.00083538 secs

pi = 3.141592653589873, N =   1000000, time = 0.00069457 secs

pi = 3.141592653589872, N =   1000000, time = 0.00068652 secs

pi = 3.141592653589872, N =   1000000, time = 0.00072736 secs

pi = 3.141592653589872, N =   1000000, time = 0.00061033 secs

pi = 3.141592653589872, N =   1000000, time = 0.00067487 secs

pi = 3.141592653589872, N =   1000000, time = 0.00067450 secs

pi = 3.141592653589872, N =   1000000, time = 0.00067652 secs

Reduction
pi = 3.141592653589872, N =   1000000, time = 0.00069030 secs

pi = 3.141592653589872, N =   1000000, time = 0.00066274 secs

pi = 3.141592653589872, N =   1000000, time = 0.00062881 secs

pi = 3.141592653589872, N =   1000000, time = 0.00059662 secs

pi = 3.141592653589872, N =   1000000, time = 0.00064025 secs

pi = 3.141592653589872, N =   1000000, time = 0.00064265 secs

pi = 3.141592653589872, N =   1000000, time = 0.00061588 secs

pi = 3.141592653589872, N =   1000000, time = 0.00065471 secs

pi = 3.141592653589872, N =   1000000, time = 0.00060182 secs

pi = 3.141592653589872, N =   1000000, time = 0.00064482 secs

Running with OMP_NUM_THREADS = 32
Serial
pi = 3.141592653589764, N =   1000000, time = 0.00226843 secs

pi = 3.141592653589764, N =   1000000, time = 0.00233615 secs

pi = 3.141592653589764, N =   1000000, time = 0.00189621 secs

pi = 3.141592653589764, N =   1000000, time = 0.00189066 secs

pi = 3.141592653589764, N =   1000000, time = 0.00189325 secs

pi = 3.141592653589764, N =   1000000, time = 0.00189307 secs

pi = 3.141592653589764, N =   1000000, time = 0.00190442 secs

pi = 3.141592653589764, N =   1000000, time = 0.00189505 secs

pi = 3.141592653589764, N =   1000000, time = 0.00191819 secs

pi = 3.141592653589764, N =   1000000, time = 0.00190207 secs

Critical
pi = 3.141592653589874, N =   1000000, time = 0.00135208 secs

pi = 3.141592653589875, N =   1000000, time = 0.00127116 secs

pi = 3.141592653589874, N =   1000000, time = 0.00333760 secs

pi = 3.141592653589873, N =   1000000, time = 0.00108546 secs

pi = 3.141592653589874, N =   1000000, time = 0.00103571 secs

pi = 3.141592653589874, N =   1000000, time = 0.00104929 secs

pi = 3.141592653589874, N =   1000000, time = 0.00102102 secs

pi = 3.141592653589874, N =   1000000, time = 0.00098693 secs

pi = 3.141592653589874, N =   1000000, time = 0.00098652 secs

pi = 3.141592653589875, N =   1000000, time = 0.00092490 secs

Reduction
pi = 3.141592653589874, N =   1000000, time = 0.00088735 secs

pi = 3.141592653589874, N =   1000000, time = 0.00086734 secs

pi = 3.141592653589875, N =   1000000, time = 0.00087726 secs

pi = 3.141592653589874, N =   1000000, time = 0.00097306 secs

pi = 3.141592653589874, N =   1000000, time = 0.00096951 secs

pi = 3.141592653589875, N =   1000000, time = 0.00096040 secs

pi = 3.141592653589873, N =   1000000, time = 0.00102795 secs

pi = 3.141592653589874, N =   1000000, time = 0.00092330 secs

pi = 3.141592653589875, N =   1000000, time = 0.00090557 secs

pi = 3.141592653589875, N =   1000000, time = 0.00093261 secs

Running with OMP_NUM_THREADS = 64
Serial
pi = 3.141592653589764, N =   1000000, time = 0.00189754 secs

pi = 3.141592653589764, N =   1000000, time = 0.00190594 secs

pi = 3.141592653589764, N =   1000000, time = 0.00188528 secs

pi = 3.141592653589764, N =   1000000, time = 0.00189279 secs

pi = 3.141592653589764, N =   1000000, time = 0.00190025 secs

pi = 3.141592653589764, N =   1000000, time = 0.00189361 secs

pi = 3.141592653589764, N =   1000000, time = 0.00190562 secs

pi = 3.141592653589764, N =   1000000, time = 0.00189081 secs

pi = 3.141592653589764, N =   1000000, time = 0.00190538 secs

pi = 3.141592653589764, N =   1000000, time = 0.00189816 secs

Critical
pi = 3.141592653589878, N =   1000000, time = 0.01800781 secs

pi = 3.141592653589878, N =   1000000, time = 0.00187765 secs

pi = 3.141592653589879, N =   1000000, time = 0.02022200 secs

pi = 3.141592653589878, N =   1000000, time = 0.00193814 secs

pi = 3.141592653589878, N =   1000000, time = 0.00173718 secs

pi = 3.141592653589877, N =   1000000, time = 0.00172839 secs

pi = 3.141592653589878, N =   1000000, time = 0.00192473 secs

pi = 3.141592653589878, N =   1000000, time = 0.00135687 secs

pi = 3.141592653589878, N =   1000000, time = 0.00117166 secs

pi = 3.141592653589877, N =   1000000, time = 0.00126878 secs

Reduction
pi = 3.141592653589878, N =   1000000, time = 0.02044757 secs

pi = 3.141592653589879, N =   1000000, time = 0.00112467 secs

pi = 3.141592653589878, N =   1000000, time = 0.00390508 secs

pi = 3.141592653589878, N =   1000000, time = 0.00125784 secs

pi = 3.141592653589878, N =   1000000, time = 0.00618074 secs

pi = 3.141592653589879, N =   1000000, time = 0.00655149 secs

pi = 3.141592653589877, N =   1000000, time = 0.00291694 secs

pi = 3.141592653589877, N =   1000000, time = 0.00120095 secs

pi = 3.141592653589878, N =   1000000, time = 0.01009514 secs

pi = 3.141592653589877, N =   1000000, time = 0.02353504 secs

Running with OMP_NUM_THREADS = 128
Serial
pi = 3.141592653589764, N =   1000000, time = 0.00189356 secs

pi = 3.141592653589764, N =   1000000, time = 0.00189825 secs

pi = 3.141592653589764, N =   1000000, time = 0.00188787 secs

pi = 3.141592653589764, N =   1000000, time = 0.00190426 secs

pi = 3.141592653589764, N =   1000000, time = 0.00189800 secs

pi = 3.141592653589764, N =   1000000, time = 0.00190786 secs

pi = 3.141592653589764, N =   1000000, time = 0.00190068 secs

pi = 3.141592653589764, N =   1000000, time = 0.00189945 secs

pi = 3.141592653589764, N =   1000000, time = 0.00189261 secs

pi = 3.141592653589764, N =   1000000, time = 0.00191077 secs

Critical
pi = 3.141592653589876, N =   1000000, time = 0.02275528 secs

pi = 3.141592653589874, N =   1000000, time = 0.01462591 secs

pi = 3.141592653589875, N =   1000000, time = 0.01535936 secs

pi = 3.141592653589875, N =   1000000, time = 0.02076850 secs

pi = 3.141592653589875, N =   1000000, time = 0.02235959 secs

pi = 3.141592653589877, N =   1000000, time = 0.01670329 secs

pi = 3.141592653589876, N =   1000000, time = 0.01954851 secs

pi = 3.141592653589875, N =   1000000, time = 0.02990991 secs

pi = 3.141592653589875, N =   1000000, time = 0.01724223 secs

pi = 3.141592653589876, N =   1000000, time = 0.01621336 secs

Reduction
pi = 3.141592653589875, N =   1000000, time = 0.01534175 secs

pi = 3.141592653589874, N =   1000000, time = 0.02624551 secs

pi = 3.141592653589875, N =   1000000, time = 0.01572507 secs

pi = 3.141592653589876, N =   1000000, time = 0.01835718 secs

pi = 3.141592653589875, N =   1000000, time = 0.01437863 secs

pi = 3.141592653589877, N =   1000000, time = 0.01637125 secs

pi = 3.141592653589875, N =   1000000, time = 0.02023838 secs

pi = 3.141592653589874, N =   1000000, time = 0.02352986 secs

pi = 3.141592653589876, N =   1000000, time = 0.01590169 secs

pi = 3.141592653589873, N =   1000000, time = 0.01959645 secs

Weak Scaling
Running with OMP_NUM_THREADS = 1
Serial
pi = 3.141592653589764, N =   1000000, time = 0.00303999 secs

pi = 3.141592653589764, N =   1000000, time = 0.00252940 secs

pi = 3.141592653589764, N =   1000000, time = 0.00190548 secs

pi = 3.141592653589764, N =   1000000, time = 0.00189437 secs

pi = 3.141592653589764, N =   1000000, time = 0.00190067 secs

pi = 3.141592653589764, N =   1000000, time = 0.00190341 secs

pi = 3.141592653589764, N =   1000000, time = 0.00190463 secs

pi = 3.141592653589764, N =   1000000, time = 0.00189483 secs

pi = 3.141592653589764, N =   1000000, time = 0.00218168 secs

pi = 3.141592653589764, N =   1000000, time = 0.00189489 secs

Critical
pi = 3.141592653589764, N =   1000000, time = 0.00190697 secs

pi = 3.141592653589764, N =   1000000, time = 0.00189613 secs

pi = 3.141592653589764, N =   1000000, time = 0.00228206 secs

pi = 3.141592653589764, N =   1000000, time = 0.00228748 secs

pi = 3.141592653589764, N =   1000000, time = 0.00192767 secs

pi = 3.141592653589764, N =   1000000, time = 0.00190080 secs

pi = 3.141592653589764, N =   1000000, time = 0.00190392 secs

pi = 3.141592653589764, N =   1000000, time = 0.00223909 secs

pi = 3.141592653589764, N =   1000000, time = 0.00190965 secs

pi = 3.141592653589764, N =   1000000, time = 0.00190654 secs

Reduction
pi = 3.141592653589764, N =   1000000, time = 0.00226075 secs

pi = 3.141592653589764, N =   1000000, time = 0.00227482 secs

pi = 3.141592653589764, N =   1000000, time = 0.00228259 secs

pi = 3.141592653589764, N =   1000000, time = 0.00190872 secs

pi = 3.141592653589764, N =   1000000, time = 0.00189927 secs

pi = 3.141592653589764, N =   1000000, time = 0.00191272 secs

pi = 3.141592653589764, N =   1000000, time = 0.00190304 secs

pi = 3.141592653589764, N =   1000000, time = 0.00189934 secs

pi = 3.141592653589764, N =   1000000, time = 0.00189859 secs

pi = 3.141592653589764, N =   1000000, time = 0.00190172 secs

Running with OMP_NUM_THREADS = 2
Serial
pi = 3.141592653589994, N =   2000000, time = 0.00380157 secs

pi = 3.141592653589994, N =   2000000, time = 0.00379635 secs

pi = 3.141592653589994, N =   2000000, time = 0.00377738 secs

pi = 3.141592653589994, N =   2000000, time = 0.00378250 secs

pi = 3.141592653589994, N =   2000000, time = 0.00377992 secs

pi = 3.141592653589994, N =   2000000, time = 0.00380400 secs

pi = 3.141592653589994, N =   2000000, time = 0.00379376 secs

pi = 3.141592653589994, N =   2000000, time = 0.00378974 secs

pi = 3.141592653589994, N =   2000000, time = 0.00379355 secs

pi = 3.141592653589994, N =   2000000, time = 0.00378873 secs

Critical
pi = 3.141592653589796, N =   2000000, time = 0.00313947 secs

pi = 3.141592653589796, N =   2000000, time = 0.00237961 secs

pi = 3.141592653589796, N =   2000000, time = 0.00237925 secs

pi = 3.141592653589796, N =   2000000, time = 0.00237073 secs

pi = 3.141592653589796, N =   2000000, time = 0.00237627 secs

pi = 3.141592653589796, N =   2000000, time = 0.00236695 secs

pi = 3.141592653589796, N =   2000000, time = 0.00237667 secs

pi = 3.141592653589796, N =   2000000, time = 0.00238841 secs

pi = 3.141592653589796, N =   2000000, time = 0.00236810 secs

pi = 3.141592653589796, N =   2000000, time = 0.00237342 secs

Reduction
pi = 3.141592653589796, N =   2000000, time = 0.00237868 secs

pi = 3.141592653589796, N =   2000000, time = 0.00238178 secs

pi = 3.141592653589796, N =   2000000, time = 0.00239565 secs

pi = 3.141592653589796, N =   2000000, time = 0.00238833 secs

pi = 3.141592653589796, N =   2000000, time = 0.00236532 secs

pi = 3.141592653589796, N =   2000000, time = 0.00238112 secs

pi = 3.141592653589796, N =   2000000, time = 0.00236854 secs

pi = 3.141592653589796, N =   2000000, time = 0.00236892 secs

pi = 3.141592653589796, N =   2000000, time = 0.00238376 secs

pi = 3.141592653589796, N =   2000000, time = 0.00237695 secs

Running with OMP_NUM_THREADS = 4
Serial
pi = 3.141592653589683, N =   4000000, time = 0.00758176 secs

pi = 3.141592653589683, N =   4000000, time = 0.00757398 secs

pi = 3.141592653589683, N =   4000000, time = 0.00757837 secs

pi = 3.141592653589683, N =   4000000, time = 0.01167814 secs

pi = 3.141592653589683, N =   4000000, time = 0.00760082 secs

pi = 3.141592653589683, N =   4000000, time = 0.00757608 secs

pi = 3.141592653589683, N =   4000000, time = 0.00757379 secs

pi = 3.141592653589683, N =   4000000, time = 0.00756725 secs

pi = 3.141592653589683, N =   4000000, time = 0.00756464 secs

pi = 3.141592653589683, N =   4000000, time = 0.00756409 secs

Critical
pi = 3.141592653589802, N =   4000000, time = 0.00324452 secs

pi = 3.141592653589802, N =   4000000, time = 0.00322973 secs

pi = 3.141592653589802, N =   4000000, time = 0.00263772 secs

pi = 3.141592653589802, N =   4000000, time = 0.00245546 secs

pi = 3.141592653589802, N =   4000000, time = 0.00282991 secs

pi = 3.141592653589802, N =   4000000, time = 0.00270397 secs

pi = 3.141592653589802, N =   4000000, time = 0.00258121 secs

pi = 3.141592653589802, N =   4000000, time = 0.00244555 secs

pi = 3.141592653589802, N =   4000000, time = 0.00248497 secs

pi = 3.141592653589802, N =   4000000, time = 0.00321820 secs

Reduction
pi = 3.141592653589802, N =   4000000, time = 0.00318977 secs

pi = 3.141592653589802, N =   4000000, time = 0.00252330 secs

pi = 3.141592653589802, N =   4000000, time = 0.00318276 secs

pi = 3.141592653589802, N =   4000000, time = 0.00318334 secs

pi = 3.141592653589802, N =   4000000, time = 0.00243162 secs

pi = 3.141592653589802, N =   4000000, time = 0.00242163 secs

pi = 3.141592653589802, N =   4000000, time = 0.00243668 secs

pi = 3.141592653589802, N =   4000000, time = 0.00269764 secs

pi = 3.141592653589802, N =   4000000, time = 0.00243088 secs

pi = 3.141592653589802, N =   4000000, time = 0.00242790 secs

Running with OMP_NUM_THREADS = 8
Serial
pi = 3.141592653590072, N =   8000000, time = 0.01519768 secs

pi = 3.141592653590072, N =   8000000, time = 0.01513594 secs

pi = 3.141592653590072, N =   8000000, time = 0.01513309 secs

pi = 3.141592653590072, N =   8000000, time = 0.01666454 secs

pi = 3.141592653590072, N =   8000000, time = 0.02034184 secs

pi = 3.141592653590072, N =   8000000, time = 0.01565766 secs

pi = 3.141592653590072, N =   8000000, time = 0.01971192 secs

pi = 3.141592653590072, N =   8000000, time = 0.02206836 secs

pi = 3.141592653590072, N =   8000000, time = 0.01923078 secs

pi = 3.141592653590072, N =   8000000, time = 0.01515177 secs

Critical
pi = 3.141592653589758, N =   8000000, time = 0.00339806 secs

pi = 3.141592653589758, N =   8000000, time = 0.00341708 secs

pi = 3.141592653589758, N =   8000000, time = 0.00348571 secs

pi = 3.141592653589759, N =   8000000, time = 0.00286352 secs

pi = 3.141592653589758, N =   8000000, time = 0.00349213 secs

pi = 3.141592653589758, N =   8000000, time = 0.00336520 secs

pi = 3.141592653589758, N =   8000000, time = 0.00336426 secs

pi = 3.141592653589759, N =   8000000, time = 0.00279211 secs

pi = 3.141592653589759, N =   8000000, time = 0.00328445 secs

pi = 3.141592653589759, N =   8000000, time = 0.00279785 secs

Reduction
pi = 3.141592653589758, N =   8000000, time = 0.00330435 secs

pi = 3.141592653589758, N =   8000000, time = 0.00335349 secs

pi = 3.141592653589759, N =   8000000, time = 0.00279394 secs

pi = 3.141592653589758, N =   8000000, time = 0.00342991 secs

pi = 3.141592653589758, N =   8000000, time = 0.00341869 secs

pi = 3.141592653589758, N =   8000000, time = 0.00338808 secs

pi = 3.141592653589758, N =   8000000, time = 0.00345795 secs

pi = 3.141592653589759, N =   8000000, time = 0.00338520 secs

pi = 3.141592653589759, N =   8000000, time = 0.00340697 secs

pi = 3.141592653589759, N =   8000000, time = 0.00288802 secs

Running with OMP_NUM_THREADS = 16
Serial
pi = 3.141592653590104, N =  16000000, time = 0.03389928 secs

pi = 3.141592653590104, N =  16000000, time = 0.03033459 secs

pi = 3.141592653590104, N =  16000000, time = 0.03032113 secs

pi = 3.141592653590104, N =  16000000, time = 0.03023675 secs

pi = 3.141592653590104, N =  16000000, time = 0.03082300 secs

pi = 3.141592653590104, N =  16000000, time = 0.03218535 secs

pi = 3.141592653590104, N =  16000000, time = 0.03031292 secs

pi = 3.141592653590104, N =  16000000, time = 0.03024157 secs

pi = 3.141592653590104, N =  16000000, time = 0.03771822 secs

pi = 3.141592653590104, N =  16000000, time = 0.03615805 secs

Critical
pi = 3.141592653589782, N =  16000000, time = 0.00407472 secs

pi = 3.141592653589782, N =  16000000, time = 0.00411120 secs

pi = 3.141592653589782, N =  16000000, time = 0.00358114 secs

pi = 3.141592653589782, N =  16000000, time = 0.00348536 secs

pi = 3.141592653589782, N =  16000000, time = 0.00333002 secs

pi = 3.141592653589782, N =  16000000, time = 0.00326990 secs

pi = 3.141592653589782, N =  16000000, time = 0.00330286 secs

pi = 3.141592653589782, N =  16000000, time = 0.00328748 secs

pi = 3.141592653589782, N =  16000000, time = 0.00349008 secs

pi = 3.141592653589782, N =  16000000, time = 0.00342193 secs

Reduction
pi = 3.141592653589782, N =  16000000, time = 0.00278256 secs

pi = 3.141592653589782, N =  16000000, time = 0.00329692 secs

pi = 3.141592653589782, N =  16000000, time = 0.00277168 secs

pi = 3.141592653589782, N =  16000000, time = 0.00329951 secs

pi = 3.141592653589782, N =  16000000, time = 0.00338736 secs

pi = 3.141592653589782, N =  16000000, time = 0.00332091 secs

pi = 3.141592653589782, N =  16000000, time = 0.00350370 secs

pi = 3.141592653589782, N =  16000000, time = 0.00354544 secs

pi = 3.141592653589782, N =  16000000, time = 0.00327153 secs

pi = 3.141592653589782, N =  16000000, time = 0.00354174 secs

Running with OMP_NUM_THREADS = 32
Serial
pi = 3.141592653589722, N =  32000000, time = 0.06387699 secs

pi = 3.141592653589722, N =  32000000, time = 0.08914842 secs

pi = 3.141592653589722, N =  32000000, time = 0.06575154 secs

pi = 3.141592653589722, N =  32000000, time = 0.07862764 secs

pi = 3.141592653589722, N =  32000000, time = 0.06052745 secs

pi = 3.141592653589722, N =  32000000, time = 0.07084103 secs

pi = 3.141592653589722, N =  32000000, time = 0.06411439 secs

pi = 3.141592653589722, N =  32000000, time = 0.06044097 secs

pi = 3.141592653589722, N =  32000000, time = 0.06361466 secs

pi = 3.141592653589722, N =  32000000, time = 0.06803145 secs

Critical
pi = 3.141592653589795, N =  32000000, time = 0.02228504 secs

pi = 3.141592653589796, N =  32000000, time = 0.00409974 secs

pi = 3.141592653589795, N =  32000000, time = 0.00400834 secs

pi = 3.141592653589795, N =  32000000, time = 0.00394365 secs

pi = 3.141592653589796, N =  32000000, time = 0.00387273 secs

pi = 3.141592653589796, N =  32000000, time = 0.00370664 secs

pi = 3.141592653589795, N =  32000000, time = 0.00390902 secs

pi = 3.141592653589795, N =  32000000, time = 0.00385310 secs

pi = 3.141592653589795, N =  32000000, time = 0.00386496 secs

pi = 3.141592653589795, N =  32000000, time = 0.00375702 secs

Reduction
pi = 3.141592653589795, N =  32000000, time = 0.00371851 secs

pi = 3.141592653589795, N =  32000000, time = 0.00414680 secs

pi = 3.141592653589795, N =  32000000, time = 0.00395632 secs

pi = 3.141592653589795, N =  32000000, time = 0.00393454 secs

pi = 3.141592653589795, N =  32000000, time = 0.01124930 secs

pi = 3.141592653589795, N =  32000000, time = 0.00389840 secs

pi = 3.141592653589796, N =  32000000, time = 0.00394926 secs

pi = 3.141592653589796, N =  32000000, time = 0.00388383 secs

pi = 3.141592653589795, N =  32000000, time = 0.00387425 secs

pi = 3.141592653589795, N =  32000000, time = 0.00367238 secs

Running with OMP_NUM_THREADS = 64
Serial
pi = 3.141592653589328, N =  64000000, time = 0.14214109 secs

pi = 3.141592653589328, N =  64000000, time = 0.13539986 secs

pi = 3.141592653589328, N =  64000000, time = 0.16273690 secs

pi = 3.141592653589328, N =  64000000, time = 0.14450722 secs

pi = 3.141592653589328, N =  64000000, time = 0.13519388 secs

pi = 3.141592653589328, N =  64000000, time = 0.13502499 secs

pi = 3.141592653589328, N =  64000000, time = 0.13344074 secs

pi = 3.141592653589328, N =  64000000, time = 0.16072861 secs

pi = 3.141592653589328, N =  64000000, time = 0.13863798 secs

pi = 3.141592653589328, N =  64000000, time = 0.17783652 secs

Critical
pi = 3.141592653589782, N =  64000000, time = 0.02835522 secs

pi = 3.141592653589783, N =  64000000, time = 0.01418043 secs

pi = 3.141592653589783, N =  64000000, time = 0.02248582 secs

pi = 3.141592653589782, N =  64000000, time = 0.00497588 secs

pi = 3.141592653589782, N =  64000000, time = 0.00489485 secs

pi = 3.141592653589783, N =  64000000, time = 0.00503569 secs

pi = 3.141592653589783, N =  64000000, time = 0.00490594 secs

pi = 3.141592653589782, N =  64000000, time = 0.00478504 secs

pi = 3.141592653589782, N =  64000000, time = 0.00662076 secs

pi = 3.141592653589782, N =  64000000, time = 0.00485163 secs

Reduction
pi = 3.141592653589782, N =  64000000, time = 0.01904275 secs

pi = 3.141592653589782, N =  64000000, time = 0.00710541 secs

pi = 3.141592653589782, N =  64000000, time = 0.00486155 secs

pi = 3.141592653589782, N =  64000000, time = 0.00505123 secs

pi = 3.141592653589782, N =  64000000, time = 0.00499957 secs

pi = 3.141592653589782, N =  64000000, time = 0.00487327 secs

pi = 3.141592653589783, N =  64000000, time = 0.00484258 secs

pi = 3.141592653589782, N =  64000000, time = 0.00494412 secs

pi = 3.141592653589782, N =  64000000, time = 0.00482445 secs

pi = 3.141592653589783, N =  64000000, time = 0.00492345 secs

Running with OMP_NUM_THREADS = 128
Serial
pi = 3.141592653590342, N = 128000000, time = 0.33686437 secs

pi = 3.141592653590342, N = 128000000, time = 0.33688880 secs

pi = 3.141592653590342, N = 128000000, time = 0.33583123 secs

pi = 3.141592653590342, N = 128000000, time = 0.33262644 secs

pi = 3.141592653590342, N = 128000000, time = 0.32432709 secs

pi = 3.141592653590342, N = 128000000, time = 0.33527471 secs

pi = 3.141592653590342, N = 128000000, time = 0.33676587 secs

pi = 3.141592653590342, N = 128000000, time = 0.32941884 secs

pi = 3.141592653590342, N = 128000000, time = 0.33360383 secs

pi = 3.141592653590342, N = 128000000, time = 0.32456710 secs

Critical
pi = 3.141592653589790, N = 128000000, time = 0.03112079 secs

pi = 3.141592653589791, N = 128000000, time = 0.02053941 secs

pi = 3.141592653589791, N = 128000000, time = 0.04335158 secs

pi = 3.141592653589792, N = 128000000, time = 0.02511630 secs

pi = 3.141592653589791, N = 128000000, time = 0.02539254 secs

pi = 3.141592653589789, N = 128000000, time = 0.02977896 secs

pi = 3.141592653589791, N = 128000000, time = 0.02202401 secs

pi = 3.141592653589791, N = 128000000, time = 0.02519085 secs

pi = 3.141592653589793, N = 128000000, time = 0.02606434 secs

pi = 3.141592653589791, N = 128000000, time = 0.02622029 secs

Reduction
pi = 3.141592653589791, N = 128000000, time = 0.02573095 secs

pi = 3.141592653589791, N = 128000000, time = 0.02520476 secs

pi = 3.141592653589791, N = 128000000, time = 0.02657935 secs

pi = 3.141592653589790, N = 128000000, time = 0.02540153 secs

pi = 3.141592653589791, N = 128000000, time = 0.02516498 secs

pi = 3.141592653589792, N = 128000000, time = 0.02543307 secs

pi = 3.141592653589794, N = 128000000, time = 0.02886864 secs

pi = 3.141592653589791, N = 128000000, time = 0.02301162 secs

pi = 3.141592653589791, N = 128000000, time = 0.02795801 secs

pi = 3.141592653589792, N = 128000000, time = 0.03660333 secs

