rm -f *.o pi_serial pi_omp_critical pi_omp_reduction *.data
/cluster/apps/gcc-4.8.5/gcc-11.4.0-xxnwhndqaqpuzs4l4ty4yj5tg2cexcg4/bin/gcc -c -O2 -fopenmp pi_serial.c
/cluster/apps/gcc-4.8.5/gcc-11.4.0-xxnwhndqaqpuzs4l4ty4yj5tg2cexcg4/bin/gcc -c -O2 -fopenmp walltime.c
/cluster/apps/gcc-4.8.5/gcc-11.4.0-xxnwhndqaqpuzs4l4ty4yj5tg2cexcg4/bin/gcc -O2 -fopenmp pi_serial.o walltime.o -o pi_serial
/cluster/apps/gcc-4.8.5/gcc-11.4.0-xxnwhndqaqpuzs4l4ty4yj5tg2cexcg4/bin/gcc -c -O2 -fopenmp pi_omp_critical.c
/cluster/apps/gcc-4.8.5/gcc-11.4.0-xxnwhndqaqpuzs4l4ty4yj5tg2cexcg4/bin/gcc -O2 -fopenmp pi_omp_critical.o walltime.o -o pi_omp_critical
/cluster/apps/gcc-4.8.5/gcc-11.4.0-xxnwhndqaqpuzs4l4ty4yj5tg2cexcg4/bin/gcc -c -O2 -fopenmp pi_omp_reduction.c
/cluster/apps/gcc-4.8.5/gcc-11.4.0-xxnwhndqaqpuzs4l4ty4yj5tg2cexcg4/bin/gcc -O2 -fopenmp pi_omp_reduction.o walltime.o -o pi_omp_reduction
Running with OMP_NUM_THREADS=1
pi_serial
pi = 3.141592653589764, N =   1000000, time = 0.00303146 secs
pi_omp_critical
pi = 3.141592653589764, N =   1000000, time = 0.00253939 secs
pi_omp_reduction
pi = 3.141592653589764, N =   1000000, time = 0.00255058 secs
Running with OMP_NUM_THREADS=2
pi_serial
pi = 3.141592653589994, N =   2000000, time = 0.00508703 secs
pi_omp_critical
pi = 3.141592653589796, N =   2000000, time = 0.00319550 secs
pi_omp_reduction
pi = 6.283185307179988, N =   2000000, time = 0.00619585 secs
Running with OMP_NUM_THREADS=4
pi_serial
pi = 3.141592653589683, N =   4000000, time = 0.01013145 secs
pi_omp_critical
pi = 3.141592653589802, N =   4000000, time = 0.00325676 secs
pi_omp_reduction
pi = 12.566370614358732, N =   4000000, time = 0.01203823 secs
Running with OMP_NUM_THREADS=8
pi_serial
pi = 3.141592653590072, N =   8000000, time = 0.02021463 secs
pi_omp_critical
pi = 3.141592653589758, N =   8000000, time = 0.00350004 secs
pi_omp_reduction
pi = 25.132741228720580, N =   8000000, time = 0.02259085 secs
Running with OMP_NUM_THREADS=16
pi_serial
pi = 3.141592653590104, N =  16000000, time = 0.04176199 secs
pi_omp_critical
pi = 3.141592653589782, N =  16000000, time = 0.00443386 secs
pi_omp_reduction
pi = 50.265482457441671, N =  16000000, time = 0.04324818 secs
Running with OMP_NUM_THREADS=32
pi_serial
pi = 3.141592653589722, N =  32000000, time = 0.08243181 secs
pi_omp_critical
pi = 3.141592653589795, N =  32000000, time = 0.00439491 secs
pi_omp_reduction
pi = 100.530964914871163, N =  32000000, time = 0.08460326 secs
Running with OMP_NUM_THREADS=64
pi_serial
pi = 3.141592653589328, N =  64000000, time = 0.16487295 secs
pi_omp_critical
pi = 3.141592653589781, N =  64000000, time = 0.02587949 secs
pi_omp_reduction
pi = 201.061929829717116, N =  64000000, time = 0.19642709 secs
Running with OMP_NUM_THREADS=128
pi_serial
pi = 3.141592653590342, N = 128000000, time = 0.31293164 secs
pi_omp_critical
pi = 3.141592653589792, N = 128000000, time = 0.04189294 secs
pi_omp_reduction
pi = 402.123859659563209, N = 128000000, time = 0.50825387 secs
