rm -f walltime.o stats.o data.o operators.o linalg.o main.o walltime_no_omp.o stats_no_omp.o data_no_omp.o operators_no_omp.o linalg_no_omp.o main_no_omp.o main main_seq *.bin *.bov
g++ -O3 -fopenmp -c walltime.cpp -o walltime.o
g++ -O3 -fopenmp -c stats.cpp -o stats.o
g++ -O3 -fopenmp -c data.cpp -o data.o
g++ -O3 -fopenmp -c operators.cpp -o operators.o
g++ -O3 -fopenmp -c linalg.cpp -o linalg.o
g++ -O3 -fopenmp -c main.cpp -o main.o
g++ -O3 -fopenmp walltime.o stats.o data.o operators.o linalg.o main.o -o main
g++ -O3 -c walltime.cpp -o walltime_no_omp.o
g++ -O3 -c stats.cpp -o stats_no_omp.o
g++ -O3 -c data.cpp -o data_no_omp.o
g++ -O3 -c operators.cpp -o operators_no_omp.o
g++ -O3 -c linalg.cpp -o linalg_no_omp.o
g++ -O3 -c main.cpp -o main_no_omp.o
g++ -O3 walltime_no_omp.o stats_no_omp.o data_no_omp.o operators_no_omp.o linalg_no_omp.o main_no_omp.o -o main_seq
================================================================================
                      Welcome to mini-stencil!
version   :: C++ openMP 
threads   :: 1
mesh      :: 64 * 64 dx = 0.015873
time      :: 100 time steps from 0 .. 0.005
iteration :: CG 300, Newton 50, tolerance 1e-06
================================================================================
--------------------------------------------------------------------------------
simulation took 0.0862885 seconds
1007 conjugate gradient iterations, at rate of 11670.1 iters/second
301 newton iterations
--------------------------------------------------------------------------------
### 1, 64, 100, 1007, 301, 0.0862885 ###
Goodbye!
Warmup run
OMP_NUM_THREADS = 1
size: 64
================================================================================
                      Welcome to mini-stencil!
version   :: C++ openMP 
threads   :: 1
mesh      :: 64 * 64 dx = 0.015873
time      :: 100 time steps from 0 .. 0.005
iteration :: CG 300, Newton 50, tolerance 1e-06
================================================================================
--------------------------------------------------------------------------------
simulation took 0.0889472 seconds
1007 conjugate gradient iterations, at rate of 11321.3 iters/second
301 newton iterations
--------------------------------------------------------------------------------
### 1, 64, 100, 1007, 301, 0.0889472 ###
Goodbye!

================================================================================
                      Welcome to mini-stencil!
version   :: C++ openMP 
threads   :: 1
mesh      :: 64 * 64 dx = 0.015873
time      :: 100 time steps from 0 .. 0.005
iteration :: CG 300, Newton 50, tolerance 1e-06
================================================================================
--------------------------------------------------------------------------------
simulation took 0.0825941 seconds
1007 conjugate gradient iterations, at rate of 12192.1 iters/second
301 newton iterations
--------------------------------------------------------------------------------
### 1, 64, 100, 1007, 301, 0.0825941 ###
Goodbye!

================================================================================
                      Welcome to mini-stencil!
version   :: C++ openMP 
threads   :: 1
mesh      :: 64 * 64 dx = 0.015873
time      :: 100 time steps from 0 .. 0.005
iteration :: CG 300, Newton 50, tolerance 1e-06
================================================================================
--------------------------------------------------------------------------------
simulation took 0.0847224 seconds
1007 conjugate gradient iterations, at rate of 11885.9 iters/second
301 newton iterations
--------------------------------------------------------------------------------
### 1, 64, 100, 1007, 301, 0.0847224 ###
Goodbye!

================================================================================
                      Welcome to mini-stencil!
version   :: C++ openMP 
threads   :: 1
mesh      :: 64 * 64 dx = 0.015873
time      :: 100 time steps from 0 .. 0.005
iteration :: CG 300, Newton 50, tolerance 1e-06
================================================================================
--------------------------------------------------------------------------------
simulation took 0.0872286 seconds
1007 conjugate gradient iterations, at rate of 11544.4 iters/second
301 newton iterations
--------------------------------------------------------------------------------
### 1, 64, 100, 1007, 301, 0.0872286 ###
Goodbye!

================================================================================
                      Welcome to mini-stencil!
version   :: C++ openMP 
threads   :: 1
mesh      :: 64 * 64 dx = 0.015873
time      :: 100 time steps from 0 .. 0.005
iteration :: CG 300, Newton 50, tolerance 1e-06
================================================================================
--------------------------------------------------------------------------------
simulation took 0.0871472 seconds
1007 conjugate gradient iterations, at rate of 11555.2 iters/second
301 newton iterations
--------------------------------------------------------------------------------
### 1, 64, 100, 1007, 301, 0.0871472 ###
Goodbye!

size: 128
================================================================================
                      Welcome to mini-stencil!
version   :: C++ openMP 
threads   :: 1
mesh      :: 128 * 128 dx = 0.00787402
time      :: 100 time steps from 0 .. 0.005
iteration :: CG 300, Newton 50, tolerance 1e-06
================================================================================
--------------------------------------------------------------------------------
simulation took 0.6414 seconds
1511 conjugate gradient iterations, at rate of 2355.79 iters/second
300 newton iterations
--------------------------------------------------------------------------------
### 1, 128, 100, 1511, 300, 0.6414 ###
Goodbye!

================================================================================
                      Welcome to mini-stencil!
version   :: C++ openMP 
threads   :: 1
mesh      :: 128 * 128 dx = 0.00787402
time      :: 100 time steps from 0 .. 0.005
iteration :: CG 300, Newton 50, tolerance 1e-06
================================================================================
--------------------------------------------------------------------------------
simulation took 0.607584 seconds
1511 conjugate gradient iterations, at rate of 2486.9 iters/second
300 newton iterations
--------------------------------------------------------------------------------
### 1, 128, 100, 1511, 300, 0.607584 ###
Goodbye!

================================================================================
                      Welcome to mini-stencil!
version   :: C++ openMP 
threads   :: 1
mesh      :: 128 * 128 dx = 0.00787402
time      :: 100 time steps from 0 .. 0.005
iteration :: CG 300, Newton 50, tolerance 1e-06
================================================================================
--------------------------------------------------------------------------------
simulation took 0.595554 seconds
1511 conjugate gradient iterations, at rate of 2537.14 iters/second
300 newton iterations
--------------------------------------------------------------------------------
### 1, 128, 100, 1511, 300, 0.595554 ###
Goodbye!

================================================================================
                      Welcome to mini-stencil!
version   :: C++ openMP 
threads   :: 1
mesh      :: 128 * 128 dx = 0.00787402
time      :: 100 time steps from 0 .. 0.005
iteration :: CG 300, Newton 50, tolerance 1e-06
================================================================================
--------------------------------------------------------------------------------
simulation took 0.646332 seconds
1511 conjugate gradient iterations, at rate of 2337.81 iters/second
300 newton iterations
--------------------------------------------------------------------------------
### 1, 128, 100, 1511, 300, 0.646332 ###
Goodbye!

================================================================================
                      Welcome to mini-stencil!
version   :: C++ openMP 
threads   :: 1
mesh      :: 128 * 128 dx = 0.00787402
time      :: 100 time steps from 0 .. 0.005
iteration :: CG 300, Newton 50, tolerance 1e-06
================================================================================
--------------------------------------------------------------------------------
simulation took 0.646975 seconds
1511 conjugate gradient iterations, at rate of 2335.48 iters/second
300 newton iterations
--------------------------------------------------------------------------------
### 1, 128, 100, 1511, 300, 0.646975 ###
Goodbye!

size: 256
================================================================================
                      Welcome to mini-stencil!
version   :: C++ openMP 
threads   :: 1
mesh      :: 256 * 256 dx = 0.00392157
time      :: 100 time steps from 0 .. 0.005
iteration :: CG 300, Newton 50, tolerance 1e-06
================================================================================
--------------------------------------------------------------------------------
simulation took 5.96852 seconds
2782 conjugate gradient iterations, at rate of 466.112 iters/second
300 newton iterations
--------------------------------------------------------------------------------
### 1, 256, 100, 2782, 300, 5.96852 ###
Goodbye!

================================================================================
                      Welcome to mini-stencil!
version   :: C++ openMP 
threads   :: 1
mesh      :: 256 * 256 dx = 0.00392157
time      :: 100 time steps from 0 .. 0.005
iteration :: CG 300, Newton 50, tolerance 1e-06
================================================================================
--------------------------------------------------------------------------------
simulation took 5.82537 seconds
2782 conjugate gradient iterations, at rate of 477.566 iters/second
300 newton iterations
--------------------------------------------------------------------------------
### 1, 256, 100, 2782, 300, 5.82537 ###
Goodbye!

================================================================================
                      Welcome to mini-stencil!
version   :: C++ openMP 
threads   :: 1
mesh      :: 256 * 256 dx = 0.00392157
time      :: 100 time steps from 0 .. 0.005
iteration :: CG 300, Newton 50, tolerance 1e-06
================================================================================
--------------------------------------------------------------------------------
simulation took 5.79356 seconds
2782 conjugate gradient iterations, at rate of 480.188 iters/second
300 newton iterations
--------------------------------------------------------------------------------
### 1, 256, 100, 2782, 300, 5.79356 ###
Goodbye!

================================================================================
                      Welcome to mini-stencil!
version   :: C++ openMP 
threads   :: 1
mesh      :: 256 * 256 dx = 0.00392157
time      :: 100 time steps from 0 .. 0.005
iteration :: CG 300, Newton 50, tolerance 1e-06
================================================================================
--------------------------------------------------------------------------------
simulation took 5.67549 seconds
2782 conjugate gradient iterations, at rate of 490.178 iters/second
300 newton iterations
--------------------------------------------------------------------------------
### 1, 256, 100, 2782, 300, 5.67549 ###
Goodbye!

================================================================================
                      Welcome to mini-stencil!
version   :: C++ openMP 
threads   :: 1
mesh      :: 256 * 256 dx = 0.00392157
time      :: 100 time steps from 0 .. 0.005
iteration :: CG 300, Newton 50, tolerance 1e-06
================================================================================
--------------------------------------------------------------------------------
simulation took 5.88661 seconds
2782 conjugate gradient iterations, at rate of 472.598 iters/second
300 newton iterations
--------------------------------------------------------------------------------
### 1, 256, 100, 2782, 300, 5.88661 ###
Goodbye!

size: 512
================================================================================
                      Welcome to mini-stencil!
version   :: C++ openMP 
threads   :: 1
mesh      :: 512 * 512 dx = 0.00195695
time      :: 100 time steps from 0 .. 0.005
iteration :: CG 300, Newton 50, tolerance 1e-06
================================================================================
--------------------------------------------------------------------------------
simulation took 86.4778 seconds
5363 conjugate gradient iterations, at rate of 62.0159 iters/second
300 newton iterations
--------------------------------------------------------------------------------
### 1, 512, 100, 5363, 300, 86.4778 ###
Goodbye!

================================================================================
                      Welcome to mini-stencil!
version   :: C++ openMP 
threads   :: 1
mesh      :: 512 * 512 dx = 0.00195695
time      :: 100 time steps from 0 .. 0.005
iteration :: CG 300, Newton 50, tolerance 1e-06
================================================================================
--------------------------------------------------------------------------------
simulation took 85.293 seconds
5363 conjugate gradient iterations, at rate of 62.8774 iters/second
300 newton iterations
--------------------------------------------------------------------------------
### 1, 512, 100, 5363, 300, 85.293 ###
Goodbye!

================================================================================
                      Welcome to mini-stencil!
version   :: C++ openMP 
threads   :: 1
mesh      :: 512 * 512 dx = 0.00195695
time      :: 100 time steps from 0 .. 0.005
iteration :: CG 300, Newton 50, tolerance 1e-06
================================================================================
--------------------------------------------------------------------------------
simulation took 85.396 seconds
5363 conjugate gradient iterations, at rate of 62.8015 iters/second
300 newton iterations
--------------------------------------------------------------------------------
### 1, 512, 100, 5363, 300, 85.396 ###
Goodbye!

================================================================================
                      Welcome to mini-stencil!
version   :: C++ openMP 
threads   :: 1
mesh      :: 512 * 512 dx = 0.00195695
time      :: 100 time steps from 0 .. 0.005
iteration :: CG 300, Newton 50, tolerance 1e-06
================================================================================
--------------------------------------------------------------------------------
simulation took 85.2464 seconds
5363 conjugate gradient iterations, at rate of 62.9118 iters/second
300 newton iterations
--------------------------------------------------------------------------------
### 1, 512, 100, 5363, 300, 85.2464 ###
Goodbye!

================================================================================
                      Welcome to mini-stencil!
version   :: C++ openMP 
threads   :: 1
mesh      :: 512 * 512 dx = 0.00195695
time      :: 100 time steps from 0 .. 0.005
iteration :: CG 300, Newton 50, tolerance 1e-06
================================================================================
--------------------------------------------------------------------------------
simulation took 86.0095 seconds
5363 conjugate gradient iterations, at rate of 62.3536 iters/second
300 newton iterations
--------------------------------------------------------------------------------
### 1, 512, 100, 5363, 300, 86.0095 ###
Goodbye!

size: 1024
================================================================================
                      Welcome to mini-stencil!
version   :: C++ openMP 
threads   :: 1
mesh      :: 1024 * 1024 dx = 0.000977517
time      :: 100 time steps from 0 .. 0.005
iteration :: CG 300, Newton 50, tolerance 1e-06
================================================================================
--------------------------------------------------------------------------------
simulation took 682.055 seconds
10477 conjugate gradient iterations, at rate of 15.3609 iters/second
302 newton iterations
--------------------------------------------------------------------------------
### 1, 1024, 100, 10477, 302, 682.055 ###
Goodbye!

================================================================================
                      Welcome to mini-stencil!
version   :: C++ openMP 
threads   :: 1
mesh      :: 1024 * 1024 dx = 0.000977517
time      :: 100 time steps from 0 .. 0.005
iteration :: CG 300, Newton 50, tolerance 1e-06
================================================================================
--------------------------------------------------------------------------------
simulation took 510.601 seconds
10477 conjugate gradient iterations, at rate of 20.5189 iters/second
302 newton iterations
--------------------------------------------------------------------------------
### 1, 1024, 100, 10477, 302, 510.601 ###
Goodbye!

================================================================================
                      Welcome to mini-stencil!
version   :: C++ openMP 
threads   :: 1
mesh      :: 1024 * 1024 dx = 0.000977517
time      :: 100 time steps from 0 .. 0.005
iteration :: CG 300, Newton 50, tolerance 1e-06
================================================================================
--------------------------------------------------------------------------------
simulation took 466.252 seconds
10477 conjugate gradient iterations, at rate of 22.4707 iters/second
302 newton iterations
--------------------------------------------------------------------------------
### 1, 1024, 100, 10477, 302, 466.252 ###
Goodbye!

================================================================================
                      Welcome to mini-stencil!
version   :: C++ openMP 
threads   :: 1
mesh      :: 1024 * 1024 dx = 0.000977517
time      :: 100 time steps from 0 .. 0.005
iteration :: CG 300, Newton 50, tolerance 1e-06
================================================================================
--------------------------------------------------------------------------------
simulation took 501.678 seconds
10477 conjugate gradient iterations, at rate of 20.8839 iters/second
302 newton iterations
--------------------------------------------------------------------------------
### 1, 1024, 100, 10477, 302, 501.678 ###
Goodbye!

================================================================================
                      Welcome to mini-stencil!
version   :: C++ openMP 
threads   :: 1
mesh      :: 1024 * 1024 dx = 0.000977517
time      :: 100 time steps from 0 .. 0.005
iteration :: CG 300, Newton 50, tolerance 1e-06
================================================================================
--------------------------------------------------------------------------------
simulation took 521.574 seconds
10477 conjugate gradient iterations, at rate of 20.0873 iters/second
302 newton iterations
--------------------------------------------------------------------------------
### 1, 1024, 100, 10477, 302, 521.574 ###
Goodbye!

OMP_NUM_THREADS = 2
size: 64
================================================================================
                      Welcome to mini-stencil!
version   :: C++ openMP 
threads   :: 2
mesh      :: 64 * 64 dx = 0.015873
time      :: 100 time steps from 0 .. 0.005
iteration :: CG 300, Newton 50, tolerance 1e-06
================================================================================
--------------------------------------------------------------------------------
simulation took 0.187093 seconds
1007 conjugate gradient iterations, at rate of 5382.35 iters/second
301 newton iterations
--------------------------------------------------------------------------------
### 2, 64, 100, 1007, 301, 0.187093 ###
Goodbye!

================================================================================
                      Welcome to mini-stencil!
version   :: C++ openMP 
threads   :: 2
mesh      :: 64 * 64 dx = 0.015873
time      :: 100 time steps from 0 .. 0.005
iteration :: CG 300, Newton 50, tolerance 1e-06
================================================================================
--------------------------------------------------------------------------------
simulation took 0.297551 seconds
1007 conjugate gradient iterations, at rate of 3384.3 iters/second
301 newton iterations
--------------------------------------------------------------------------------
### 2, 64, 100, 1007, 301, 0.297551 ###
Goodbye!

================================================================================
                      Welcome to mini-stencil!
version   :: C++ openMP 
threads   :: 2
mesh      :: 64 * 64 dx = 0.015873
time      :: 100 time steps from 0 .. 0.005
iteration :: CG 300, Newton 50, tolerance 1e-06
================================================================================
--------------------------------------------------------------------------------
simulation took 0.11473 seconds
1007 conjugate gradient iterations, at rate of 8777.11 iters/second
301 newton iterations
--------------------------------------------------------------------------------
### 2, 64, 100, 1007, 301, 0.11473 ###
Goodbye!

================================================================================
                      Welcome to mini-stencil!
version   :: C++ openMP 
threads   :: 2
mesh      :: 64 * 64 dx = 0.015873
time      :: 100 time steps from 0 .. 0.005
iteration :: CG 300, Newton 50, tolerance 1e-06
================================================================================
--------------------------------------------------------------------------------
simulation took 0.11577 seconds
1007 conjugate gradient iterations, at rate of 8698.25 iters/second
301 newton iterations
--------------------------------------------------------------------------------
### 2, 64, 100, 1007, 301, 0.11577 ###
Goodbye!

================================================================================
                      Welcome to mini-stencil!
version   :: C++ openMP 
threads   :: 2
mesh      :: 64 * 64 dx = 0.015873
time      :: 100 time steps from 0 .. 0.005
iteration :: CG 300, Newton 50, tolerance 1e-06
================================================================================
--------------------------------------------------------------------------------
simulation took 0.165424 seconds
1007 conjugate gradient iterations, at rate of 6087.4 iters/second
301 newton iterations
--------------------------------------------------------------------------------
### 2, 64, 100, 1007, 301, 0.165424 ###
Goodbye!

size: 128
================================================================================
                      Welcome to mini-stencil!
version   :: C++ openMP 
threads   :: 2
mesh      :: 128 * 128 dx = 0.00787402
time      :: 100 time steps from 0 .. 0.005
iteration :: CG 300, Newton 50, tolerance 1e-06
================================================================================
--------------------------------------------------------------------------------
simulation took 1.71603 seconds
1512 conjugate gradient iterations, at rate of 881.101 iters/second
300 newton iterations
--------------------------------------------------------------------------------
### 2, 128, 100, 1512, 300, 1.71603 ###
Goodbye!

================================================================================
                      Welcome to mini-stencil!
version   :: C++ openMP 
threads   :: 2
mesh      :: 128 * 128 dx = 0.00787402
time      :: 100 time steps from 0 .. 0.005
iteration :: CG 300, Newton 50, tolerance 1e-06
================================================================================
--------------------------------------------------------------------------------
simulation took 0.602688 seconds
1512 conjugate gradient iterations, at rate of 2508.76 iters/second
300 newton iterations
--------------------------------------------------------------------------------
### 2, 128, 100, 1512, 300, 0.602688 ###
Goodbye!

================================================================================
                      Welcome to mini-stencil!
version   :: C++ openMP 
threads   :: 2
mesh      :: 128 * 128 dx = 0.00787402
time      :: 100 time steps from 0 .. 0.005
iteration :: CG 300, Newton 50, tolerance 1e-06
================================================================================
--------------------------------------------------------------------------------
simulation took 0.805892 seconds
1512 conjugate gradient iterations, at rate of 1876.18 iters/second
300 newton iterations
--------------------------------------------------------------------------------
### 2, 128, 100, 1512, 300, 0.805892 ###
Goodbye!

================================================================================
                      Welcome to mini-stencil!
version   :: C++ openMP 
threads   :: 2
mesh      :: 128 * 128 dx = 0.00787402
time      :: 100 time steps from 0 .. 0.005
iteration :: CG 300, Newton 50, tolerance 1e-06
================================================================================
--------------------------------------------------------------------------------
simulation took 1.2014 seconds
1512 conjugate gradient iterations, at rate of 1258.53 iters/second
300 newton iterations
--------------------------------------------------------------------------------
### 2, 128, 100, 1512, 300, 1.2014 ###
Goodbye!

================================================================================
                      Welcome to mini-stencil!
version   :: C++ openMP 
threads   :: 2
mesh      :: 128 * 128 dx = 0.00787402
time      :: 100 time steps from 0 .. 0.005
iteration :: CG 300, Newton 50, tolerance 1e-06
================================================================================
--------------------------------------------------------------------------------
simulation took 1.54884 seconds
1512 conjugate gradient iterations, at rate of 976.214 iters/second
300 newton iterations
--------------------------------------------------------------------------------
### 2, 128, 100, 1512, 300, 1.54884 ###
Goodbye!

size: 256
================================================================================
                      Welcome to mini-stencil!
version   :: C++ openMP 
threads   :: 2
mesh      :: 256 * 256 dx = 0.00392157
time      :: 100 time steps from 0 .. 0.005
iteration :: CG 300, Newton 50, tolerance 1e-06
================================================================================
--------------------------------------------------------------------------------
simulation took 8.67947 seconds
2781 conjugate gradient iterations, at rate of 320.411 iters/second
300 newton iterations
--------------------------------------------------------------------------------
### 2, 256, 100, 2781, 300, 8.67947 ###
Goodbye!

================================================================================
                      Welcome to mini-stencil!
version   :: C++ openMP 
threads   :: 2
mesh      :: 256 * 256 dx = 0.00392157
time      :: 100 time steps from 0 .. 0.005
iteration :: CG 300, Newton 50, tolerance 1e-06
================================================================================
--------------------------------------------------------------------------------
simulation took 7.31201 seconds
2781 conjugate gradient iterations, at rate of 380.333 iters/second
300 newton iterations
--------------------------------------------------------------------------------
### 2, 256, 100, 2781, 300, 7.31201 ###
Goodbye!

================================================================================
                      Welcome to mini-stencil!
version   :: C++ openMP 
threads   :: 2
mesh      :: 256 * 256 dx = 0.00392157
time      :: 100 time steps from 0 .. 0.005
iteration :: CG 300, Newton 50, tolerance 1e-06
================================================================================
--------------------------------------------------------------------------------
simulation took 4.19701 seconds
2781 conjugate gradient iterations, at rate of 662.614 iters/second
300 newton iterations
--------------------------------------------------------------------------------
### 2, 256, 100, 2781, 300, 4.19701 ###
Goodbye!

================================================================================
                      Welcome to mini-stencil!
version   :: C++ openMP 
threads   :: 2
mesh      :: 256 * 256 dx = 0.00392157
time      :: 100 time steps from 0 .. 0.005
iteration :: CG 300, Newton 50, tolerance 1e-06
================================================================================
--------------------------------------------------------------------------------
simulation took 7.611 seconds
2781 conjugate gradient iterations, at rate of 365.392 iters/second
300 newton iterations
--------------------------------------------------------------------------------
### 2, 256, 100, 2781, 300, 7.611 ###
Goodbye!

================================================================================
                      Welcome to mini-stencil!
version   :: C++ openMP 
threads   :: 2
mesh      :: 256 * 256 dx = 0.00392157
time      :: 100 time steps from 0 .. 0.005
iteration :: CG 300, Newton 50, tolerance 1e-06
================================================================================
--------------------------------------------------------------------------------
simulation took 6.19727 seconds
2781 conjugate gradient iterations, at rate of 448.746 iters/second
300 newton iterations
--------------------------------------------------------------------------------
### 2, 256, 100, 2781, 300, 6.19727 ###
Goodbye!

size: 512
================================================================================
                      Welcome to mini-stencil!
version   :: C++ openMP 
threads   :: 2
mesh      :: 512 * 512 dx = 0.00195695
time      :: 100 time steps from 0 .. 0.005
iteration :: CG 300, Newton 50, tolerance 1e-06
================================================================================
--------------------------------------------------------------------------------
simulation took 63.4382 seconds
5364 conjugate gradient iterations, at rate of 84.5547 iters/second
300 newton iterations
--------------------------------------------------------------------------------
### 2, 512, 100, 5364, 300, 63.4382 ###
Goodbye!

================================================================================
                      Welcome to mini-stencil!
version   :: C++ openMP 
threads   :: 2
mesh      :: 512 * 512 dx = 0.00195695
time      :: 100 time steps from 0 .. 0.005
iteration :: CG 300, Newton 50, tolerance 1e-06
================================================================================
--------------------------------------------------------------------------------
simulation took 64.5176 seconds
5364 conjugate gradient iterations, at rate of 83.1401 iters/second
300 newton iterations
--------------------------------------------------------------------------------
### 2, 512, 100, 5364, 300, 64.5176 ###
Goodbye!

================================================================================
                      Welcome to mini-stencil!
version   :: C++ openMP 
threads   :: 2
mesh      :: 512 * 512 dx = 0.00195695
time      :: 100 time steps from 0 .. 0.005
iteration :: CG 300, Newton 50, tolerance 1e-06
================================================================================
--------------------------------------------------------------------------------
simulation took 63.2227 seconds
5364 conjugate gradient iterations, at rate of 84.8429 iters/second
300 newton iterations
--------------------------------------------------------------------------------
### 2, 512, 100, 5364, 300, 63.2227 ###
Goodbye!

================================================================================
                      Welcome to mini-stencil!
version   :: C++ openMP 
threads   :: 2
mesh      :: 512 * 512 dx = 0.00195695
time      :: 100 time steps from 0 .. 0.005
iteration :: CG 300, Newton 50, tolerance 1e-06
================================================================================
--------------------------------------------------------------------------------
simulation took 63.62 seconds
5364 conjugate gradient iterations, at rate of 84.3131 iters/second
300 newton iterations
--------------------------------------------------------------------------------
### 2, 512, 100, 5364, 300, 63.62 ###
Goodbye!

================================================================================
                      Welcome to mini-stencil!
version   :: C++ openMP 
threads   :: 2
mesh      :: 512 * 512 dx = 0.00195695
time      :: 100 time steps from 0 .. 0.005
iteration :: CG 300, Newton 50, tolerance 1e-06
================================================================================
--------------------------------------------------------------------------------
simulation took 65.0916 seconds
5364 conjugate gradient iterations, at rate of 82.4069 iters/second
300 newton iterations
--------------------------------------------------------------------------------
### 2, 512, 100, 5364, 300, 65.0916 ###
Goodbye!

size: 1024
================================================================================
                      Welcome to mini-stencil!
version   :: C++ openMP 
threads   :: 2
mesh      :: 1024 * 1024 dx = 0.000977517
time      :: 100 time steps from 0 .. 0.005
iteration :: CG 300, Newton 50, tolerance 1e-06
================================================================================
--------------------------------------------------------------------------------
simulation took 487.524 seconds
10487 conjugate gradient iterations, at rate of 21.5108 iters/second
303 newton iterations
--------------------------------------------------------------------------------
### 2, 1024, 100, 10487, 303, 487.524 ###
Goodbye!

================================================================================
                      Welcome to mini-stencil!
version   :: C++ openMP 
threads   :: 2
mesh      :: 1024 * 1024 dx = 0.000977517
time      :: 100 time steps from 0 .. 0.005
iteration :: CG 300, Newton 50, tolerance 1e-06
================================================================================
--------------------------------------------------------------------------------
simulation took 468.247 seconds
10487 conjugate gradient iterations, at rate of 22.3963 iters/second
303 newton iterations
--------------------------------------------------------------------------------
### 2, 1024, 100, 10487, 303, 468.247 ###
Goodbye!

================================================================================
                      Welcome to mini-stencil!
version   :: C++ openMP 
threads   :: 2
mesh      :: 1024 * 1024 dx = 0.000977517
time      :: 100 time steps from 0 .. 0.005
iteration :: CG 300, Newton 50, tolerance 1e-06
================================================================================
--------------------------------------------------------------------------------
simulation took 466.876 seconds
10487 conjugate gradient iterations, at rate of 22.4621 iters/second
303 newton iterations
--------------------------------------------------------------------------------
### 2, 1024, 100, 10487, 303, 466.876 ###
Goodbye!

================================================================================
                      Welcome to mini-stencil!
version   :: C++ openMP 
threads   :: 2
mesh      :: 1024 * 1024 dx = 0.000977517
time      :: 100 time steps from 0 .. 0.005
iteration :: CG 300, Newton 50, tolerance 1e-06
================================================================================
--------------------------------------------------------------------------------
simulation took 478.133 seconds
10487 conjugate gradient iterations, at rate of 21.9332 iters/second
303 newton iterations
--------------------------------------------------------------------------------
### 2, 1024, 100, 10487, 303, 478.133 ###
Goodbye!

================================================================================
                      Welcome to mini-stencil!
version   :: C++ openMP 
threads   :: 2
mesh      :: 1024 * 1024 dx = 0.000977517
time      :: 100 time steps from 0 .. 0.005
iteration :: CG 300, Newton 50, tolerance 1e-06
================================================================================
--------------------------------------------------------------------------------
simulation took 460.064 seconds
10487 conjugate gradient iterations, at rate of 22.7947 iters/second
303 newton iterations
--------------------------------------------------------------------------------
### 2, 1024, 100, 10487, 303, 460.064 ###
Goodbye!

OMP_NUM_THREADS = 4
size: 64
================================================================================
                      Welcome to mini-stencil!
version   :: C++ openMP 
threads   :: 4
mesh      :: 64 * 64 dx = 0.015873
time      :: 100 time steps from 0 .. 0.005
iteration :: CG 300, Newton 50, tolerance 1e-06
================================================================================
--------------------------------------------------------------------------------
simulation took 0.202482 seconds
1007 conjugate gradient iterations, at rate of 4973.28 iters/second
301 newton iterations
--------------------------------------------------------------------------------
### 4, 64, 100, 1007, 301, 0.202482 ###
Goodbye!

================================================================================
                      Welcome to mini-stencil!
version   :: C++ openMP 
threads   :: 4
mesh      :: 64 * 64 dx = 0.015873
time      :: 100 time steps from 0 .. 0.005
iteration :: CG 300, Newton 50, tolerance 1e-06
================================================================================
--------------------------------------------------------------------------------
simulation took 0.181526 seconds
1007 conjugate gradient iterations, at rate of 5547.42 iters/second
301 newton iterations
--------------------------------------------------------------------------------
### 4, 64, 100, 1007, 301, 0.181526 ###
Goodbye!

================================================================================
                      Welcome to mini-stencil!
version   :: C++ openMP 
threads   :: 4
mesh      :: 64 * 64 dx = 0.015873
time      :: 100 time steps from 0 .. 0.005
iteration :: CG 300, Newton 50, tolerance 1e-06
================================================================================
--------------------------------------------------------------------------------
simulation took 0.206283 seconds
1007 conjugate gradient iterations, at rate of 4881.65 iters/second
301 newton iterations
--------------------------------------------------------------------------------
### 4, 64, 100, 1007, 301, 0.206283 ###
Goodbye!

================================================================================
                      Welcome to mini-stencil!
version   :: C++ openMP 
threads   :: 4
mesh      :: 64 * 64 dx = 0.015873
time      :: 100 time steps from 0 .. 0.005
iteration :: CG 300, Newton 50, tolerance 1e-06
================================================================================
--------------------------------------------------------------------------------
simulation took 0.177229 seconds
1007 conjugate gradient iterations, at rate of 5681.93 iters/second
301 newton iterations
--------------------------------------------------------------------------------
### 4, 64, 100, 1007, 301, 0.177229 ###
Goodbye!

================================================================================
                      Welcome to mini-stencil!
version   :: C++ openMP 
threads   :: 4
mesh      :: 64 * 64 dx = 0.015873
time      :: 100 time steps from 0 .. 0.005
iteration :: CG 300, Newton 50, tolerance 1e-06
================================================================================
--------------------------------------------------------------------------------
simulation took 0.213721 seconds
1007 conjugate gradient iterations, at rate of 4711.75 iters/second
301 newton iterations
--------------------------------------------------------------------------------
### 4, 64, 100, 1007, 301, 0.213721 ###
Goodbye!

size: 128
================================================================================
                      Welcome to mini-stencil!
version   :: C++ openMP 
threads   :: 4
mesh      :: 128 * 128 dx = 0.00787402
time      :: 100 time steps from 0 .. 0.005
iteration :: CG 300, Newton 50, tolerance 1e-06
================================================================================
--------------------------------------------------------------------------------
simulation took 0.798116 seconds
1512 conjugate gradient iterations, at rate of 1894.46 iters/second
300 newton iterations
--------------------------------------------------------------------------------
### 4, 128, 100, 1512, 300, 0.798116 ###
Goodbye!

================================================================================
                      Welcome to mini-stencil!
version   :: C++ openMP 
threads   :: 4
mesh      :: 128 * 128 dx = 0.00787402
time      :: 100 time steps from 0 .. 0.005
iteration :: CG 300, Newton 50, tolerance 1e-06
================================================================================
--------------------------------------------------------------------------------
simulation took 0.817206 seconds
1514 conjugate gradient iterations, at rate of 1852.65 iters/second
300 newton iterations
--------------------------------------------------------------------------------
### 4, 128, 100, 1514, 300, 0.817206 ###
Goodbye!

================================================================================
                      Welcome to mini-stencil!
version   :: C++ openMP 
threads   :: 4
mesh      :: 128 * 128 dx = 0.00787402
time      :: 100 time steps from 0 .. 0.005
iteration :: CG 300, Newton 50, tolerance 1e-06
================================================================================
--------------------------------------------------------------------------------
simulation took 0.81286 seconds
1511 conjugate gradient iterations, at rate of 1858.87 iters/second
300 newton iterations
--------------------------------------------------------------------------------
### 4, 128, 100, 1511, 300, 0.81286 ###
Goodbye!

================================================================================
                      Welcome to mini-stencil!
version   :: C++ openMP 
threads   :: 4
mesh      :: 128 * 128 dx = 0.00787402
time      :: 100 time steps from 0 .. 0.005
iteration :: CG 300, Newton 50, tolerance 1e-06
================================================================================
--------------------------------------------------------------------------------
simulation took 0.701617 seconds
1512 conjugate gradient iterations, at rate of 2155.02 iters/second
300 newton iterations
--------------------------------------------------------------------------------
### 4, 128, 100, 1512, 300, 0.701617 ###
Goodbye!

================================================================================
                      Welcome to mini-stencil!
version   :: C++ openMP 
threads   :: 4
mesh      :: 128 * 128 dx = 0.00787402
time      :: 100 time steps from 0 .. 0.005
iteration :: CG 300, Newton 50, tolerance 1e-06
================================================================================
--------------------------------------------------------------------------------
simulation took 0.861363 seconds
1511 conjugate gradient iterations, at rate of 1754.2 iters/second
300 newton iterations
--------------------------------------------------------------------------------
### 4, 128, 100, 1511, 300, 0.861363 ###
Goodbye!

size: 256
================================================================================
                      Welcome to mini-stencil!
version   :: C++ openMP 
threads   :: 4
mesh      :: 256 * 256 dx = 0.00392157
time      :: 100 time steps from 0 .. 0.005
iteration :: CG 300, Newton 50, tolerance 1e-06
================================================================================
--------------------------------------------------------------------------------
simulation took 3.83472 seconds
2781 conjugate gradient iterations, at rate of 725.216 iters/second
300 newton iterations
--------------------------------------------------------------------------------
### 4, 256, 100, 2781, 300, 3.83472 ###
Goodbye!

================================================================================
                      Welcome to mini-stencil!
version   :: C++ openMP 
threads   :: 4
mesh      :: 256 * 256 dx = 0.00392157
time      :: 100 time steps from 0 .. 0.005
iteration :: CG 300, Newton 50, tolerance 1e-06
================================================================================
--------------------------------------------------------------------------------
simulation took 4.44643 seconds
2780 conjugate gradient iterations, at rate of 625.22 iters/second
300 newton iterations
--------------------------------------------------------------------------------
### 4, 256, 100, 2780, 300, 4.44643 ###
Goodbye!

================================================================================
                      Welcome to mini-stencil!
version   :: C++ openMP 
threads   :: 4
mesh      :: 256 * 256 dx = 0.00392157
time      :: 100 time steps from 0 .. 0.005
iteration :: CG 300, Newton 50, tolerance 1e-06
================================================================================
--------------------------------------------------------------------------------
simulation took 4.31142 seconds
2786 conjugate gradient iterations, at rate of 646.191 iters/second
300 newton iterations
--------------------------------------------------------------------------------
### 4, 256, 100, 2786, 300, 4.31142 ###
Goodbye!

================================================================================
                      Welcome to mini-stencil!
version   :: C++ openMP 
threads   :: 4
mesh      :: 256 * 256 dx = 0.00392157
time      :: 100 time steps from 0 .. 0.005
iteration :: CG 300, Newton 50, tolerance 1e-06
================================================================================
--------------------------------------------------------------------------------
simulation took 4.16742 seconds
2784 conjugate gradient iterations, at rate of 668.039 iters/second
300 newton iterations
--------------------------------------------------------------------------------
### 4, 256, 100, 2784, 300, 4.16742 ###
Goodbye!

================================================================================
                      Welcome to mini-stencil!
version   :: C++ openMP 
threads   :: 4
mesh      :: 256 * 256 dx = 0.00392157
time      :: 100 time steps from 0 .. 0.005
iteration :: CG 300, Newton 50, tolerance 1e-06
================================================================================
--------------------------------------------------------------------------------
simulation took 4.39367 seconds
2777 conjugate gradient iterations, at rate of 632.046 iters/second
300 newton iterations
--------------------------------------------------------------------------------
### 4, 256, 100, 2777, 300, 4.39367 ###
Goodbye!

size: 512
================================================================================
                      Welcome to mini-stencil!
version   :: C++ openMP 
threads   :: 4
mesh      :: 512 * 512 dx = 0.00195695
time      :: 100 time steps from 0 .. 0.005
iteration :: CG 300, Newton 50, tolerance 1e-06
================================================================================
--------------------------------------------------------------------------------
simulation took 34.3363 seconds
5363 conjugate gradient iterations, at rate of 156.19 iters/second
300 newton iterations
--------------------------------------------------------------------------------
### 4, 512, 100, 5363, 300, 34.3363 ###
Goodbye!

================================================================================
                      Welcome to mini-stencil!
version   :: C++ openMP 
threads   :: 4
mesh      :: 512 * 512 dx = 0.00195695
time      :: 100 time steps from 0 .. 0.005
iteration :: CG 300, Newton 50, tolerance 1e-06
================================================================================
--------------------------------------------------------------------------------
simulation took 34.3405 seconds
5367 conjugate gradient iterations, at rate of 156.288 iters/second
300 newton iterations
--------------------------------------------------------------------------------
### 4, 512, 100, 5367, 300, 34.3405 ###
Goodbye!

================================================================================
                      Welcome to mini-stencil!
version   :: C++ openMP 
threads   :: 4
mesh      :: 512 * 512 dx = 0.00195695
time      :: 100 time steps from 0 .. 0.005
iteration :: CG 300, Newton 50, tolerance 1e-06
================================================================================
--------------------------------------------------------------------------------
simulation took 34.6483 seconds
5358 conjugate gradient iterations, at rate of 154.64 iters/second
300 newton iterations
--------------------------------------------------------------------------------
### 4, 512, 100, 5358, 300, 34.6483 ###
Goodbye!

================================================================================
                      Welcome to mini-stencil!
version   :: C++ openMP 
threads   :: 4
mesh      :: 512 * 512 dx = 0.00195695
time      :: 100 time steps from 0 .. 0.005
iteration :: CG 300, Newton 50, tolerance 1e-06
================================================================================
--------------------------------------------------------------------------------
simulation took 34.7277 seconds
5359 conjugate gradient iterations, at rate of 154.315 iters/second
300 newton iterations
--------------------------------------------------------------------------------
### 4, 512, 100, 5359, 300, 34.7277 ###
Goodbye!

================================================================================
                      Welcome to mini-stencil!
version   :: C++ openMP 
threads   :: 4
mesh      :: 512 * 512 dx = 0.00195695
time      :: 100 time steps from 0 .. 0.005
iteration :: CG 300, Newton 50, tolerance 1e-06
================================================================================
--------------------------------------------------------------------------------
simulation took 34.3466 seconds
5356 conjugate gradient iterations, at rate of 155.94 iters/second
300 newton iterations
--------------------------------------------------------------------------------
### 4, 512, 100, 5356, 300, 34.3466 ###
Goodbye!

size: 1024
================================================================================
                      Welcome to mini-stencil!
version   :: C++ openMP 
threads   :: 4
mesh      :: 1024 * 1024 dx = 0.000977517
time      :: 100 time steps from 0 .. 0.005
iteration :: CG 300, Newton 50, tolerance 1e-06
================================================================================
--------------------------------------------------------------------------------
simulation took 288.975 seconds
10462 conjugate gradient iterations, at rate of 36.2038 iters/second
301 newton iterations
--------------------------------------------------------------------------------
### 4, 1024, 100, 10462, 301, 288.975 ###
Goodbye!

================================================================================
                      Welcome to mini-stencil!
version   :: C++ openMP 
threads   :: 4
mesh      :: 1024 * 1024 dx = 0.000977517
time      :: 100 time steps from 0 .. 0.005
iteration :: CG 300, Newton 50, tolerance 1e-06
================================================================================
--------------------------------------------------------------------------------
simulation took 271.682 seconds
10494 conjugate gradient iterations, at rate of 38.6261 iters/second
303 newton iterations
--------------------------------------------------------------------------------
### 4, 1024, 100, 10494, 303, 271.682 ###
Goodbye!

================================================================================
                      Welcome to mini-stencil!
version   :: C++ openMP 
threads   :: 4
mesh      :: 1024 * 1024 dx = 0.000977517
time      :: 100 time steps from 0 .. 0.005
iteration :: CG 300, Newton 50, tolerance 1e-06
================================================================================
--------------------------------------------------------------------------------
simulation took 278.821 seconds
10483 conjugate gradient iterations, at rate of 37.5976 iters/second
302 newton iterations
--------------------------------------------------------------------------------
### 4, 1024, 100, 10483, 302, 278.821 ###
Goodbye!

================================================================================
                      Welcome to mini-stencil!
version   :: C++ openMP 
threads   :: 4
mesh      :: 1024 * 1024 dx = 0.000977517
time      :: 100 time steps from 0 .. 0.005
iteration :: CG 300, Newton 50, tolerance 1e-06
================================================================================
--------------------------------------------------------------------------------
simulation took 278.96 seconds
10474 conjugate gradient iterations, at rate of 37.5466 iters/second
302 newton iterations
--------------------------------------------------------------------------------
### 4, 1024, 100, 10474, 302, 278.96 ###
Goodbye!

================================================================================
                      Welcome to mini-stencil!
version   :: C++ openMP 
threads   :: 4
mesh      :: 1024 * 1024 dx = 0.000977517
time      :: 100 time steps from 0 .. 0.005
iteration :: CG 300, Newton 50, tolerance 1e-06
================================================================================
--------------------------------------------------------------------------------
simulation took 268.566 seconds
10439 conjugate gradient iterations, at rate of 38.8695 iters/second
301 newton iterations
--------------------------------------------------------------------------------
### 4, 1024, 100, 10439, 301, 268.566 ###
Goodbye!

OMP_NUM_THREADS = 8
size: 64
================================================================================
                      Welcome to mini-stencil!
version   :: C++ openMP 
threads   :: 8
mesh      :: 64 * 64 dx = 0.015873
time      :: 100 time steps from 0 .. 0.005
iteration :: CG 300, Newton 50, tolerance 1e-06
================================================================================
--------------------------------------------------------------------------------
simulation took 0.198047 seconds
1007 conjugate gradient iterations, at rate of 5084.65 iters/second
301 newton iterations
--------------------------------------------------------------------------------
### 8, 64, 100, 1007, 301, 0.198047 ###
Goodbye!

================================================================================
                      Welcome to mini-stencil!
version   :: C++ openMP 
threads   :: 8
mesh      :: 64 * 64 dx = 0.015873
time      :: 100 time steps from 0 .. 0.005
iteration :: CG 300, Newton 50, tolerance 1e-06
================================================================================
--------------------------------------------------------------------------------
simulation took 0.230682 seconds
1007 conjugate gradient iterations, at rate of 4365.31 iters/second
301 newton iterations
--------------------------------------------------------------------------------
### 8, 64, 100, 1007, 301, 0.230682 ###
Goodbye!

================================================================================
                      Welcome to mini-stencil!
version   :: C++ openMP 
threads   :: 8
mesh      :: 64 * 64 dx = 0.015873
time      :: 100 time steps from 0 .. 0.005
iteration :: CG 300, Newton 50, tolerance 1e-06
================================================================================
--------------------------------------------------------------------------------
simulation took 0.293107 seconds
1007 conjugate gradient iterations, at rate of 3435.6 iters/second
301 newton iterations
--------------------------------------------------------------------------------
### 8, 64, 100, 1007, 301, 0.293107 ###
Goodbye!

================================================================================
                      Welcome to mini-stencil!
version   :: C++ openMP 
threads   :: 8
mesh      :: 64 * 64 dx = 0.015873
time      :: 100 time steps from 0 .. 0.005
iteration :: CG 300, Newton 50, tolerance 1e-06
================================================================================
--------------------------------------------------------------------------------
simulation took 0.408703 seconds
1007 conjugate gradient iterations, at rate of 2463.89 iters/second
301 newton iterations
--------------------------------------------------------------------------------
### 8, 64, 100, 1007, 301, 0.408703 ###
Goodbye!

================================================================================
                      Welcome to mini-stencil!
version   :: C++ openMP 
threads   :: 8
mesh      :: 64 * 64 dx = 0.015873
time      :: 100 time steps from 0 .. 0.005
iteration :: CG 300, Newton 50, tolerance 1e-06
================================================================================
--------------------------------------------------------------------------------
simulation took 0.240818 seconds
1007 conjugate gradient iterations, at rate of 4181.58 iters/second
301 newton iterations
--------------------------------------------------------------------------------
### 8, 64, 100, 1007, 301, 0.240818 ###
Goodbye!

size: 128
================================================================================
                      Welcome to mini-stencil!
version   :: C++ openMP 
threads   :: 8
mesh      :: 128 * 128 dx = 0.00787402
time      :: 100 time steps from 0 .. 0.005
iteration :: CG 300, Newton 50, tolerance 1e-06
================================================================================
--------------------------------------------------------------------------------
simulation took 0.559333 seconds
1510 conjugate gradient iterations, at rate of 2699.64 iters/second
300 newton iterations
--------------------------------------------------------------------------------
### 8, 128, 100, 1510, 300, 0.559333 ###
Goodbye!

================================================================================
                      Welcome to mini-stencil!
version   :: C++ openMP 
threads   :: 8
mesh      :: 128 * 128 dx = 0.00787402
time      :: 100 time steps from 0 .. 0.005
iteration :: CG 300, Newton 50, tolerance 1e-06
================================================================================
--------------------------------------------------------------------------------
simulation took 0.565936 seconds
1512 conjugate gradient iterations, at rate of 2671.68 iters/second
300 newton iterations
--------------------------------------------------------------------------------
### 8, 128, 100, 1512, 300, 0.565936 ###
Goodbye!

================================================================================
                      Welcome to mini-stencil!
version   :: C++ openMP 
threads   :: 8
mesh      :: 128 * 128 dx = 0.00787402
time      :: 100 time steps from 0 .. 0.005
iteration :: CG 300, Newton 50, tolerance 1e-06
================================================================================
--------------------------------------------------------------------------------
simulation took 0.591931 seconds
1517 conjugate gradient iterations, at rate of 2562.8 iters/second
300 newton iterations
--------------------------------------------------------------------------------
### 8, 128, 100, 1517, 300, 0.591931 ###
Goodbye!

================================================================================
                      Welcome to mini-stencil!
version   :: C++ openMP 
threads   :: 8
mesh      :: 128 * 128 dx = 0.00787402
time      :: 100 time steps from 0 .. 0.005
iteration :: CG 300, Newton 50, tolerance 1e-06
================================================================================
--------------------------------------------------------------------------------
simulation took 0.572054 seconds
1519 conjugate gradient iterations, at rate of 2655.35 iters/second
300 newton iterations
--------------------------------------------------------------------------------
### 8, 128, 100, 1519, 300, 0.572054 ###
Goodbye!

================================================================================
                      Welcome to mini-stencil!
version   :: C++ openMP 
threads   :: 8
mesh      :: 128 * 128 dx = 0.00787402
time      :: 100 time steps from 0 .. 0.005
iteration :: CG 300, Newton 50, tolerance 1e-06
================================================================================
--------------------------------------------------------------------------------
simulation took 0.568277 seconds
1514 conjugate gradient iterations, at rate of 2664.19 iters/second
300 newton iterations
--------------------------------------------------------------------------------
### 8, 128, 100, 1514, 300, 0.568277 ###
Goodbye!

size: 256
================================================================================
                      Welcome to mini-stencil!
version   :: C++ openMP 
threads   :: 8
mesh      :: 256 * 256 dx = 0.00392157
time      :: 100 time steps from 0 .. 0.005
iteration :: CG 300, Newton 50, tolerance 1e-06
================================================================================
--------------------------------------------------------------------------------
simulation took 3.01315 seconds
2782 conjugate gradient iterations, at rate of 923.288 iters/second
300 newton iterations
--------------------------------------------------------------------------------
### 8, 256, 100, 2782, 300, 3.01315 ###
Goodbye!

================================================================================
                      Welcome to mini-stencil!
version   :: C++ openMP 
threads   :: 8
mesh      :: 256 * 256 dx = 0.00392157
time      :: 100 time steps from 0 .. 0.005
iteration :: CG 300, Newton 50, tolerance 1e-06
================================================================================
--------------------------------------------------------------------------------
simulation took 2.6917 seconds
2784 conjugate gradient iterations, at rate of 1034.29 iters/second
300 newton iterations
--------------------------------------------------------------------------------
### 8, 256, 100, 2784, 300, 2.6917 ###
Goodbye!

================================================================================
                      Welcome to mini-stencil!
version   :: C++ openMP 
threads   :: 8
mesh      :: 256 * 256 dx = 0.00392157
time      :: 100 time steps from 0 .. 0.005
iteration :: CG 300, Newton 50, tolerance 1e-06
================================================================================
--------------------------------------------------------------------------------
simulation took 2.47391 seconds
2784 conjugate gradient iterations, at rate of 1125.34 iters/second
300 newton iterations
--------------------------------------------------------------------------------
### 8, 256, 100, 2784, 300, 2.47391 ###
Goodbye!

================================================================================
                      Welcome to mini-stencil!
version   :: C++ openMP 
threads   :: 8
mesh      :: 256 * 256 dx = 0.00392157
time      :: 100 time steps from 0 .. 0.005
iteration :: CG 300, Newton 50, tolerance 1e-06
================================================================================
--------------------------------------------------------------------------------
simulation took 2.8206 seconds
2785 conjugate gradient iterations, at rate of 987.378 iters/second
300 newton iterations
--------------------------------------------------------------------------------
### 8, 256, 100, 2785, 300, 2.8206 ###
Goodbye!

================================================================================
                      Welcome to mini-stencil!
version   :: C++ openMP 
threads   :: 8
mesh      :: 256 * 256 dx = 0.00392157
time      :: 100 time steps from 0 .. 0.005
iteration :: CG 300, Newton 50, tolerance 1e-06
================================================================================
--------------------------------------------------------------------------------
simulation took 2.9313 seconds
2786 conjugate gradient iterations, at rate of 950.433 iters/second
300 newton iterations
--------------------------------------------------------------------------------
### 8, 256, 100, 2786, 300, 2.9313 ###
Goodbye!

size: 512
================================================================================
                      Welcome to mini-stencil!
version   :: C++ openMP 
threads   :: 8
mesh      :: 512 * 512 dx = 0.00195695
time      :: 100 time steps from 0 .. 0.005
iteration :: CG 300, Newton 50, tolerance 1e-06
================================================================================
--------------------------------------------------------------------------------
simulation took 20.9227 seconds
5375 conjugate gradient iterations, at rate of 256.898 iters/second
301 newton iterations
--------------------------------------------------------------------------------
### 8, 512, 100, 5375, 301, 20.9227 ###
Goodbye!

================================================================================
                      Welcome to mini-stencil!
version   :: C++ openMP 
threads   :: 8
mesh      :: 512 * 512 dx = 0.00195695
time      :: 100 time steps from 0 .. 0.005
iteration :: CG 300, Newton 50, tolerance 1e-06
================================================================================
--------------------------------------------------------------------------------
simulation took 21.492 seconds
5361 conjugate gradient iterations, at rate of 249.441 iters/second
300 newton iterations
--------------------------------------------------------------------------------
### 8, 512, 100, 5361, 300, 21.492 ###
Goodbye!

================================================================================
                      Welcome to mini-stencil!
version   :: C++ openMP 
threads   :: 8
mesh      :: 512 * 512 dx = 0.00195695
time      :: 100 time steps from 0 .. 0.005
iteration :: CG 300, Newton 50, tolerance 1e-06
================================================================================
--------------------------------------------------------------------------------
simulation took 22.9063 seconds
5363 conjugate gradient iterations, at rate of 234.128 iters/second
300 newton iterations
--------------------------------------------------------------------------------
### 8, 512, 100, 5363, 300, 22.9063 ###
Goodbye!

================================================================================
                      Welcome to mini-stencil!
version   :: C++ openMP 
threads   :: 8
mesh      :: 512 * 512 dx = 0.00195695
time      :: 100 time steps from 0 .. 0.005
iteration :: CG 300, Newton 50, tolerance 1e-06
================================================================================
--------------------------------------------------------------------------------
simulation took 20.4124 seconds
5366 conjugate gradient iterations, at rate of 262.879 iters/second
300 newton iterations
--------------------------------------------------------------------------------
### 8, 512, 100, 5366, 300, 20.4124 ###
Goodbye!

================================================================================
                      Welcome to mini-stencil!
version   :: C++ openMP 
threads   :: 8
mesh      :: 512 * 512 dx = 0.00195695
time      :: 100 time steps from 0 .. 0.005
iteration :: CG 300, Newton 50, tolerance 1e-06
================================================================================
--------------------------------------------------------------------------------
simulation took 21.2623 seconds
5356 conjugate gradient iterations, at rate of 251.902 iters/second
300 newton iterations
--------------------------------------------------------------------------------
### 8, 512, 100, 5356, 300, 21.2623 ###
Goodbye!

size: 1024
================================================================================
                      Welcome to mini-stencil!
version   :: C++ openMP 
threads   :: 8
mesh      :: 1024 * 1024 dx = 0.000977517
time      :: 100 time steps from 0 .. 0.005
iteration :: CG 300, Newton 50, tolerance 1e-06
================================================================================
--------------------------------------------------------------------------------
simulation took 188.509 seconds
10525 conjugate gradient iterations, at rate of 55.8329 iters/second
304 newton iterations
--------------------------------------------------------------------------------
### 8, 1024, 100, 10525, 304, 188.509 ###
Goodbye!

================================================================================
                      Welcome to mini-stencil!
version   :: C++ openMP 
threads   :: 8
mesh      :: 1024 * 1024 dx = 0.000977517
time      :: 100 time steps from 0 .. 0.005
iteration :: CG 300, Newton 50, tolerance 1e-06
================================================================================
--------------------------------------------------------------------------------
simulation took 166.131 seconds
10504 conjugate gradient iterations, at rate of 63.2272 iters/second
304 newton iterations
--------------------------------------------------------------------------------
### 8, 1024, 100, 10504, 304, 166.131 ###
Goodbye!

================================================================================
                      Welcome to mini-stencil!
version   :: C++ openMP 
threads   :: 8
mesh      :: 1024 * 1024 dx = 0.000977517
time      :: 100 time steps from 0 .. 0.005
iteration :: CG 300, Newton 50, tolerance 1e-06
================================================================================
--------------------------------------------------------------------------------
simulation took 162.741 seconds
10482 conjugate gradient iterations, at rate of 64.4092 iters/second
302 newton iterations
--------------------------------------------------------------------------------
### 8, 1024, 100, 10482, 302, 162.741 ###
Goodbye!

================================================================================
                      Welcome to mini-stencil!
version   :: C++ openMP 
threads   :: 8
mesh      :: 1024 * 1024 dx = 0.000977517
time      :: 100 time steps from 0 .. 0.005
iteration :: CG 300, Newton 50, tolerance 1e-06
================================================================================
--------------------------------------------------------------------------------
simulation took 163.089 seconds
10447 conjugate gradient iterations, at rate of 64.057 iters/second
300 newton iterations
--------------------------------------------------------------------------------
### 8, 1024, 100, 10447, 300, 163.089 ###
Goodbye!

================================================================================
                      Welcome to mini-stencil!
version   :: C++ openMP 
threads   :: 8
mesh      :: 1024 * 1024 dx = 0.000977517
time      :: 100 time steps from 0 .. 0.005
iteration :: CG 300, Newton 50, tolerance 1e-06
================================================================================
--------------------------------------------------------------------------------
simulation took 160.36 seconds
10478 conjugate gradient iterations, at rate of 65.3404 iters/second
302 newton iterations
--------------------------------------------------------------------------------
### 8, 1024, 100, 10478, 302, 160.36 ###
Goodbye!

OMP_NUM_THREADS = 16
size: 64
================================================================================
                      Welcome to mini-stencil!
version   :: C++ openMP 
threads   :: 16
mesh      :: 64 * 64 dx = 0.015873
time      :: 100 time steps from 0 .. 0.005
iteration :: CG 300, Newton 50, tolerance 1e-06
================================================================================
--------------------------------------------------------------------------------
simulation took 0.425027 seconds
1007 conjugate gradient iterations, at rate of 2369.26 iters/second
301 newton iterations
--------------------------------------------------------------------------------
### 16, 64, 100, 1007, 301, 0.425027 ###
Goodbye!

================================================================================
                      Welcome to mini-stencil!
version   :: C++ openMP 
threads   :: 16
mesh      :: 64 * 64 dx = 0.015873
time      :: 100 time steps from 0 .. 0.005
iteration :: CG 300, Newton 50, tolerance 1e-06
================================================================================
--------------------------------------------------------------------------------
simulation took 0.453291 seconds
1007 conjugate gradient iterations, at rate of 2221.53 iters/second
301 newton iterations
--------------------------------------------------------------------------------
### 16, 64, 100, 1007, 301, 0.453291 ###
Goodbye!

================================================================================
                      Welcome to mini-stencil!
version   :: C++ openMP 
threads   :: 16
mesh      :: 64 * 64 dx = 0.015873
time      :: 100 time steps from 0 .. 0.005
iteration :: CG 300, Newton 50, tolerance 1e-06
================================================================================
--------------------------------------------------------------------------------
simulation took 0.42532 seconds
1007 conjugate gradient iterations, at rate of 2367.63 iters/second
301 newton iterations
--------------------------------------------------------------------------------
### 16, 64, 100, 1007, 301, 0.42532 ###
Goodbye!

================================================================================
                      Welcome to mini-stencil!
version   :: C++ openMP 
threads   :: 16
mesh      :: 64 * 64 dx = 0.015873
time      :: 100 time steps from 0 .. 0.005
iteration :: CG 300, Newton 50, tolerance 1e-06
================================================================================
--------------------------------------------------------------------------------
simulation took 0.401101 seconds
1007 conjugate gradient iterations, at rate of 2510.59 iters/second
301 newton iterations
--------------------------------------------------------------------------------
### 16, 64, 100, 1007, 301, 0.401101 ###
Goodbye!

================================================================================
                      Welcome to mini-stencil!
version   :: C++ openMP 
threads   :: 16
mesh      :: 64 * 64 dx = 0.015873
time      :: 100 time steps from 0 .. 0.005
iteration :: CG 300, Newton 50, tolerance 1e-06
================================================================================
--------------------------------------------------------------------------------
simulation took 0.431523 seconds
1007 conjugate gradient iterations, at rate of 2333.59 iters/second
301 newton iterations
--------------------------------------------------------------------------------
### 16, 64, 100, 1007, 301, 0.431523 ###
Goodbye!

size: 128
================================================================================
                      Welcome to mini-stencil!
version   :: C++ openMP 
threads   :: 16
mesh      :: 128 * 128 dx = 0.00787402
time      :: 100 time steps from 0 .. 0.005
iteration :: CG 300, Newton 50, tolerance 1e-06
================================================================================
--------------------------------------------------------------------------------
simulation took 0.590894 seconds
1510 conjugate gradient iterations, at rate of 2555.45 iters/second
300 newton iterations
--------------------------------------------------------------------------------
### 16, 128, 100, 1510, 300, 0.590894 ###
Goodbye!

================================================================================
                      Welcome to mini-stencil!
version   :: C++ openMP 
threads   :: 16
mesh      :: 128 * 128 dx = 0.00787402
time      :: 100 time steps from 0 .. 0.005
iteration :: CG 300, Newton 50, tolerance 1e-06
================================================================================
--------------------------------------------------------------------------------
simulation took 0.758872 seconds
1514 conjugate gradient iterations, at rate of 1995.07 iters/second
300 newton iterations
--------------------------------------------------------------------------------
### 16, 128, 100, 1514, 300, 0.758872 ###
Goodbye!

================================================================================
                      Welcome to mini-stencil!
version   :: C++ openMP 
threads   :: 16
mesh      :: 128 * 128 dx = 0.00787402
time      :: 100 time steps from 0 .. 0.005
iteration :: CG 300, Newton 50, tolerance 1e-06
================================================================================
--------------------------------------------------------------------------------
simulation took 0.629354 seconds
1511 conjugate gradient iterations, at rate of 2400.88 iters/second
300 newton iterations
--------------------------------------------------------------------------------
### 16, 128, 100, 1511, 300, 0.629354 ###
Goodbye!

================================================================================
                      Welcome to mini-stencil!
version   :: C++ openMP 
threads   :: 16
mesh      :: 128 * 128 dx = 0.00787402
time      :: 100 time steps from 0 .. 0.005
iteration :: CG 300, Newton 50, tolerance 1e-06
================================================================================
--------------------------------------------------------------------------------
simulation took 0.615538 seconds
1510 conjugate gradient iterations, at rate of 2453.14 iters/second
300 newton iterations
--------------------------------------------------------------------------------
### 16, 128, 100, 1510, 300, 0.615538 ###
Goodbye!

================================================================================
                      Welcome to mini-stencil!
version   :: C++ openMP 
threads   :: 16
mesh      :: 128 * 128 dx = 0.00787402
time      :: 100 time steps from 0 .. 0.005
iteration :: CG 300, Newton 50, tolerance 1e-06
================================================================================
--------------------------------------------------------------------------------
simulation took 0.701443 seconds
1517 conjugate gradient iterations, at rate of 2162.69 iters/second
300 newton iterations
--------------------------------------------------------------------------------
### 16, 128, 100, 1517, 300, 0.701443 ###
Goodbye!

size: 256
================================================================================
                      Welcome to mini-stencil!
version   :: C++ openMP 
threads   :: 16
mesh      :: 256 * 256 dx = 0.00392157
time      :: 100 time steps from 0 .. 0.005
iteration :: CG 300, Newton 50, tolerance 1e-06
================================================================================
--------------------------------------------------------------------------------
simulation took 1.82333 seconds
2783 conjugate gradient iterations, at rate of 1526.33 iters/second
300 newton iterations
--------------------------------------------------------------------------------
### 16, 256, 100, 2783, 300, 1.82333 ###
Goodbye!

================================================================================
                      Welcome to mini-stencil!
version   :: C++ openMP 
threads   :: 16
mesh      :: 256 * 256 dx = 0.00392157
time      :: 100 time steps from 0 .. 0.005
iteration :: CG 300, Newton 50, tolerance 1e-06
================================================================================
--------------------------------------------------------------------------------
simulation took 1.86459 seconds
2785 conjugate gradient iterations, at rate of 1493.62 iters/second
300 newton iterations
--------------------------------------------------------------------------------
### 16, 256, 100, 2785, 300, 1.86459 ###
Goodbye!

================================================================================
                      Welcome to mini-stencil!
version   :: C++ openMP 
threads   :: 16
mesh      :: 256 * 256 dx = 0.00392157
time      :: 100 time steps from 0 .. 0.005
iteration :: CG 300, Newton 50, tolerance 1e-06
================================================================================
--------------------------------------------------------------------------------
simulation took 1.66222 seconds
2782 conjugate gradient iterations, at rate of 1673.66 iters/second
300 newton iterations
--------------------------------------------------------------------------------
### 16, 256, 100, 2782, 300, 1.66222 ###
Goodbye!

================================================================================
                      Welcome to mini-stencil!
version   :: C++ openMP 
threads   :: 16
mesh      :: 256 * 256 dx = 0.00392157
time      :: 100 time steps from 0 .. 0.005
iteration :: CG 300, Newton 50, tolerance 1e-06
================================================================================
--------------------------------------------------------------------------------
simulation took 1.76601 seconds
2779 conjugate gradient iterations, at rate of 1573.61 iters/second
300 newton iterations
--------------------------------------------------------------------------------
### 16, 256, 100, 2779, 300, 1.76601 ###
Goodbye!

================================================================================
                      Welcome to mini-stencil!
version   :: C++ openMP 
threads   :: 16
mesh      :: 256 * 256 dx = 0.00392157
time      :: 100 time steps from 0 .. 0.005
iteration :: CG 300, Newton 50, tolerance 1e-06
================================================================================
--------------------------------------------------------------------------------
simulation took 1.9232 seconds
2784 conjugate gradient iterations, at rate of 1447.59 iters/second
300 newton iterations
--------------------------------------------------------------------------------
### 16, 256, 100, 2784, 300, 1.9232 ###
Goodbye!

size: 512
================================================================================
                      Welcome to mini-stencil!
version   :: C++ openMP 
threads   :: 16
mesh      :: 512 * 512 dx = 0.00195695
time      :: 100 time steps from 0 .. 0.005
iteration :: CG 300, Newton 50, tolerance 1e-06
================================================================================
--------------------------------------------------------------------------------
simulation took 10.0595 seconds
5363 conjugate gradient iterations, at rate of 533.13 iters/second
300 newton iterations
--------------------------------------------------------------------------------
### 16, 512, 100, 5363, 300, 10.0595 ###
Goodbye!

================================================================================
                      Welcome to mini-stencil!
version   :: C++ openMP 
threads   :: 16
mesh      :: 512 * 512 dx = 0.00195695
time      :: 100 time steps from 0 .. 0.005
iteration :: CG 300, Newton 50, tolerance 1e-06
================================================================================
--------------------------------------------------------------------------------
simulation took 10.0508 seconds
5369 conjugate gradient iterations, at rate of 534.188 iters/second
300 newton iterations
--------------------------------------------------------------------------------
### 16, 512, 100, 5369, 300, 10.0508 ###
Goodbye!

================================================================================
                      Welcome to mini-stencil!
version   :: C++ openMP 
threads   :: 16
mesh      :: 512 * 512 dx = 0.00195695
time      :: 100 time steps from 0 .. 0.005
iteration :: CG 300, Newton 50, tolerance 1e-06
================================================================================
--------------------------------------------------------------------------------
simulation took 10.6455 seconds
5359 conjugate gradient iterations, at rate of 503.407 iters/second
300 newton iterations
--------------------------------------------------------------------------------
### 16, 512, 100, 5359, 300, 10.6455 ###
Goodbye!

================================================================================
                      Welcome to mini-stencil!
version   :: C++ openMP 
threads   :: 16
mesh      :: 512 * 512 dx = 0.00195695
time      :: 100 time steps from 0 .. 0.005
iteration :: CG 300, Newton 50, tolerance 1e-06
================================================================================
--------------------------------------------------------------------------------
simulation took 11.6176 seconds
5360 conjugate gradient iterations, at rate of 461.369 iters/second
300 newton iterations
--------------------------------------------------------------------------------
### 16, 512, 100, 5360, 300, 11.6176 ###
Goodbye!

================================================================================
                      Welcome to mini-stencil!
version   :: C++ openMP 
threads   :: 16
mesh      :: 512 * 512 dx = 0.00195695
time      :: 100 time steps from 0 .. 0.005
iteration :: CG 300, Newton 50, tolerance 1e-06
================================================================================
--------------------------------------------------------------------------------
simulation took 10.7802 seconds
5362 conjugate gradient iterations, at rate of 497.394 iters/second
300 newton iterations
--------------------------------------------------------------------------------
### 16, 512, 100, 5362, 300, 10.7802 ###
Goodbye!

size: 1024
================================================================================
                      Welcome to mini-stencil!
version   :: C++ openMP 
threads   :: 16
mesh      :: 1024 * 1024 dx = 0.000977517
time      :: 100 time steps from 0 .. 0.005
iteration :: CG 300, Newton 50, tolerance 1e-06
================================================================================
--------------------------------------------------------------------------------
simulation took 83.0053 seconds
10463 conjugate gradient iterations, at rate of 126.052 iters/second
302 newton iterations
--------------------------------------------------------------------------------
### 16, 1024, 100, 10463, 302, 83.0053 ###
Goodbye!

================================================================================
                      Welcome to mini-stencil!
version   :: C++ openMP 
threads   :: 16
mesh      :: 1024 * 1024 dx = 0.000977517
time      :: 100 time steps from 0 .. 0.005
iteration :: CG 300, Newton 50, tolerance 1e-06
================================================================================
--------------------------------------------------------------------------------
simulation took 83.0613 seconds
10472 conjugate gradient iterations, at rate of 126.076 iters/second
302 newton iterations
--------------------------------------------------------------------------------
### 16, 1024, 100, 10472, 302, 83.0613 ###
Goodbye!

================================================================================
                      Welcome to mini-stencil!
version   :: C++ openMP 
threads   :: 16
mesh      :: 1024 * 1024 dx = 0.000977517
time      :: 100 time steps from 0 .. 0.005
iteration :: CG 300, Newton 50, tolerance 1e-06
================================================================================
--------------------------------------------------------------------------------
simulation took 84.9862 seconds
10501 conjugate gradient iterations, at rate of 123.561 iters/second
303 newton iterations
--------------------------------------------------------------------------------
### 16, 1024, 100, 10501, 303, 84.9862 ###
Goodbye!

================================================================================
                      Welcome to mini-stencil!
version   :: C++ openMP 
threads   :: 16
mesh      :: 1024 * 1024 dx = 0.000977517
time      :: 100 time steps from 0 .. 0.005
iteration :: CG 300, Newton 50, tolerance 1e-06
================================================================================
--------------------------------------------------------------------------------
simulation took 81.653 seconds
10510 conjugate gradient iterations, at rate of 128.715 iters/second
303 newton iterations
--------------------------------------------------------------------------------
### 16, 1024, 100, 10510, 303, 81.653 ###
Goodbye!

================================================================================
                      Welcome to mini-stencil!
version   :: C++ openMP 
threads   :: 16
mesh      :: 1024 * 1024 dx = 0.000977517
time      :: 100 time steps from 0 .. 0.005
iteration :: CG 300, Newton 50, tolerance 1e-06
================================================================================
--------------------------------------------------------------------------------
simulation took 85.2102 seconds
10509 conjugate gradient iterations, at rate of 123.33 iters/second
304 newton iterations
--------------------------------------------------------------------------------
### 16, 1024, 100, 10509, 304, 85.2102 ###
Goodbye!

