rm -f walltime.o stats.o data.o operators.o linalg.o main.o walltime_no_omp.o stats_no_omp.o data_no_omp.o operators_no_omp.o linalg_no_omp.o main_no_omp.o main main_seq *.bin *.bov
g++ -O3 -fopenmp -c walltime.cpp -o walltime.o
g++ -O3 -fopenmp -c stats.cpp -o stats.o
g++ -O3 -fopenmp -c data.cpp -o data.o
g++ -O3 -fopenmp -c operators.cpp -o operators.o
g++ -O3 -fopenmp -c linalg.cpp -o linalg.o
g++ -O3 -fopenmp -c main.cpp -o main.o
g++ -O3 -fopenmp walltime.o stats.o data.o operators.o linalg.o main.o -o main
g++ -O3 -c walltime.cpp -o walltime_no_omp.o
g++ -O3 -c stats.cpp -o stats_no_omp.o
g++ -O3 -c data.cpp -o data_no_omp.o
g++ -O3 -c operators.cpp -o operators_no_omp.o
g++ -O3 -c linalg.cpp -o linalg_no_omp.o
g++ -O3 -c main.cpp -o main_no_omp.o
g++ -O3 walltime_no_omp.o stats_no_omp.o data_no_omp.o operators_no_omp.o linalg_no_omp.o main_no_omp.o -o main_seq
================================================================================
                      Welcome to mini-stencil!
version   :: C++ Serial 
threads   :: 1
mesh      :: 128 * 128 dx = 0.00787402
time      :: 100 time steps from 0 .. 0.005
iteration :: CG 300, Newton 50, tolerance 1e-06
================================================================================
--------------------------------------------------------------------------------
simulation took 0.366061 seconds
1511 conjugate gradient iterations, at rate of 4127.73 iters/second
300 newton iterations
--------------------------------------------------------------------------------
### 1, 128, 100, 1511, 300, 0.366061 ###
Goodbye!
