rm -f main walltime.o   stats.o   data.o   operators.o   linalg.o   main.o *.bin *.bov
g++ -O3 -fopenmp -c walltime.cpp
g++ -O3 -fopenmp -c stats.cpp
g++ -O3 -fopenmp -c data.cpp
g++ -O3 -fopenmp -c operators.cpp
g++ -O3 -fopenmp -c linalg.cpp
g++ -O3 -fopenmp -c main.cpp
g++ -O3 -fopenmp walltime.o   stats.o   data.o   operators.o   linalg.o   main.o -o main
OMP_NUM_THREADS = 1

================================================================================
                      Welcome to mini-stencil!
version   :: C++ openMP 201511
threads   :: 1
mesh      :: 64 * 64 dx = 0.015873
time      :: 100 time steps from 0 .. 0.005
iteration :: CG 300, Newton 50, tolerance 1e-06
================================================================================
--------------------------------------------------------------------------------
simulation took 0.0637652 seconds
1007 conjugate gradient iterations, at rate of 15792.3 iters/second
301 newton iterations
--------------------------------------------------------------------------------
### 1, 64, 100, 1007, 301, 0.0637652 ###
Goodbye!

================================================================================
                      Welcome to mini-stencil!
version   :: C++ openMP 201511
threads   :: 1
mesh      :: 64 * 64 dx = 0.015873
time      :: 100 time steps from 0 .. 0.005
iteration :: CG 300, Newton 50, tolerance 1e-06
================================================================================
--------------------------------------------------------------------------------
simulation took 0.0816555 seconds
1007 conjugate gradient iterations, at rate of 12332.3 iters/second
301 newton iterations
--------------------------------------------------------------------------------
### 1, 64, 100, 1007, 301, 0.0816555 ###
Goodbye!

================================================================================
                      Welcome to mini-stencil!
version   :: C++ openMP 201511
threads   :: 1
mesh      :: 64 * 64 dx = 0.015873
time      :: 100 time steps from 0 .. 0.005
iteration :: CG 300, Newton 50, tolerance 1e-06
================================================================================
--------------------------------------------------------------------------------
simulation took 0.0682105 seconds
1007 conjugate gradient iterations, at rate of 14763.1 iters/second
301 newton iterations
--------------------------------------------------------------------------------
### 1, 64, 100, 1007, 301, 0.0682105 ###
Goodbye!

================================================================================
                      Welcome to mini-stencil!
version   :: C++ openMP 201511
threads   :: 1
mesh      :: 64 * 64 dx = 0.015873
time      :: 100 time steps from 0 .. 0.005
iteration :: CG 300, Newton 50, tolerance 1e-06
================================================================================
--------------------------------------------------------------------------------
simulation took 0.0894483 seconds
1007 conjugate gradient iterations, at rate of 11257.9 iters/second
301 newton iterations
--------------------------------------------------------------------------------
### 1, 64, 100, 1007, 301, 0.0894483 ###
Goodbye!

================================================================================
                      Welcome to mini-stencil!
version   :: C++ openMP 201511
threads   :: 1
mesh      :: 64 * 64 dx = 0.015873
time      :: 100 time steps from 0 .. 0.005
iteration :: CG 300, Newton 50, tolerance 1e-06
================================================================================
--------------------------------------------------------------------------------
simulation took 0.071355 seconds
1007 conjugate gradient iterations, at rate of 14112.5 iters/second
301 newton iterations
--------------------------------------------------------------------------------
### 1, 64, 100, 1007, 301, 0.071355 ###
Goodbye!

OMP_NUM_THREADS = 4

================================================================================
                      Welcome to mini-stencil!
version   :: C++ openMP 201511
threads   :: 4
mesh      :: 128 * 128 dx = 0.00787402
time      :: 100 time steps from 0 .. 0.005
iteration :: CG 300, Newton 50, tolerance 1e-06
================================================================================
--------------------------------------------------------------------------------
simulation took 1.04266 seconds
1510 conjugate gradient iterations, at rate of 1448.22 iters/second
300 newton iterations
--------------------------------------------------------------------------------
### 4, 128, 100, 1510, 300, 1.04266 ###
Goodbye!

================================================================================
                      Welcome to mini-stencil!
version   :: C++ openMP 201511
threads   :: 4
mesh      :: 128 * 128 dx = 0.00787402
time      :: 100 time steps from 0 .. 0.005
iteration :: CG 300, Newton 50, tolerance 1e-06
================================================================================
--------------------------------------------------------------------------------
simulation took 0.826005 seconds
1512 conjugate gradient iterations, at rate of 1830.5 iters/second
300 newton iterations
--------------------------------------------------------------------------------
### 4, 128, 100, 1512, 300, 0.826005 ###
Goodbye!

================================================================================
                      Welcome to mini-stencil!
version   :: C++ openMP 201511
threads   :: 4
mesh      :: 128 * 128 dx = 0.00787402
time      :: 100 time steps from 0 .. 0.005
iteration :: CG 300, Newton 50, tolerance 1e-06
================================================================================
--------------------------------------------------------------------------------
simulation took 0.908923 seconds
1515 conjugate gradient iterations, at rate of 1666.81 iters/second
300 newton iterations
--------------------------------------------------------------------------------
### 4, 128, 100, 1515, 300, 0.908923 ###
Goodbye!

================================================================================
                      Welcome to mini-stencil!
version   :: C++ openMP 201511
threads   :: 4
mesh      :: 128 * 128 dx = 0.00787402
time      :: 100 time steps from 0 .. 0.005
iteration :: CG 300, Newton 50, tolerance 1e-06
================================================================================
--------------------------------------------------------------------------------
simulation took 0.986578 seconds
1512 conjugate gradient iterations, at rate of 1532.57 iters/second
300 newton iterations
--------------------------------------------------------------------------------
### 4, 128, 100, 1512, 300, 0.986578 ###
Goodbye!

================================================================================
                      Welcome to mini-stencil!
version   :: C++ openMP 201511
threads   :: 4
mesh      :: 128 * 128 dx = 0.00787402
time      :: 100 time steps from 0 .. 0.005
iteration :: CG 300, Newton 50, tolerance 1e-06
================================================================================
--------------------------------------------------------------------------------
simulation took 0.936054 seconds
1521 conjugate gradient iterations, at rate of 1624.91 iters/second
300 newton iterations
--------------------------------------------------------------------------------
### 4, 128, 100, 1521, 300, 0.936054 ###
Goodbye!

OMP_NUM_THREADS = 16

================================================================================
                      Welcome to mini-stencil!
version   :: C++ openMP 201511
threads   :: 16
mesh      :: 256 * 256 dx = 0.00392157
time      :: 100 time steps from 0 .. 0.005
iteration :: CG 300, Newton 50, tolerance 1e-06
================================================================================
--------------------------------------------------------------------------------
simulation took 4.43932 seconds
2782 conjugate gradient iterations, at rate of 626.673 iters/second
300 newton iterations
--------------------------------------------------------------------------------
### 16, 256, 100, 2782, 300, 4.43932 ###
Goodbye!

================================================================================
                      Welcome to mini-stencil!
version   :: C++ openMP 201511
threads   :: 16
mesh      :: 256 * 256 dx = 0.00392157
time      :: 100 time steps from 0 .. 0.005
iteration :: CG 300, Newton 50, tolerance 1e-06
================================================================================
--------------------------------------------------------------------------------
simulation took 4.97636 seconds
2780 conjugate gradient iterations, at rate of 558.642 iters/second
300 newton iterations
--------------------------------------------------------------------------------
### 16, 256, 100, 2780, 300, 4.97636 ###
Goodbye!

================================================================================
                      Welcome to mini-stencil!
version   :: C++ openMP 201511
threads   :: 16
mesh      :: 256 * 256 dx = 0.00392157
time      :: 100 time steps from 0 .. 0.005
iteration :: CG 300, Newton 50, tolerance 1e-06
================================================================================
--------------------------------------------------------------------------------
simulation took 4.61866 seconds
2784 conjugate gradient iterations, at rate of 602.772 iters/second
300 newton iterations
--------------------------------------------------------------------------------
### 16, 256, 100, 2784, 300, 4.61866 ###
Goodbye!

================================================================================
                      Welcome to mini-stencil!
version   :: C++ openMP 201511
threads   :: 16
mesh      :: 256 * 256 dx = 0.00392157
time      :: 100 time steps from 0 .. 0.005
iteration :: CG 300, Newton 50, tolerance 1e-06
================================================================================
--------------------------------------------------------------------------------
simulation took 5.28036 seconds
2785 conjugate gradient iterations, at rate of 527.426 iters/second
300 newton iterations
--------------------------------------------------------------------------------
### 16, 256, 100, 2785, 300, 5.28036 ###
Goodbye!

================================================================================
                      Welcome to mini-stencil!
version   :: C++ openMP 201511
threads   :: 16
mesh      :: 256 * 256 dx = 0.00392157
time      :: 100 time steps from 0 .. 0.005
iteration :: CG 300, Newton 50, tolerance 1e-06
================================================================================
--------------------------------------------------------------------------------
simulation took 4.11755 seconds
2784 conjugate gradient iterations, at rate of 676.13 iters/second
300 newton iterations
--------------------------------------------------------------------------------
### 16, 256, 100, 2784, 300, 4.11755 ###
Goodbye!

OMP_NUM_THREADS = 64

================================================================================
                      Welcome to mini-stencil!
version   :: C++ openMP 201511
threads   :: 64
mesh      :: 512 * 512 dx = 0.00195695
time      :: 100 time steps from 0 .. 0.005
iteration :: CG 300, Newton 50, tolerance 1e-06
================================================================================
--------------------------------------------------------------------------------
simulation took 44.6227 seconds
5354 conjugate gradient iterations, at rate of 119.984 iters/second
300 newton iterations
--------------------------------------------------------------------------------
### 64, 512, 100, 5354, 300, 44.6227 ###
Goodbye!

================================================================================
                      Welcome to mini-stencil!
version   :: C++ openMP 201511
threads   :: 64
mesh      :: 512 * 512 dx = 0.00195695
time      :: 100 time steps from 0 .. 0.005
iteration :: CG 300, Newton 50, tolerance 1e-06
================================================================================
--------------------------------------------------------------------------------
simulation took 40.2726 seconds
5360 conjugate gradient iterations, at rate of 133.093 iters/second
300 newton iterations
--------------------------------------------------------------------------------
### 64, 512, 100, 5360, 300, 40.2726 ###
Goodbye!

================================================================================
                      Welcome to mini-stencil!
version   :: C++ openMP 201511
threads   :: 64
mesh      :: 512 * 512 dx = 0.00195695
time      :: 100 time steps from 0 .. 0.005
iteration :: CG 300, Newton 50, tolerance 1e-06
================================================================================
--------------------------------------------------------------------------------
simulation took 43.6585 seconds
5360 conjugate gradient iterations, at rate of 122.771 iters/second
300 newton iterations
--------------------------------------------------------------------------------
### 64, 512, 100, 5360, 300, 43.6585 ###
Goodbye!

================================================================================
                      Welcome to mini-stencil!
version   :: C++ openMP 201511
threads   :: 64
mesh      :: 512 * 512 dx = 0.00195695
time      :: 100 time steps from 0 .. 0.005
iteration :: CG 300, Newton 50, tolerance 1e-06
================================================================================
--------------------------------------------------------------------------------
simulation took 49.2304 seconds
5363 conjugate gradient iterations, at rate of 108.937 iters/second
300 newton iterations
--------------------------------------------------------------------------------
### 64, 512, 100, 5363, 300, 49.2304 ###
Goodbye!

================================================================================
                      Welcome to mini-stencil!
version   :: C++ openMP 201511
threads   :: 64
mesh      :: 512 * 512 dx = 0.00195695
time      :: 100 time steps from 0 .. 0.005
iteration :: CG 300, Newton 50, tolerance 1e-06
================================================================================
--------------------------------------------------------------------------------
simulation took 51.3004 seconds
5355 conjugate gradient iterations, at rate of 104.385 iters/second
300 newton iterations
--------------------------------------------------------------------------------
### 64, 512, 100, 5355, 300, 51.3004 ###
Goodbye!

