-------------------------------------------------------------
STREAM version $Revision: 5.10 $
-------------------------------------------------------------
This system uses 8 bytes per array element.
-------------------------------------------------------------
Array size = 16000000 (elements), Offset = 0 (elements)
Memory per array = 122.1 MiB (= 0.1 GiB).
Total memory required = 366.2 MiB (= 0.4 GiB).
Each kernel will be executed 20 times.
 The *best* time for each kernel (excluding the first iteration)
 will be used to compute the reported bandwidth.
-------------------------------------------------------------
Your clock granularity/precision appears to be 1 microseconds.
Each test below will take on the order of 15784 microseconds.
   (= 15784 clock ticks)
Increase the size of the arrays if this shows that
you are not getting at least 20 clock ticks per test.
-------------------------------------------------------------
WARNING -- The above is only a rough guideline.
For best results, please be sure you know the
precision of your system timer.
-------------------------------------------------------------
Function    Best Rate MB/s  Avg time     Min time     Max time
Copy:           27981.0     0.012157     0.009149     0.015799
Scale:          17694.3     0.018473     0.014468     0.023647
Add:            19571.0     0.024514     0.019621     0.030635
Triad:          19519.0     0.024855     0.019673     0.031410
-------------------------------------------------------------
Solution Validates: avg error less than 1.000000e-13 on all three arrays
-------------------------------------------------------------
