rm -f benchmark-naive benchmark-blocked benchmark-blas benchmark.o dgemm-naive.o dgemm-blocked.o dgemm-blas.o
gcc                          -c -Wall -std=gnu99 -march=native            benchmark.c
gcc                          -c -Wall -std=gnu99 -march=native            dgemm-naive.c
gcc                          -o benchmark-naive benchmark.o dgemm-naive.o -L/cluster/apps/gcc-11.4.0/openblas-0.3.20-ssgo6yxxzud3xbfabkvv77e6lpnq7hep -lopenblas              
gcc                          -c -Wall -std=gnu99 -march=native            dgemm-blocked.c
gcc                          -o benchmark-blocked benchmark.o dgemm-blocked.o -L/cluster/apps/gcc-11.4.0/openblas-0.3.20-ssgo6yxxzud3xbfabkvv77e6lpnq7hep -lopenblas              
gcc                          -c -Wall -std=gnu99 -march=native            dgemm-blas.c
gcc                          -o benchmark-blas benchmark.o dgemm-blas.o -L/cluster/apps/gcc-11.4.0/openblas-0.3.20-ssgo6yxxzud3xbfabkvv77e6lpnq7hep -lopenblas              
==== benchmark-blocked ====================
# Description:	Blocked dgemm.

Size:       31	Gflop/s:     6.39	Percentage:   16.29
Size:       32	Gflop/s:     7.16	Percentage:   18.26
Size:       96	Gflop/s:     7.03	Percentage:   17.94
Size:       97	Gflop/s:     7.35	Percentage:   18.76
Size:      127	Gflop/s:     7.48	Percentage:   19.08
Size:      128	Gflop/s:     8.82	Percentage:   22.51
Size:      129	Gflop/s:    10.88	Percentage:   27.75
Size:      191	Gflop/s:    10.53	Percentage:   26.86
Size:      192	Gflop/s:    10.78	Percentage:   27.51
Size:      229	Gflop/s:    10.54	Percentage:   26.89
Size:      255	Gflop/s:    10.65	Percentage:   27.16
Size:      256	Gflop/s:    11.62	Percentage:   29.63
Size:      257	Gflop/s:    10.53	Percentage:   26.86
Size:      319	Gflop/s:    10.36	Percentage:   26.44
Size:      320	Gflop/s:    11.41	Percentage:   29.10
Size:      321	Gflop/s:    10.39	Percentage:   26.52
Size:      417	Gflop/s:    10.66	Percentage:   27.20
Size:      479	Gflop/s:    10.37	Percentage:   26.45
Size:      480	Gflop/s:    11.16	Percentage:   28.46
Size:      511	Gflop/s:    10.30	Percentage:   26.27
Size:      512	Gflop/s:    11.41	Percentage:   29.10
Size:      639	Gflop/s:    10.28	Percentage:   26.22
Size:      640	Gflop/s:    11.26	Percentage:   28.73
Size:      767	Gflop/s:    10.39	Percentage:   26.50
Size:      768	Gflop/s:    11.44	Percentage:   29.20
Size:      769	Gflop/s:    10.41	Percentage:   26.57
Size:      800	Gflop/s:    11.58	Percentage:   29.53
Size:      900	Gflop/s:    11.64	Percentage:   29.70
Size:     1000	Gflop/s:    11.33	Percentage:   28.91
Size:     1100	Gflop/s:    11.39	Percentage:   29.06
Size:     1200	Gflop/s:    11.59	Percentage:   29.56
# Average percentage of peak performance = 26.0966

==== benchmark-blas =======================
# Description:	Reference dgemm.

Size:       31	Gflop/s:    24.80	Percentage:   63.26
Size:       32	Gflop/s:    20.31	Percentage:   51.80
Size:       96	Gflop/s:    35.15	Percentage:   89.67
Size:       97	Gflop/s:    34.36	Percentage:   87.65
Size:      127	Gflop/s:    36.75	Percentage:   93.76
Size:      128	Gflop/s:    37.83	Percentage:   96.51
Size:      129	Gflop/s:    37.44	Percentage:   95.51
Size:      191	Gflop/s:    40.82	Percentage:  104.14
Size:      192	Gflop/s:    42.27	Percentage:  107.84
Size:      229	Gflop/s:    42.81	Percentage:  109.21
Size:      255	Gflop/s:    42.92	Percentage:  109.49
Size:      256	Gflop/s:    44.08	Percentage:  112.45
Size:      257	Gflop/s:    43.47	Percentage:  110.89
Size:      319	Gflop/s:    44.55	Percentage:  113.66
Size:      320	Gflop/s:    46.06	Percentage:  117.51
Size:      321	Gflop/s:    45.64	Percentage:  116.43
Size:      417	Gflop/s:    47.57	Percentage:  121.34
Size:      479	Gflop/s:    47.13	Percentage:  120.23
Size:      480	Gflop/s:    48.63	Percentage:  124.07
Size:      511	Gflop/s:    46.31	Percentage:  118.15
Size:      512	Gflop/s:    45.75	Percentage:  116.71
Size:      639	Gflop/s:    48.12	Percentage:  122.75
Size:      640	Gflop/s:    49.12	Percentage:  125.31
Size:      767	Gflop/s:    48.80	Percentage:  124.48
Size:      768	Gflop/s:    49.36	Percentage:  125.91
Size:      769	Gflop/s:    49.07	Percentage:  125.18
Size:      800	Gflop/s:    49.96	Percentage:  127.46
Size:      900	Gflop/s:    50.18	Percentage:  128.02
Size:     1000	Gflop/s:    50.61	Percentage:  129.11
Size:     1100	Gflop/s:    50.29	Percentage:  128.29
Size:     1200	Gflop/s:    50.64	Percentage:  129.19
# Average percentage of peak performance = 111.16

==== benchmark-naive ======================
# Description:	Naive, three-loop dgemm.

Size:       31	Gflop/s:     0.45	Percentage:    1.14
Size:       32	Gflop/s:     0.47	Percentage:    1.20
Size:       96	Gflop/s:     0.47	Percentage:    1.20
Size:       97	Gflop/s:     0.46	Percentage:    1.18
Size:      127	Gflop/s:     0.48	Percentage:    1.23
Size:      128	Gflop/s:     0.46	Percentage:    1.18
Size:      129	Gflop/s:     0.47	Percentage:    1.19
Size:      191	Gflop/s:     0.47	Percentage:    1.20
Size:      192	Gflop/s:     0.47	Percentage:    1.19
Size:      229	Gflop/s:     0.47	Percentage:    1.19
Size:      255	Gflop/s:     0.47	Percentage:    1.19
Size:      256	Gflop/s:     0.46	Percentage:    1.17
Size:      257	Gflop/s:     0.47	Percentage:    1.19
Size:      319	Gflop/s:     0.47	Percentage:    1.19
Size:      320	Gflop/s:     0.47	Percentage:    1.19
Size:      321	Gflop/s:     0.47	Percentage:    1.19
Size:      417	Gflop/s:     0.47	Percentage:    1.19
Size:      479	Gflop/s:     0.47	Percentage:    1.20
Size:      480	Gflop/s:     0.47	Percentage:    1.20
Size:      511	Gflop/s:     0.47	Percentage:    1.19
Size:      512	Gflop/s:     0.42	Percentage:    1.07
Size:      639	Gflop/s:     0.47	Percentage:    1.20
Size:      640	Gflop/s:     0.46	Percentage:    1.18
Size:      767	Gflop/s:     0.47	Percentage:    1.20
Size:      768	Gflop/s:     0.44	Percentage:    1.12
Size:      769	Gflop/s:     0.47	Percentage:    1.20
Size:      800	Gflop/s:     0.47	Percentage:    1.20
Size:      900	Gflop/s:     0.47	Percentage:    1.20
Size:     1000	Gflop/s:     0.47	Percentage:    1.20
Size:     1100	Gflop/s:     0.47	Percentage:    1.20
Size:     1200	Gflop/s:     0.47	Percentage:    1.20
# Average percentage of peak performance = 1.18516

==== plot results =========================
