rm -f benchmark-naive benchmark-blocked benchmark-blas benchmark.o dgemm-naive.o dgemm-blocked.o dgemm-blas.o
gcc                          -c -Wall -std=gnu99 -march=native            benchmark.c
gcc                          -c -Wall -std=gnu99 -march=native            dgemm-naive.c
gcc                          -o benchmark-naive benchmark.o dgemm-naive.o -L/cluster/apps/gcc-11.4.0/openblas-0.3.20-ssgo6yxxzud3xbfabkvv77e6lpnq7hep -lopenblas              
gcc                          -c -Wall -std=gnu99 -march=native            dgemm-blocked.c
gcc                          -o benchmark-blocked benchmark.o dgemm-blocked.o -L/cluster/apps/gcc-11.4.0/openblas-0.3.20-ssgo6yxxzud3xbfabkvv77e6lpnq7hep -lopenblas              
gcc                          -c -Wall -std=gnu99 -march=native            dgemm-blas.c
gcc                          -o benchmark-blas benchmark.o dgemm-blas.o -L/cluster/apps/gcc-11.4.0/openblas-0.3.20-ssgo6yxxzud3xbfabkvv77e6lpnq7hep -lopenblas              
==== benchmark-blocked ====================
# Description:	Blocked dgemm.

Size:       31	Gflop/s:     7.18	Percentage:   18.31
Size:       32	Gflop/s:     8.29	Percentage:   21.14
Size:       96	Gflop/s:     7.16	Percentage:   18.26
Size:       97	Gflop/s:     7.48	Percentage:   19.07
Size:      127	Gflop/s:     7.44	Percentage:   18.98
Size:      128	Gflop/s:     7.26	Percentage:   18.51
Size:      129	Gflop/s:     9.49	Percentage:   24.22
Size:      191	Gflop/s:     8.98	Percentage:   22.91
Size:      192	Gflop/s:     9.03	Percentage:   23.04
Size:      229	Gflop/s:     8.80	Percentage:   22.45
Size:      255	Gflop/s:     8.99	Percentage:   22.93
Size:      256	Gflop/s:     9.87	Percentage:   25.19
Size:      257	Gflop/s:     8.84	Percentage:   22.54
Size:      319	Gflop/s:     8.74	Percentage:   22.29
Size:      320	Gflop/s:     9.54	Percentage:   24.33
Size:      321	Gflop/s:     8.78	Percentage:   22.40
Size:      417	Gflop/s:     8.96	Percentage:   22.85
Size:      479	Gflop/s:     8.79	Percentage:   22.42
Size:      480	Gflop/s:     9.43	Percentage:   24.06
Size:      511	Gflop/s:     8.66	Percentage:   22.08
Size:      512	Gflop/s:     9.43	Percentage:   24.06
Size:      639	Gflop/s:     9.55	Percentage:   24.36
Size:      640	Gflop/s:    10.23	Percentage:   26.11
Size:      767	Gflop/s:     9.26	Percentage:   23.61
Size:      768	Gflop/s:     9.91	Percentage:   25.29
Size:      769	Gflop/s:     8.68	Percentage:   22.15
Size:      800	Gflop/s:     9.56	Percentage:   24.38
Size:      900	Gflop/s:     9.67	Percentage:   24.66
Size:     1000	Gflop/s:     9.50	Percentage:   24.24
Size:     1100	Gflop/s:     9.61	Percentage:   24.52
Size:     1200	Gflop/s:     9.64	Percentage:   24.58
# Average percentage of peak performance = 22.7727

==== benchmark-blas =======================
# Description:	Reference dgemm.

Size:       31	Gflop/s:    21.25	Percentage:   54.21
Size:       32	Gflop/s:    17.32	Percentage:   44.18
Size:       96	Gflop/s:    30.09	Percentage:   76.75
Size:       97	Gflop/s:    29.32	Percentage:   74.79
Size:      127	Gflop/s:    31.12	Percentage:   79.40
Size:      128	Gflop/s:    31.77	Percentage:   81.04
Size:      129	Gflop/s:    31.66	Percentage:   80.76
Size:      191	Gflop/s:    34.28	Percentage:   87.45
Size:      192	Gflop/s:    35.43	Percentage:   90.39
Size:      229	Gflop/s:    36.08	Percentage:   92.03
Size:      255	Gflop/s:    36.20	Percentage:   92.36
Size:      256	Gflop/s:    36.95	Percentage:   94.25
Size:      257	Gflop/s:    36.31	Percentage:   92.63
Size:      319	Gflop/s:    37.42	Percentage:   95.47
Size:      320	Gflop/s:    38.52	Percentage:   98.26
Size:      321	Gflop/s:    38.29	Percentage:   97.68
Size:      417	Gflop/s:    39.67	Percentage:  101.19
Size:      479	Gflop/s:    39.13	Percentage:   99.81
Size:      480	Gflop/s:    40.34	Percentage:  102.90
Size:      511	Gflop/s:    38.82	Percentage:   99.03
Size:      512	Gflop/s:    38.07	Percentage:   97.12
Size:      639	Gflop/s:    39.76	Percentage:  101.43
Size:      640	Gflop/s:    40.45	Percentage:  103.19
Size:      767	Gflop/s:    40.18	Percentage:  102.51
Size:      768	Gflop/s:    40.68	Percentage:  103.77
Size:      769	Gflop/s:    40.35	Percentage:  102.93
Size:      800	Gflop/s:    40.95	Percentage:  104.45
Size:      900	Gflop/s:    41.32	Percentage:  105.41
Size:     1000	Gflop/s:    42.22	Percentage:  107.71
Size:     1100	Gflop/s:    41.27	Percentage:  105.29
Size:     1200	Gflop/s:    41.80	Percentage:  106.64
# Average percentage of peak performance = 92.743

==== benchmark-naive ======================
# Description:	Naive, three-loop dgemm.

Size:       31	Gflop/s:     0.40	Percentage:    1.02
Size:       32	Gflop/s:     0.43	Percentage:    1.09
Size:       96	Gflop/s:     0.43	Percentage:    1.09
Size:       97	Gflop/s:     0.43	Percentage:    1.09
Size:      127	Gflop/s:     0.43	Percentage:    1.10
Size:      128	Gflop/s:     0.42	Percentage:    1.07
Size:      129	Gflop/s:     0.43	Percentage:    1.10
Size:      191	Gflop/s:     0.43	Percentage:    1.08
Size:      192	Gflop/s:     0.42	Percentage:    1.08
Size:      229	Gflop/s:     0.43	Percentage:    1.09
Size:      255	Gflop/s:     0.43	Percentage:    1.09
Size:      256	Gflop/s:     0.42	Percentage:    1.07
Size:      257	Gflop/s:     0.42	Percentage:    1.08
Size:      319	Gflop/s:     0.43	Percentage:    1.09
Size:      320	Gflop/s:     0.43	Percentage:    1.08
Size:      321	Gflop/s:     0.42	Percentage:    1.08
Size:      417	Gflop/s:     0.43	Percentage:    1.09
Size:      479	Gflop/s:     0.43	Percentage:    1.09
Size:      480	Gflop/s:     0.43	Percentage:    1.09
Size:      511	Gflop/s:     0.43	Percentage:    1.09
Size:      512	Gflop/s:     0.36	Percentage:    0.93
Size:      639	Gflop/s:     0.43	Percentage:    1.09
Size:      640	Gflop/s:     0.41	Percentage:    1.05
Size:      767	Gflop/s:     0.43	Percentage:    1.09
Size:      768	Gflop/s:     0.38	Percentage:    0.98
Size:      769	Gflop/s:     0.43	Percentage:    1.09
Size:      800	Gflop/s:     0.43	Percentage:    1.09
Size:      900	Gflop/s:     0.43	Percentage:    1.09
Size:     1000	Gflop/s:     0.43	Percentage:    1.09
Size:     1100	Gflop/s:     0.43	Percentage:    1.09
Size:     1200	Gflop/s:     0.42	Percentage:    1.08
# Average percentage of peak performance = 1.07388

==== plot results =========================
