rm -f benchmark-naive benchmark-blocked benchmark-blas benchmark.o dgemm-naive.o dgemm-blocked.o dgemm-blas.o
gcc                          -c -Wall -std=gnu99 -march=native            benchmark.c
gcc                          -c -Wall -std=gnu99 -march=native            dgemm-naive.c
gcc                          -o benchmark-naive benchmark.o dgemm-naive.o -L/cluster/apps/gcc-11.4.0/openblas-0.3.20-ssgo6yxxzud3xbfabkvv77e6lpnq7hep -lopenblas              
gcc                          -c -Wall -std=gnu99 -march=native            dgemm-blocked.c
gcc                          -o benchmark-blocked benchmark.o dgemm-blocked.o -L/cluster/apps/gcc-11.4.0/openblas-0.3.20-ssgo6yxxzud3xbfabkvv77e6lpnq7hep -lopenblas              
gcc                          -c -Wall -std=gnu99 -march=native            dgemm-blas.c
gcc                          -o benchmark-blas benchmark.o dgemm-blas.o -L/cluster/apps/gcc-11.4.0/openblas-0.3.20-ssgo6yxxzud3xbfabkvv77e6lpnq7hep -lopenblas              
==== benchmark-blocked ====================
# Description:	Blocked dgemm.

Size:       31	Gflop/s:     7.89	Percentage:   20.13
Size:       32	Gflop/s:     8.94	Percentage:   22.80
Size:       96	Gflop/s:     7.70	Percentage:   19.64
Size:       97	Gflop/s:     8.03	Percentage:   20.49
Size:      127	Gflop/s:     8.10	Percentage:   20.65
Size:      128	Gflop/s:     7.80	Percentage:   19.89
Size:      129	Gflop/s:     8.16	Percentage:   20.83
Size:      191	Gflop/s:    10.17	Percentage:   25.95
Size:      192	Gflop/s:     9.69	Percentage:   24.72
Size:      229	Gflop/s:     9.80	Percentage:   24.99
Size:      255	Gflop/s:     9.70	Percentage:   24.74
Size:      256	Gflop/s:     8.51	Percentage:   21.71
Size:      257	Gflop/s:     9.57	Percentage:   24.41
Size:      319	Gflop/s:     9.42	Percentage:   24.02
Size:      320	Gflop/s:     8.79	Percentage:   22.42
Size:      321	Gflop/s:     9.47	Percentage:   24.17
Size:      417	Gflop/s:     8.63	Percentage:   22.02
Size:      479	Gflop/s:     8.93	Percentage:   22.78
Size:      480	Gflop/s:     8.26	Percentage:   21.07
Size:      511	Gflop/s:     8.82	Percentage:   22.49
Size:      512	Gflop/s:     7.64	Percentage:   19.49
Size:      639	Gflop/s:     8.69	Percentage:   22.16
Size:      640	Gflop/s:     8.02	Percentage:   20.46
Size:      767	Gflop/s:     8.60	Percentage:   21.93
Size:      768	Gflop/s:     7.98	Percentage:   20.36
Size:      769	Gflop/s:     8.61	Percentage:   21.97
Size:      800	Gflop/s:     7.80	Percentage:   19.89
Size:      900	Gflop/s:     8.14	Percentage:   20.77
Size:     1000	Gflop/s:     7.95	Percentage:   20.29
Size:     1100	Gflop/s:     8.00	Percentage:   20.40
Size:     1200	Gflop/s:     7.88	Percentage:   20.09
# Average percentage of peak performance = 21.8622

==== benchmark-blas =======================
# Description:	Reference dgemm.

Size:       31	Gflop/s:    22.59	Percentage:   57.64
Size:       32	Gflop/s:    18.50	Percentage:   47.19
Size:       96	Gflop/s:    32.09	Percentage:   81.86
Size:       97	Gflop/s:    31.44	Percentage:   80.20
Size:      127	Gflop/s:    33.60	Percentage:   85.72
Size:      128	Gflop/s:    34.53	Percentage:   88.08
Size:      129	Gflop/s:    34.33	Percentage:   87.57
Size:      191	Gflop/s:    37.25	Percentage:   95.02
Size:      192	Gflop/s:    38.49	Percentage:   98.19
Size:      229	Gflop/s:    39.15	Percentage:   99.87
Size:      255	Gflop/s:    39.25	Percentage:  100.12
Size:      256	Gflop/s:    40.17	Percentage:  102.48
Size:      257	Gflop/s:    39.50	Percentage:  100.76
Size:      319	Gflop/s:    40.50	Percentage:  103.31
Size:      320	Gflop/s:    41.81	Percentage:  106.65
Size:      321	Gflop/s:    41.63	Percentage:  106.19
Size:      417	Gflop/s:    43.27	Percentage:  110.39
Size:      479	Gflop/s:    42.65	Percentage:  108.81
Size:      480	Gflop/s:    44.00	Percentage:  112.25
Size:      511	Gflop/s:    42.12	Percentage:  107.44
Size:      512	Gflop/s:    41.60	Percentage:  106.13
Size:      639	Gflop/s:    43.82	Percentage:  111.79
Size:      640	Gflop/s:    44.74	Percentage:  114.13
Size:      767	Gflop/s:    44.32	Percentage:  113.05
Size:      768	Gflop/s:    44.78	Percentage:  114.24
Size:      769	Gflop/s:    44.69	Percentage:  114.00
Size:      800	Gflop/s:    45.29	Percentage:  115.54
Size:      900	Gflop/s:    45.54	Percentage:  116.16
Size:     1000	Gflop/s:    45.92	Percentage:  117.14
Size:     1100	Gflop/s:    45.31	Percentage:  115.58
Size:     1200	Gflop/s:    45.87	Percentage:  117.03
# Average percentage of peak performance = 101.113

==== benchmark-naive ======================
# Description:	Naive, three-loop dgemm.

Size:       31	Gflop/s:     0.45	Percentage:    1.14
Size:       32	Gflop/s:     0.46	Percentage:    1.17
Size:       96	Gflop/s:     0.46	Percentage:    1.18
Size:       97	Gflop/s:     0.46	Percentage:    1.16
Size:      127	Gflop/s:     0.46	Percentage:    1.17
Size:      128	Gflop/s:     0.46	Percentage:    1.16
Size:      129	Gflop/s:     0.46	Percentage:    1.18
Size:      191	Gflop/s:     0.46	Percentage:    1.17
Size:      192	Gflop/s:     0.46	Percentage:    1.17
Size:      229	Gflop/s:     0.46	Percentage:    1.17
Size:      255	Gflop/s:     0.46	Percentage:    1.17
Size:      256	Gflop/s:     0.45	Percentage:    1.15
Size:      257	Gflop/s:     0.46	Percentage:    1.17
Size:      319	Gflop/s:     0.46	Percentage:    1.18
Size:      320	Gflop/s:     0.46	Percentage:    1.17
Size:      321	Gflop/s:     0.46	Percentage:    1.17
Size:      417	Gflop/s:     0.46	Percentage:    1.18
Size:      479	Gflop/s:     0.46	Percentage:    1.17
Size:      480	Gflop/s:     0.46	Percentage:    1.17
Size:      511	Gflop/s:     0.46	Percentage:    1.17
Size:      512	Gflop/s:     0.38	Percentage:    0.98
Size:      639	Gflop/s:     0.46	Percentage:    1.17
Size:      640	Gflop/s:     0.45	Percentage:    1.14
Size:      767	Gflop/s:     0.46	Percentage:    1.18
Size:      768	Gflop/s:     0.42	Percentage:    1.07
Size:      769	Gflop/s:     0.46	Percentage:    1.18
Size:      800	Gflop/s:     0.46	Percentage:    1.18
Size:      900	Gflop/s:     0.46	Percentage:    1.18
Size:     1000	Gflop/s:     0.46	Percentage:    1.18
Size:     1100	Gflop/s:     0.46	Percentage:    1.18
Size:     1200	Gflop/s:     0.46	Percentage:    1.18
# Average percentage of peak performance = 1.16145

==== plot results =========================
