rm -f benchmark-naive benchmark-blocked benchmark-blas benchmark.o dgemm-naive.o dgemm-blocked.o dgemm-blas.o
gcc                          -c -Wall -std=gnu99 -march=native            benchmark.c
gcc                          -c -Wall -std=gnu99 -march=native            dgemm-naive.c
gcc                          -o benchmark-naive benchmark.o dgemm-naive.o -L/cluster/apps/gcc-11.4.0/openblas-0.3.20-ssgo6yxxzud3xbfabkvv77e6lpnq7hep -lopenblas              
gcc                          -c -Wall -std=gnu99 -march=native            dgemm-blocked.c
gcc                          -o benchmark-blocked benchmark.o dgemm-blocked.o -L/cluster/apps/gcc-11.4.0/openblas-0.3.20-ssgo6yxxzud3xbfabkvv77e6lpnq7hep -lopenblas              
gcc                          -c -Wall -std=gnu99 -march=native            dgemm-blas.c
gcc                          -o benchmark-blas benchmark.o dgemm-blas.o -L/cluster/apps/gcc-11.4.0/openblas-0.3.20-ssgo6yxxzud3xbfabkvv77e6lpnq7hep -lopenblas              
==== benchmark-blocked ====================
# Description:	Blocked dgemm.

Size:       31	Gflop/s:     7.85	Percentage:   20.02
Size:       32	Gflop/s:     8.56	Percentage:   21.83
Size:       96	Gflop/s:     8.36	Percentage:   21.34
Size:       97	Gflop/s:     8.71	Percentage:   22.21
Size:      127	Gflop/s:     8.85	Percentage:   22.58
Size:      128	Gflop/s:     8.49	Percentage:   21.66
Size:      129	Gflop/s:     8.88	Percentage:   22.66
Size:      191	Gflop/s:     8.51	Percentage:   21.71
Size:      192	Gflop/s:    10.70	Percentage:   27.31
Size:      229	Gflop/s:    10.55	Percentage:   26.91
Size:      255	Gflop/s:    10.79	Percentage:   27.51
Size:      256	Gflop/s:    11.85	Percentage:   30.23
Size:      257	Gflop/s:    10.57	Percentage:   26.97
Size:      319	Gflop/s:    10.39	Percentage:   26.50
Size:      320	Gflop/s:    11.42	Percentage:   29.12
Size:      321	Gflop/s:    10.45	Percentage:   26.67
Size:      417	Gflop/s:    10.63	Percentage:   27.11
Size:      479	Gflop/s:    10.27	Percentage:   26.21
Size:      480	Gflop/s:    10.99	Percentage:   28.02
Size:      511	Gflop/s:    10.29	Percentage:   26.26
Size:      512	Gflop/s:    11.13	Percentage:   28.39
Size:      639	Gflop/s:    10.11	Percentage:   25.79
Size:      640	Gflop/s:    11.09	Percentage:   28.30
Size:      767	Gflop/s:    10.22	Percentage:   26.08
Size:      768	Gflop/s:    11.23	Percentage:   28.64
Size:      769	Gflop/s:    10.10	Percentage:   25.76
Size:      800	Gflop/s:    11.48	Percentage:   29.28
Size:      900	Gflop/s:    11.63	Percentage:   29.67
Size:     1000	Gflop/s:    11.26	Percentage:   28.73
Size:     1100	Gflop/s:    11.34	Percentage:   28.92
Size:     1200	Gflop/s:    11.51	Percentage:   29.36
# Average percentage of peak performance = 26.1846

==== benchmark-blas =======================
# Description:	Reference dgemm.

Size:       31	Gflop/s:    24.53	Percentage:   62.57
Size:       32	Gflop/s:    20.01	Percentage:   51.06
Size:       96	Gflop/s:    34.94	Percentage:   89.13
Size:       97	Gflop/s:    34.21	Percentage:   87.26
Size:      127	Gflop/s:    36.73	Percentage:   93.69
Size:      128	Gflop/s:    37.56	Percentage:   95.83
Size:      129	Gflop/s:    37.27	Percentage:   95.08
Size:      191	Gflop/s:    40.52	Percentage:  103.36
Size:      192	Gflop/s:    42.05	Percentage:  107.28
Size:      229	Gflop/s:    42.53	Percentage:  108.50
Size:      255	Gflop/s:    42.62	Percentage:  108.72
Size:      256	Gflop/s:    43.82	Percentage:  111.78
Size:      257	Gflop/s:    43.23	Percentage:  110.28
Size:      319	Gflop/s:    44.04	Percentage:  112.35
Size:      320	Gflop/s:    45.35	Percentage:  115.68
Size:      321	Gflop/s:    45.12	Percentage:  115.09
Size:      417	Gflop/s:    46.96	Percentage:  119.80
Size:      479	Gflop/s:    46.41	Percentage:  118.38
Size:      480	Gflop/s:    48.23	Percentage:  123.04
Size:      511	Gflop/s:    45.73	Percentage:  116.65
Size:      512	Gflop/s:    45.44	Percentage:  115.92
Size:      639	Gflop/s:    47.34	Percentage:  120.76
Size:      640	Gflop/s:    48.19	Percentage:  122.94
Size:      767	Gflop/s:    48.70	Percentage:  124.22
Size:      768	Gflop/s:    49.06	Percentage:  125.16
Size:      769	Gflop/s:    48.92	Percentage:  124.80
Size:      800	Gflop/s:    49.78	Percentage:  127.00
Size:      900	Gflop/s:    49.96	Percentage:  127.46
Size:     1000	Gflop/s:    50.47	Percentage:  128.74
Size:     1100	Gflop/s:    50.06	Percentage:  127.70
Size:     1200	Gflop/s:    50.56	Percentage:  128.98
# Average percentage of peak performance = 110.296

==== benchmark-naive ======================
# Description:	Naive, three-loop dgemm.

Size:       31	Gflop/s:     0.50	Percentage:    1.28
Size:       32	Gflop/s:     0.50	Percentage:    1.28
Size:       96	Gflop/s:     0.50	Percentage:    1.29
Size:       97	Gflop/s:     0.50	Percentage:    1.27
Size:      127	Gflop/s:     0.50	Percentage:    1.28
Size:      128	Gflop/s:     0.49	Percentage:    1.26
Size:      129	Gflop/s:     0.50	Percentage:    1.28
Size:      191	Gflop/s:     0.50	Percentage:    1.28
Size:      192	Gflop/s:     0.50	Percentage:    1.27
Size:      229	Gflop/s:     0.50	Percentage:    1.28
Size:      255	Gflop/s:     0.50	Percentage:    1.28
Size:      256	Gflop/s:     0.49	Percentage:    1.24
Size:      257	Gflop/s:     0.50	Percentage:    1.28
Size:      319	Gflop/s:     0.50	Percentage:    1.27
Size:      320	Gflop/s:     0.50	Percentage:    1.28
Size:      321	Gflop/s:     0.50	Percentage:    1.28
Size:      417	Gflop/s:     0.50	Percentage:    1.28
Size:      479	Gflop/s:     0.50	Percentage:    1.28
Size:      480	Gflop/s:     0.50	Percentage:    1.28
Size:      511	Gflop/s:     0.50	Percentage:    1.28
Size:      512	Gflop/s:     0.42	Percentage:    1.07
Size:      639	Gflop/s:     0.50	Percentage:    1.28
Size:      640	Gflop/s:     0.49	Percentage:    1.25
Size:      767	Gflop/s:     0.50	Percentage:    1.28
Size:      768	Gflop/s:     0.46	Percentage:    1.16
Size:      769	Gflop/s:     0.50	Percentage:    1.28
Size:      800	Gflop/s:     0.50	Percentage:    1.28
Size:      900	Gflop/s:     0.50	Percentage:    1.29
Size:     1000	Gflop/s:     0.50	Percentage:    1.29
Size:     1100	Gflop/s:     0.50	Percentage:    1.28
Size:     1200	Gflop/s:     0.50	Percentage:    1.29
# Average percentage of peak performance = 1.26726

==== plot results =========================
