rm -f benchmark-naive benchmark-blocked benchmark-blas benchmark.o dgemm-naive.o dgemm-blocked.o dgemm-blas.o
gcc                          -c -Wall -std=gnu99 -O0            benchmark.c
gcc                          -c -Wall -std=gnu99 -O0            dgemm-naive.c
gcc                          -o benchmark-naive benchmark.o dgemm-naive.o -L/cluster/apps/gcc-11.4.0/openblas-0.3.20-ssgo6yxxzud3xbfabkvv77e6lpnq7hep -lopenblas              
gcc                          -c -Wall -std=gnu99 -O0            dgemm-blocked.c
gcc                          -o benchmark-blocked benchmark.o dgemm-blocked.o -L/cluster/apps/gcc-11.4.0/openblas-0.3.20-ssgo6yxxzud3xbfabkvv77e6lpnq7hep -lopenblas              
gcc                          -c -Wall -std=gnu99 -O0            dgemm-blas.c
gcc                          -o benchmark-blas benchmark.o dgemm-blas.o -L/cluster/apps/gcc-11.4.0/openblas-0.3.20-ssgo6yxxzud3xbfabkvv77e6lpnq7hep -lopenblas              
==== benchmark-blocked ====================
# Description:	Blocked dgemm.

Size:       31	Gflop/s:     7.69	Percentage:   19.61
Size:       32	Gflop/s:     7.92	Percentage:   20.20
Size:       96	Gflop/s:     8.57	Percentage:   21.87
Size:       97	Gflop/s:     7.15	Percentage:   18.23
Size:      127	Gflop/s:     7.25	Percentage:   18.49
Size:      128	Gflop/s:     8.74	Percentage:   22.30
Size:      129	Gflop/s:     7.06	Percentage:   18.01
Size:      191	Gflop/s:     7.66	Percentage:   19.53
Size:      192	Gflop/s:    10.57	Percentage:   26.96
Size:      229	Gflop/s:     8.78	Percentage:   22.41
Size:      255	Gflop/s:     8.55	Percentage:   21.80
Size:      256	Gflop/s:     9.69	Percentage:   24.73
Size:      257	Gflop/s:     8.30	Percentage:   21.18
Size:      319	Gflop/s:     8.49	Percentage:   21.66
Size:      320	Gflop/s:     9.80	Percentage:   24.99
Size:      321	Gflop/s:     8.44	Percentage:   21.53
Size:      417	Gflop/s:     8.53	Percentage:   21.76
Size:      479	Gflop/s:     8.56	Percentage:   21.84
Size:      480	Gflop/s:    10.07	Percentage:   25.68
Size:      511	Gflop/s:     8.57	Percentage:   21.87
Size:      512	Gflop/s:    10.23	Percentage:   26.09
Size:      639	Gflop/s:     8.69	Percentage:   22.17
Size:      640	Gflop/s:    10.36	Percentage:   26.42
Size:      767	Gflop/s:     8.62	Percentage:   21.99
Size:      768	Gflop/s:    10.48	Percentage:   26.73
Size:      769	Gflop/s:     8.68	Percentage:   22.14
Size:      800	Gflop/s:    10.42	Percentage:   26.58
Size:      900	Gflop/s:    10.43	Percentage:   26.61
Size:     1000	Gflop/s:    10.27	Percentage:   26.20
Size:     1100	Gflop/s:    10.41	Percentage:   26.55
Size:     1200	Gflop/s:    10.44	Percentage:   26.63
# Average percentage of peak performance = 22.9929

==== benchmark-blas =======================
# Description:	Reference dgemm.

Size:       31	Gflop/s:    24.17	Percentage:   61.67
Size:       32	Gflop/s:    19.86	Percentage:   50.66
Size:       96	Gflop/s:    35.11	Percentage:   89.56
Size:       97	Gflop/s:    34.35	Percentage:   87.63
Size:      127	Gflop/s:    36.67	Percentage:   93.56
Size:      128	Gflop/s:    37.62	Percentage:   95.98
Size:      129	Gflop/s:    37.30	Percentage:   95.17
Size:      191	Gflop/s:    40.71	Percentage:  103.84
Size:      192	Gflop/s:    42.01	Percentage:  107.18
Size:      229	Gflop/s:    42.79	Percentage:  109.15
Size:      255	Gflop/s:    42.83	Percentage:  109.27
Size:      256	Gflop/s:    43.74	Percentage:  111.58
Size:      257	Gflop/s:    43.19	Percentage:  110.19
Size:      319	Gflop/s:    43.20	Percentage:  110.21
Size:      320	Gflop/s:    45.82	Percentage:  116.90
Size:      321	Gflop/s:    45.45	Percentage:  115.94
Size:      417	Gflop/s:    47.12	Percentage:  120.21
Size:      479	Gflop/s:    46.70	Percentage:  119.13
Size:      480	Gflop/s:    48.10	Percentage:  122.71
Size:      511	Gflop/s:    46.31	Percentage:  118.14
Size:      512	Gflop/s:    45.46	Percentage:  115.98
Size:      639	Gflop/s:    47.70	Percentage:  121.68
Size:      640	Gflop/s:    48.83	Percentage:  124.56
Size:      767	Gflop/s:    48.37	Percentage:  123.40
Size:      768	Gflop/s:    48.94	Percentage:  124.85
Size:      769	Gflop/s:    48.64	Percentage:  124.07
Size:      800	Gflop/s:    49.39	Percentage:  126.00
Size:      900	Gflop/s:    49.63	Percentage:  126.60
Size:     1000	Gflop/s:    50.23	Percentage:  128.13
Size:     1100	Gflop/s:    49.63	Percentage:  126.60
Size:     1200	Gflop/s:    50.05	Percentage:  127.67
# Average percentage of peak performance = 110.263

==== benchmark-naive ======================
# Description:	Naive, three-loop dgemm.

Size:       31	Gflop/s:     0.45	Percentage:    1.16
Size:       32	Gflop/s:     0.47	Percentage:    1.21
Size:       96	Gflop/s:     0.48	Percentage:    1.22
Size:       97	Gflop/s:     0.47	Percentage:    1.21
Size:      127	Gflop/s:     0.48	Percentage:    1.22
Size:      128	Gflop/s:     0.47	Percentage:    1.21
Size:      129	Gflop/s:     0.48	Percentage:    1.21
Size:      191	Gflop/s:     0.48	Percentage:    1.22
Size:      192	Gflop/s:     0.48	Percentage:    1.22
Size:      229	Gflop/s:     0.48	Percentage:    1.22
Size:      255	Gflop/s:     0.48	Percentage:    1.22
Size:      256	Gflop/s:     0.47	Percentage:    1.21
Size:      257	Gflop/s:     0.48	Percentage:    1.22
Size:      319	Gflop/s:     0.48	Percentage:    1.22
Size:      320	Gflop/s:     0.48	Percentage:    1.22
Size:      321	Gflop/s:     0.48	Percentage:    1.22
Size:      417	Gflop/s:     0.48	Percentage:    1.22
Size:      479	Gflop/s:     0.48	Percentage:    1.22
Size:      480	Gflop/s:     0.48	Percentage:    1.22
Size:      511	Gflop/s:     0.48	Percentage:    1.22
Size:      512	Gflop/s:     0.44	Percentage:    1.11
Size:      639	Gflop/s:     0.48	Percentage:    1.23
Size:      640	Gflop/s:     0.47	Percentage:    1.21
Size:      767	Gflop/s:     0.48	Percentage:    1.23
Size:      768	Gflop/s:     0.45	Percentage:    1.15
Size:      769	Gflop/s:     0.48	Percentage:    1.22
Size:      800	Gflop/s:     0.48	Percentage:    1.23
Size:      900	Gflop/s:     0.48	Percentage:    1.23
Size:     1000	Gflop/s:     0.48	Percentage:    1.23
Size:     1100	Gflop/s:     0.48	Percentage:    1.23
Size:     1200	Gflop/s:     0.49	Percentage:    1.24
# Average percentage of peak performance = 1.2124

==== plot results =========================
