rm -f benchmark-naive benchmark-blocked benchmark-blas benchmark.o dgemm-naive.o dgemm-blocked.o dgemm-blas.o
gcc                          -c -Wall -std=gnu99 -march=native            benchmark.c
gcc                          -c -Wall -std=gnu99 -march=native            dgemm-naive.c
gcc                          -o benchmark-naive benchmark.o dgemm-naive.o -L/cluster/apps/gcc-11.4.0/openblas-0.3.20-ssgo6yxxzud3xbfabkvv77e6lpnq7hep -lopenblas              
gcc                          -c -Wall -std=gnu99 -march=native            dgemm-blocked.c
gcc                          -o benchmark-blocked benchmark.o dgemm-blocked.o -L/cluster/apps/gcc-11.4.0/openblas-0.3.20-ssgo6yxxzud3xbfabkvv77e6lpnq7hep -lopenblas              
gcc                          -c -Wall -std=gnu99 -march=native            dgemm-blas.c
gcc                          -o benchmark-blas benchmark.o dgemm-blas.o -L/cluster/apps/gcc-11.4.0/openblas-0.3.20-ssgo6yxxzud3xbfabkvv77e6lpnq7hep -lopenblas              
==== benchmark-blocked ====================
# Description:	Blocked dgemm.

Size:       31	Gflop/s:     9.80	Percentage:   25.01
Size:       32	Gflop/s:    10.25	Percentage:   26.15
Size:       96	Gflop/s:     8.46	Percentage:   21.59
Size:       97	Gflop/s:     8.96	Percentage:   22.85
Size:      127	Gflop/s:     9.03	Percentage:   23.03
Size:      128	Gflop/s:     8.51	Percentage:   21.71
Size:      129	Gflop/s:     9.03	Percentage:   23.04
Size:      191	Gflop/s:    10.94	Percentage:   27.92
Size:      192	Gflop/s:    11.09	Percentage:   28.29
Size:      229	Gflop/s:    10.82	Percentage:   27.59
Size:      255	Gflop/s:    10.97	Percentage:   28.00
Size:      256	Gflop/s:    11.97	Percentage:   30.53
Size:      257	Gflop/s:    10.82	Percentage:   27.60
Size:      319	Gflop/s:    10.67	Percentage:   27.22
Size:      320	Gflop/s:    11.75	Percentage:   29.98
Size:      321	Gflop/s:    10.72	Percentage:   27.35
Size:      417	Gflop/s:    10.85	Percentage:   27.67
Size:      479	Gflop/s:    10.63	Percentage:   27.11
Size:      480	Gflop/s:    11.44	Percentage:   29.19
Size:      511	Gflop/s:    10.43	Percentage:   26.60
Size:      512	Gflop/s:    10.96	Percentage:   27.97
Size:      639	Gflop/s:    10.41	Percentage:   26.54
Size:      640	Gflop/s:    11.35	Percentage:   28.96
Size:      767	Gflop/s:    10.51	Percentage:   26.80
Size:      768	Gflop/s:    11.27	Percentage:   28.75
Size:      769	Gflop/s:    10.57	Percentage:   26.97
Size:      800	Gflop/s:    11.71	Percentage:   29.86
Size:      900	Gflop/s:    11.88	Percentage:   30.31
Size:     1000	Gflop/s:    11.54	Percentage:   29.43
Size:     1100	Gflop/s:    11.61	Percentage:   29.62
Size:     1200	Gflop/s:    11.77	Percentage:   30.02
# Average percentage of peak performance = 27.2145

==== benchmark-blas =======================
# Description:	Reference dgemm.

Size:       31	Gflop/s:    24.74	Percentage:   63.11
Size:       32	Gflop/s:    20.16	Percentage:   51.44
Size:       96	Gflop/s:    34.94	Percentage:   89.14
Size:       97	Gflop/s:    34.19	Percentage:   87.23
Size:      127	Gflop/s:    36.84	Percentage:   93.98
Size:      128	Gflop/s:    37.63	Percentage:   96.00
Size:      129	Gflop/s:    37.25	Percentage:   95.02
Size:      191	Gflop/s:    40.49	Percentage:  103.30
Size:      192	Gflop/s:    41.99	Percentage:  107.11
Size:      229	Gflop/s:    42.66	Percentage:  108.82
Size:      255	Gflop/s:    42.78	Percentage:  109.13
Size:      256	Gflop/s:    43.94	Percentage:  112.09
Size:      257	Gflop/s:    43.07	Percentage:  109.86
Size:      319	Gflop/s:    44.37	Percentage:  113.19
Size:      320	Gflop/s:    45.81	Percentage:  116.86
Size:      321	Gflop/s:    45.40	Percentage:  115.82
Size:      417	Gflop/s:    47.35	Percentage:  120.79
Size:      479	Gflop/s:    46.91	Percentage:  119.67
Size:      480	Gflop/s:    48.28	Percentage:  123.17
Size:      511	Gflop/s:    46.34	Percentage:  118.21
Size:      512	Gflop/s:    45.78	Percentage:  116.79
Size:      639	Gflop/s:    48.00	Percentage:  122.44
Size:      640	Gflop/s:    48.78	Percentage:  124.44
Size:      767	Gflop/s:    48.39	Percentage:  123.44
Size:      768	Gflop/s:    48.82	Percentage:  124.54
Size:      769	Gflop/s:    48.20	Percentage:  122.96
Size:      800	Gflop/s:    49.46	Percentage:  126.17
Size:      900	Gflop/s:    49.59	Percentage:  126.51
Size:     1000	Gflop/s:    50.13	Percentage:  127.89
Size:     1100	Gflop/s:    49.72	Percentage:  126.84
Size:     1200	Gflop/s:    50.30	Percentage:  128.31
# Average percentage of peak performance = 110.461

==== benchmark-naive ======================
# Description:	Naive, three-loop dgemm.

Size:       31	Gflop/s:     0.50	Percentage:    1.28
Size:       32	Gflop/s:     0.50	Percentage:    1.28
Size:       96	Gflop/s:     0.51	Percentage:    1.29
Size:       97	Gflop/s:     0.50	Percentage:    1.28
Size:      127	Gflop/s:     0.50	Percentage:    1.28
Size:      128	Gflop/s:     0.50	Percentage:    1.27
Size:      129	Gflop/s:     0.50	Percentage:    1.29
Size:      191	Gflop/s:     0.50	Percentage:    1.28
Size:      192	Gflop/s:     0.50	Percentage:    1.28
Size:      229	Gflop/s:     0.50	Percentage:    1.28
Size:      255	Gflop/s:     0.50	Percentage:    1.28
Size:      256	Gflop/s:     0.49	Percentage:    1.25
Size:      257	Gflop/s:     0.50	Percentage:    1.28
Size:      319	Gflop/s:     0.50	Percentage:    1.28
Size:      320	Gflop/s:     0.50	Percentage:    1.28
Size:      321	Gflop/s:     0.50	Percentage:    1.28
Size:      417	Gflop/s:     0.50	Percentage:    1.28
Size:      479	Gflop/s:     0.50	Percentage:    1.28
Size:      480	Gflop/s:     0.50	Percentage:    1.28
Size:      511	Gflop/s:     0.50	Percentage:    1.28
Size:      512	Gflop/s:     0.43	Percentage:    1.09
Size:      639	Gflop/s:     0.50	Percentage:    1.28
Size:      640	Gflop/s:     0.49	Percentage:    1.25
Size:      767	Gflop/s:     0.50	Percentage:    1.28
Size:      768	Gflop/s:     0.45	Percentage:    1.16
Size:      769	Gflop/s:     0.50	Percentage:    1.28
Size:      800	Gflop/s:     0.50	Percentage:    1.28
Size:      900	Gflop/s:     0.50	Percentage:    1.28
Size:     1000	Gflop/s:     0.50	Percentage:    1.29
Size:     1100	Gflop/s:     0.50	Percentage:    1.28
Size:     1200	Gflop/s:     0.50	Percentage:    1.29
# Average percentage of peak performance = 1.26975

==== plot results =========================
