rm -f benchmark-naive benchmark-blocked benchmark-blas benchmark.o dgemm-naive.o dgemm-blocked.o dgemm-blas.o
gcc                          -c -Wall -std=gnu99 -march=native            benchmark.c
gcc                          -c -Wall -std=gnu99 -march=native            dgemm-naive.c
gcc                          -o benchmark-naive benchmark.o dgemm-naive.o -L/cluster/apps/gcc-11.4.0/openblas-0.3.20-ssgo6yxxzud3xbfabkvv77e6lpnq7hep -lopenblas              
gcc                          -c -Wall -std=gnu99 -march=native            dgemm-blocked.c
gcc                          -o benchmark-blocked benchmark.o dgemm-blocked.o -L/cluster/apps/gcc-11.4.0/openblas-0.3.20-ssgo6yxxzud3xbfabkvv77e6lpnq7hep -lopenblas              
gcc                          -c -Wall -std=gnu99 -march=native            dgemm-blas.c
gcc                          -o benchmark-blas benchmark.o dgemm-blas.o -L/cluster/apps/gcc-11.4.0/openblas-0.3.20-ssgo6yxxzud3xbfabkvv77e6lpnq7hep -lopenblas              
==== benchmark-blocked ====================
# Description:	Blocked dgemm.

Size:       31	Gflop/s:     7.87	Percentage:   20.08
Size:       32	Gflop/s:     8.92	Percentage:   22.76
Size:       96	Gflop/s:     7.68	Percentage:   19.60
Size:       97	Gflop/s:     8.01	Percentage:   20.44
Size:      127	Gflop/s:     8.10	Percentage:   20.67
Size:      128	Gflop/s:     7.79	Percentage:   19.88
Size:      129	Gflop/s:     8.14	Percentage:   20.78
Size:      191	Gflop/s:     9.79	Percentage:   24.97
Size:      192	Gflop/s:     9.92	Percentage:   25.32
Size:      229	Gflop/s:     9.66	Percentage:   24.63
Size:      255	Gflop/s:     9.83	Percentage:   25.08
Size:      256	Gflop/s:    10.86	Percentage:   27.71
Size:      257	Gflop/s:     9.67	Percentage:   24.68
Size:      319	Gflop/s:     9.61	Percentage:   24.52
Size:      320	Gflop/s:    10.56	Percentage:   26.93
Size:      321	Gflop/s:     9.64	Percentage:   24.58
Size:      417	Gflop/s:     9.83	Percentage:   25.07
Size:      479	Gflop/s:     9.62	Percentage:   24.54
Size:      480	Gflop/s:    10.34	Percentage:   26.37
Size:      511	Gflop/s:     9.23	Percentage:   23.53
Size:      512	Gflop/s:     9.67	Percentage:   24.68
Size:      639	Gflop/s:     9.52	Percentage:   24.28
Size:      640	Gflop/s:    10.44	Percentage:   26.63
Size:      767	Gflop/s:     9.64	Percentage:   24.59
Size:      768	Gflop/s:    10.58	Percentage:   26.98
Size:      769	Gflop/s:     9.65	Percentage:   24.62
Size:      800	Gflop/s:    10.71	Percentage:   27.31
Size:      900	Gflop/s:    10.83	Percentage:   27.64
Size:     1000	Gflop/s:    10.53	Percentage:   26.87
Size:     1100	Gflop/s:    10.62	Percentage:   27.10
Size:     1200	Gflop/s:    10.54	Percentage:   26.89
# Average percentage of peak performance = 24.5074

==== benchmark-blas =======================
# Description:	Reference dgemm.

Size:       31	Gflop/s:    22.74	Percentage:   58.01
Size:       32	Gflop/s:    18.51	Percentage:   47.23
Size:       96	Gflop/s:    32.17	Percentage:   82.06
Size:       97	Gflop/s:    31.58	Percentage:   80.57
Size:      127	Gflop/s:    33.72	Percentage:   86.02
Size:      128	Gflop/s:    34.57	Percentage:   88.18
Size:      129	Gflop/s:    34.31	Percentage:   87.53
Size:      191	Gflop/s:    37.33	Percentage:   95.24
Size:      192	Gflop/s:    38.45	Percentage:   98.10
Size:      229	Gflop/s:    39.20	Percentage:   99.99
Size:      255	Gflop/s:    39.40	Percentage:  100.51
Size:      256	Gflop/s:    40.39	Percentage:  103.03
Size:      257	Gflop/s:    39.70	Percentage:  101.27
Size:      319	Gflop/s:    40.77	Percentage:  104.01
Size:      320	Gflop/s:    41.93	Percentage:  106.96
Size:      321	Gflop/s:    41.63	Percentage:  106.19
Size:      417	Gflop/s:    43.17	Percentage:  110.13
Size:      479	Gflop/s:    42.84	Percentage:  109.27
Size:      480	Gflop/s:    44.03	Percentage:  112.33
Size:      511	Gflop/s:    42.51	Percentage:  108.44
Size:      512	Gflop/s:    42.78	Percentage:  109.14
Size:      639	Gflop/s:    43.78	Percentage:  111.68
Size:      640	Gflop/s:    44.42	Percentage:  113.31
Size:      767	Gflop/s:    44.06	Percentage:  112.40
Size:      768	Gflop/s:    45.09	Percentage:  115.01
Size:      769	Gflop/s:    44.76	Percentage:  114.18
Size:      800	Gflop/s:    45.24	Percentage:  115.40
Size:      900	Gflop/s:    45.44	Percentage:  115.92
Size:     1000	Gflop/s:    45.81	Percentage:  116.86
Size:     1100	Gflop/s:    45.56	Percentage:  116.22
Size:     1200	Gflop/s:    45.95	Percentage:  117.22
# Average percentage of peak performance = 101.368

==== benchmark-naive ======================
# Description:	Naive, three-loop dgemm.

Size:       31	Gflop/s:     0.46	Percentage:    1.16
Size:       32	Gflop/s:     0.46	Percentage:    1.18
Size:       96	Gflop/s:     0.46	Percentage:    1.18
Size:       97	Gflop/s:     0.46	Percentage:    1.16
Size:      127	Gflop/s:     0.46	Percentage:    1.18
Size:      128	Gflop/s:     0.45	Percentage:    1.16
Size:      129	Gflop/s:     0.46	Percentage:    1.18
Size:      191	Gflop/s:     0.46	Percentage:    1.17
Size:      192	Gflop/s:     0.46	Percentage:    1.18
Size:      229	Gflop/s:     0.46	Percentage:    1.18
Size:      255	Gflop/s:     0.46	Percentage:    1.18
Size:      256	Gflop/s:     0.45	Percentage:    1.16
Size:      257	Gflop/s:     0.46	Percentage:    1.17
Size:      319	Gflop/s:     0.46	Percentage:    1.17
Size:      320	Gflop/s:     0.46	Percentage:    1.17
Size:      321	Gflop/s:     0.46	Percentage:    1.17
Size:      417	Gflop/s:     0.46	Percentage:    1.17
Size:      479	Gflop/s:     0.46	Percentage:    1.18
Size:      480	Gflop/s:     0.46	Percentage:    1.17
Size:      511	Gflop/s:     0.46	Percentage:    1.18
Size:      512	Gflop/s:     0.36	Percentage:    0.91
Size:      639	Gflop/s:     0.43	Percentage:    1.10
Size:      640	Gflop/s:     0.42	Percentage:    1.06
Size:      767	Gflop/s:     0.44	Percentage:    1.13
Size:      768	Gflop/s:     0.39	Percentage:    1.00
Size:      769	Gflop/s:     0.42	Percentage:    1.08
Size:      800	Gflop/s:     0.42	Percentage:    1.08
Size:      900	Gflop/s:     0.42	Percentage:    1.08
Size:     1000	Gflop/s:     0.42	Percentage:    1.08
Size:     1100	Gflop/s:     0.42	Percentage:    1.08
Size:     1200	Gflop/s:     0.43	Percentage:    1.09
# Average percentage of peak performance = 1.13281

==== plot results =========================
