rm -f benchmark-naive benchmark-blocked benchmark-blas benchmark.o dgemm-naive.o dgemm-blocked.o dgemm-blas.o
gcc                          -c -Wall -std=gnu99 -march=native            benchmark.c
gcc                          -c -Wall -std=gnu99 -march=native            dgemm-naive.c
gcc                          -o benchmark-naive benchmark.o dgemm-naive.o -L/cluster/apps/gcc-11.4.0/openblas-0.3.20-ssgo6yxxzud3xbfabkvv77e6lpnq7hep -lopenblas              
gcc                          -c -Wall -std=gnu99 -march=native            dgemm-blocked.c
gcc                          -o benchmark-blocked benchmark.o dgemm-blocked.o -L/cluster/apps/gcc-11.4.0/openblas-0.3.20-ssgo6yxxzud3xbfabkvv77e6lpnq7hep -lopenblas              
gcc                          -c -Wall -std=gnu99 -march=native            dgemm-blas.c
gcc                          -o benchmark-blas benchmark.o dgemm-blas.o -L/cluster/apps/gcc-11.4.0/openblas-0.3.20-ssgo6yxxzud3xbfabkvv77e6lpnq7hep -lopenblas              
==== benchmark-blocked ====================
# Description:	Blocked dgemm.

Size:       31	Gflop/s:     7.36	Percentage:   18.77
Size:       32	Gflop/s:     8.49	Percentage:   21.65
Size:       96	Gflop/s:     7.65	Percentage:   19.51
Size:       97	Gflop/s:     7.55	Percentage:   19.25
Size:      127	Gflop/s:     7.19	Percentage:   18.35
Size:      128	Gflop/s:     6.34	Percentage:   16.18
Size:      129	Gflop/s:     8.73	Percentage:   22.27
Size:      191	Gflop/s:     9.45	Percentage:   24.10
Size:      192	Gflop/s:     9.00	Percentage:   22.95
Size:      229	Gflop/s:     8.87	Percentage:   22.64
Size:      255	Gflop/s:     7.52	Percentage:   19.18
Size:      256	Gflop/s:     7.76	Percentage:   19.81
Size:      257	Gflop/s:     7.34	Percentage:   18.73
Size:      319	Gflop/s:     9.52	Percentage:   24.28
Size:      320	Gflop/s:     9.66	Percentage:   24.65
Size:      321	Gflop/s:     9.66	Percentage:   24.66
Size:      417	Gflop/s:     9.36	Percentage:   23.88
Size:      479	Gflop/s:     9.22	Percentage:   23.52
Size:      480	Gflop/s:     9.47	Percentage:   24.17
Size:      511	Gflop/s:     6.47	Percentage:   16.51
Size:      512	Gflop/s:     5.73	Percentage:   14.61
Size:      639	Gflop/s:     8.15	Percentage:   20.79
Size:      640	Gflop/s:     7.50	Percentage:   19.13
Size:      767	Gflop/s:     7.07	Percentage:   18.03
Size:      768	Gflop/s:     6.76	Percentage:   17.25
Size:      769	Gflop/s:     7.03	Percentage:   17.94
Size:      800	Gflop/s:     8.95	Percentage:   22.83
Size:      900	Gflop/s:     9.00	Percentage:   22.95
Size:     1000	Gflop/s:     8.73	Percentage:   22.26
Size:     1100	Gflop/s:     8.81	Percentage:   22.47
Size:     1200	Gflop/s:     8.86	Percentage:   22.59
# Average percentage of peak performance = 20.8359

==== benchmark-blas =======================
# Description:	Reference dgemm.

Size:       31	Gflop/s:    21.67	Percentage:   55.29
Size:       32	Gflop/s:    17.75	Percentage:   45.27
Size:       96	Gflop/s:    30.76	Percentage:   78.47
Size:       97	Gflop/s:    30.09	Percentage:   76.75
Size:      127	Gflop/s:    32.02	Percentage:   81.69
Size:      128	Gflop/s:    32.77	Percentage:   83.60
Size:      129	Gflop/s:    32.53	Percentage:   82.98
Size:      191	Gflop/s:    35.57	Percentage:   90.75
Size:      192	Gflop/s:    36.91	Percentage:   94.15
Size:      229	Gflop/s:    37.61	Percentage:   95.95
Size:      255	Gflop/s:    37.70	Percentage:   96.18
Size:      256	Gflop/s:    38.54	Percentage:   98.32
Size:      257	Gflop/s:    37.95	Percentage:   96.82
Size:      319	Gflop/s:    38.81	Percentage:   99.00
Size:      320	Gflop/s:    39.99	Percentage:  102.02
Size:      321	Gflop/s:    39.75	Percentage:  101.39
Size:      417	Gflop/s:    41.39	Percentage:  105.60
Size:      479	Gflop/s:    41.05	Percentage:  104.73
Size:      480	Gflop/s:    42.25	Percentage:  107.77
Size:      511	Gflop/s:    40.73	Percentage:  103.89
Size:      512	Gflop/s:    40.72	Percentage:  103.88
Size:      639	Gflop/s:    42.03	Percentage:  107.21
Size:      640	Gflop/s:    42.70	Percentage:  108.94
Size:      767	Gflop/s:    42.70	Percentage:  108.94
Size:      768	Gflop/s:    43.10	Percentage:  109.96
Size:      769	Gflop/s:    42.21	Percentage:  107.68
Size:      800	Gflop/s:    43.37	Percentage:  110.64
Size:      900	Gflop/s:    43.42	Percentage:  110.77
Size:     1000	Gflop/s:    44.01	Percentage:  112.26
Size:     1100	Gflop/s:    43.91	Percentage:  112.02
Size:     1200	Gflop/s:    44.06	Percentage:  112.41
# Average percentage of peak performance = 96.9462

==== benchmark-naive ======================
# Description:	Naive, three-loop dgemm.

Size:       31	Gflop/s:     0.44	Percentage:    1.13
Size:       32	Gflop/s:     0.45	Percentage:    1.14
Size:       96	Gflop/s:     0.44	Percentage:    1.13
Size:       97	Gflop/s:     0.44	Percentage:    1.13
Size:      127	Gflop/s:     0.44	Percentage:    1.13
Size:      128	Gflop/s:     0.44	Percentage:    1.12
Size:      129	Gflop/s:     0.45	Percentage:    1.14
Size:      191	Gflop/s:     0.44	Percentage:    1.13
Size:      192	Gflop/s:     0.44	Percentage:    1.13
Size:      229	Gflop/s:     0.44	Percentage:    1.13
Size:      255	Gflop/s:     0.46	Percentage:    1.16
Size:      256	Gflop/s:     0.43	Percentage:    1.10
Size:      257	Gflop/s:     0.44	Percentage:    1.13
Size:      319	Gflop/s:     0.44	Percentage:    1.13
Size:      320	Gflop/s:     0.44	Percentage:    1.13
Size:      321	Gflop/s:     0.44	Percentage:    1.13
Size:      417	Gflop/s:     0.44	Percentage:    1.13
Size:      479	Gflop/s:     0.44	Percentage:    1.13
Size:      480	Gflop/s:     0.44	Percentage:    1.13
Size:      511	Gflop/s:     0.45	Percentage:    1.14
Size:      512	Gflop/s:     0.36	Percentage:    0.92
Size:      639	Gflop/s:     0.45	Percentage:    1.14
Size:      640	Gflop/s:     0.43	Percentage:    1.11
Size:      767	Gflop/s:     0.44	Percentage:    1.13
Size:      768	Gflop/s:     0.40	Percentage:    1.02
Size:      769	Gflop/s:     0.43	Percentage:    1.09
Size:      800	Gflop/s:     0.43	Percentage:    1.09
Size:      900	Gflop/s:     0.43	Percentage:    1.09
Size:     1000	Gflop/s:     0.44	Percentage:    1.13
Size:     1100	Gflop/s:     0.43	Percentage:    1.11
Size:     1200	Gflop/s:     0.43	Percentage:    1.09
# Average percentage of peak performance = 1.11407

==== plot results =========================
