rm -f *.o hist_seq hist_omp *.data
/cluster/apps/gcc-4.8.5/gcc-11.4.0-xxnwhndqaqpuzs4l4ty4yj5tg2cexcg4/bin/g++ -c -O3 -fopenmp hist_seq.cpp
/cluster/apps/gcc-4.8.5/gcc-11.4.0-xxnwhndqaqpuzs4l4ty4yj5tg2cexcg4/bin/g++ -c -O3 -fopenmp walltime.c
/cluster/apps/gcc-4.8.5/gcc-11.4.0-xxnwhndqaqpuzs4l4ty4yj5tg2cexcg4/bin/g++ -O3 -fopenmp hist_seq.o walltime.o -o hist_seq
/cluster/apps/gcc-4.8.5/gcc-11.4.0-xxnwhndqaqpuzs4l4ty4yj5tg2cexcg4/bin/g++ -c -O3 -fopenmp hist_omp.cpp
/cluster/apps/gcc-4.8.5/gcc-11.4.0-xxnwhndqaqpuzs4l4ty4yj5tg2cexcg4/bin/g++ -O3 -fopenmp hist_omp.o walltime.o -o hist_omp
Strong Scaling
Parallel:
Running with OMP_NUM_THREADS = 1
dist[0]=93
dist[1]=3285
dist[2]=85350
dist[3]=1260714
dist[4]=10871742
dist[5]=54586161
dist[6]=159818688
dist[7]=273378694
dist[8]=273376196
dist[9]=159818440
dist[10]=54574824
dist[11]=10876078
dist[12]=1261215
dist[13]=85046
dist[14]=3397
dist[15]=77
Time: 3.18217 sec

dist[0]=93
dist[1]=3285
dist[2]=85350
dist[3]=1260714
dist[4]=10871742
dist[5]=54586161
dist[6]=159818688
dist[7]=273378694
dist[8]=273376196
dist[9]=159818440
dist[10]=54574824
dist[11]=10876078
dist[12]=1261215
dist[13]=85046
dist[14]=3397
dist[15]=77
Time: 2.7405 sec

dist[0]=93
dist[1]=3285
dist[2]=85350
dist[3]=1260714
dist[4]=10871742
dist[5]=54586161
dist[6]=159818688
dist[7]=273378694
dist[8]=273376196
dist[9]=159818440
dist[10]=54574824
dist[11]=10876078
dist[12]=1261215
dist[13]=85046
dist[14]=3397
dist[15]=77
Time: 2.86063 sec

dist[0]=93
dist[1]=3285
dist[2]=85350
dist[3]=1260714
dist[4]=10871742
dist[5]=54586161
dist[6]=159818688
dist[7]=273378694
dist[8]=273376196
dist[9]=159818440
dist[10]=54574824
dist[11]=10876078
dist[12]=1261215
dist[13]=85046
dist[14]=3397
dist[15]=77
Time: 3.05445 sec

dist[0]=93
dist[1]=3285
dist[2]=85350
dist[3]=1260714
dist[4]=10871742
dist[5]=54586161
dist[6]=159818688
dist[7]=273378694
dist[8]=273376196
dist[9]=159818440
dist[10]=54574824
dist[11]=10876078
dist[12]=1261215
dist[13]=85046
dist[14]=3397
dist[15]=77
Time: 3.18189 sec

dist[0]=93
dist[1]=3285
dist[2]=85350
dist[3]=1260714
dist[4]=10871742
dist[5]=54586161
dist[6]=159818688
dist[7]=273378694
dist[8]=273376196
dist[9]=159818440
dist[10]=54574824
dist[11]=10876078
dist[12]=1261215
dist[13]=85046
dist[14]=3397
dist[15]=77
Time: 2.83695 sec

Running with OMP_NUM_THREADS = 2
dist[0]=93
dist[1]=3285
dist[2]=85350
dist[3]=1260714
dist[4]=10871742
dist[5]=54586161
dist[6]=159818688
dist[7]=273378694
dist[8]=273376196
dist[9]=159818440
dist[10]=54574824
dist[11]=10876078
dist[12]=1261215
dist[13]=85046
dist[14]=3397
dist[15]=77
Time: 1.61517 sec

dist[0]=93
dist[1]=3285
dist[2]=85350
dist[3]=1260714
dist[4]=10871742
dist[5]=54586161
dist[6]=159818688
dist[7]=273378694
dist[8]=273376196
dist[9]=159818440
dist[10]=54574824
dist[11]=10876078
dist[12]=1261215
dist[13]=85046
dist[14]=3397
dist[15]=77
Time: 2.00689 sec

dist[0]=93
dist[1]=3285
dist[2]=85350
dist[3]=1260714
dist[4]=10871742
dist[5]=54586161
dist[6]=159818688
dist[7]=273378694
dist[8]=273376196
dist[9]=159818440
dist[10]=54574824
dist[11]=10876078
dist[12]=1261215
dist[13]=85046
dist[14]=3397
dist[15]=77
Time: 1.78335 sec

dist[0]=93
dist[1]=3285
dist[2]=85350
dist[3]=1260714
dist[4]=10871742
dist[5]=54586161
dist[6]=159818688
dist[7]=273378694
dist[8]=273376196
dist[9]=159818440
dist[10]=54574824
dist[11]=10876078
dist[12]=1261215
dist[13]=85046
dist[14]=3397
dist[15]=77
Time: 1.62795 sec

dist[0]=93
dist[1]=3285
dist[2]=85350
dist[3]=1260714
dist[4]=10871742
dist[5]=54586161
dist[6]=159818688
dist[7]=273378694
dist[8]=273376196
dist[9]=159818440
dist[10]=54574824
dist[11]=10876078
dist[12]=1261215
dist[13]=85046
dist[14]=3397
dist[15]=77
Time: 1.63009 sec

dist[0]=93
dist[1]=3285
dist[2]=85350
dist[3]=1260714
dist[4]=10871742
dist[5]=54586161
dist[6]=159818688
dist[7]=273378694
dist[8]=273376196
dist[9]=159818440
dist[10]=54574824
dist[11]=10876078
dist[12]=1261215
dist[13]=85046
dist[14]=3397
dist[15]=77
Time: 1.55699 sec

Running with OMP_NUM_THREADS = 4
dist[0]=93
dist[1]=3285
dist[2]=85350
dist[3]=1260714
dist[4]=10871742
dist[5]=54586161
dist[6]=159818688
dist[7]=273378694
dist[8]=273376196
dist[9]=159818440
dist[10]=54574824
dist[11]=10876078
dist[12]=1261215
dist[13]=85046
dist[14]=3397
dist[15]=77
Time: 1.04902 sec

dist[0]=93
dist[1]=3285
dist[2]=85350
dist[3]=1260714
dist[4]=10871742
dist[5]=54586161
dist[6]=159818688
dist[7]=273378694
dist[8]=273376196
dist[9]=159818440
dist[10]=54574824
dist[11]=10876078
dist[12]=1261215
dist[13]=85046
dist[14]=3397
dist[15]=77
Time: 0.957379 sec

dist[0]=93
dist[1]=3285
dist[2]=85350
dist[3]=1260714
dist[4]=10871742
dist[5]=54586161
dist[6]=159818688
dist[7]=273378694
dist[8]=273376196
dist[9]=159818440
dist[10]=54574824
dist[11]=10876078
dist[12]=1261215
dist[13]=85046
dist[14]=3397
dist[15]=77
Time: 0.814203 sec

dist[0]=93
dist[1]=3285
dist[2]=85350
dist[3]=1260714
dist[4]=10871742
dist[5]=54586161
dist[6]=159818688
dist[7]=273378694
dist[8]=273376196
dist[9]=159818440
dist[10]=54574824
dist[11]=10876078
dist[12]=1261215
dist[13]=85046
dist[14]=3397
dist[15]=77
Time: 0.82687 sec

dist[0]=93
dist[1]=3285
dist[2]=85350
dist[3]=1260714
dist[4]=10871742
dist[5]=54586161
dist[6]=159818688
dist[7]=273378694
dist[8]=273376196
dist[9]=159818440
dist[10]=54574824
dist[11]=10876078
dist[12]=1261215
dist[13]=85046
dist[14]=3397
dist[15]=77
Time: 1.00054 sec

dist[0]=93
dist[1]=3285
dist[2]=85350
dist[3]=1260714
dist[4]=10871742
dist[5]=54586161
dist[6]=159818688
dist[7]=273378694
dist[8]=273376196
dist[9]=159818440
dist[10]=54574824
dist[11]=10876078
dist[12]=1261215
dist[13]=85046
dist[14]=3397
dist[15]=77
Time: 0.847907 sec

Running with OMP_NUM_THREADS = 8
dist[0]=93
dist[1]=3285
dist[2]=85350
dist[3]=1260714
dist[4]=10871742
dist[5]=54586161
dist[6]=159818688
dist[7]=273378694
dist[8]=273376196
dist[9]=159818440
dist[10]=54574824
dist[11]=10876078
dist[12]=1261215
dist[13]=85046
dist[14]=3397
dist[15]=77
Time: 0.539498 sec

dist[0]=93
dist[1]=3285
dist[2]=85350
dist[3]=1260714
dist[4]=10871742
dist[5]=54586161
dist[6]=159818688
dist[7]=273378694
dist[8]=273376196
dist[9]=159818440
dist[10]=54574824
dist[11]=10876078
dist[12]=1261215
dist[13]=85046
dist[14]=3397
dist[15]=77
Time: 0.540417 sec

dist[0]=93
dist[1]=3285
dist[2]=85350
dist[3]=1260714
dist[4]=10871742
dist[5]=54586161
dist[6]=159818688
dist[7]=273378694
dist[8]=273376196
dist[9]=159818440
dist[10]=54574824
dist[11]=10876078
dist[12]=1261215
dist[13]=85046
dist[14]=3397
dist[15]=77
Time: 0.507325 sec

dist[0]=93
dist[1]=3285
dist[2]=85350
dist[3]=1260714
dist[4]=10871742
dist[5]=54586161
dist[6]=159818688
dist[7]=273378694
dist[8]=273376196
dist[9]=159818440
dist[10]=54574824
dist[11]=10876078
dist[12]=1261215
dist[13]=85046
dist[14]=3397
dist[15]=77
Time: 0.460718 sec

dist[0]=93
dist[1]=3285
dist[2]=85350
dist[3]=1260714
dist[4]=10871742
dist[5]=54586161
dist[6]=159818688
dist[7]=273378694
dist[8]=273376196
dist[9]=159818440
dist[10]=54574824
dist[11]=10876078
dist[12]=1261215
dist[13]=85046
dist[14]=3397
dist[15]=77
Time: 0.587707 sec

dist[0]=93
dist[1]=3285
dist[2]=85350
dist[3]=1260714
dist[4]=10871742
dist[5]=54586161
dist[6]=159818688
dist[7]=273378694
dist[8]=273376196
dist[9]=159818440
dist[10]=54574824
dist[11]=10876078
dist[12]=1261215
dist[13]=85046
dist[14]=3397
dist[15]=77
Time: 0.539927 sec

Running with OMP_NUM_THREADS = 16
dist[0]=93
dist[1]=3285
dist[2]=85350
dist[3]=1260714
dist[4]=10871742
dist[5]=54586161
dist[6]=159818688
dist[7]=273378694
dist[8]=273376196
dist[9]=159818440
dist[10]=54574824
dist[11]=10876078
dist[12]=1261215
dist[13]=85046
dist[14]=3397
dist[15]=77
Time: 0.278913 sec

dist[0]=93
dist[1]=3285
dist[2]=85350
dist[3]=1260714
dist[4]=10871742
dist[5]=54586161
dist[6]=159818688
dist[7]=273378694
dist[8]=273376196
dist[9]=159818440
dist[10]=54574824
dist[11]=10876078
dist[12]=1261215
dist[13]=85046
dist[14]=3397
dist[15]=77
Time: 0.334758 sec

dist[0]=93
dist[1]=3285
dist[2]=85350
dist[3]=1260714
dist[4]=10871742
dist[5]=54586161
dist[6]=159818688
dist[7]=273378694
dist[8]=273376196
dist[9]=159818440
dist[10]=54574824
dist[11]=10876078
dist[12]=1261215
dist[13]=85046
dist[14]=3397
dist[15]=77
Time: 0.359004 sec

dist[0]=93
dist[1]=3285
dist[2]=85350
dist[3]=1260714
dist[4]=10871742
dist[5]=54586161
dist[6]=159818688
dist[7]=273378694
dist[8]=273376196
dist[9]=159818440
dist[10]=54574824
dist[11]=10876078
dist[12]=1261215
dist[13]=85046
dist[14]=3397
dist[15]=77
Time: 0.328606 sec

dist[0]=93
dist[1]=3285
dist[2]=85350
dist[3]=1260714
dist[4]=10871742
dist[5]=54586161
dist[6]=159818688
dist[7]=273378694
dist[8]=273376196
dist[9]=159818440
dist[10]=54574824
dist[11]=10876078
dist[12]=1261215
dist[13]=85046
dist[14]=3397
dist[15]=77
Time: 0.277818 sec

dist[0]=93
dist[1]=3285
dist[2]=85350
dist[3]=1260714
dist[4]=10871742
dist[5]=54586161
dist[6]=159818688
dist[7]=273378694
dist[8]=273376196
dist[9]=159818440
dist[10]=54574824
dist[11]=10876078
dist[12]=1261215
dist[13]=85046
dist[14]=3397
dist[15]=77
Time: 0.392134 sec

Running with OMP_NUM_THREADS = 32
dist[0]=93
dist[1]=3285
dist[2]=85350
dist[3]=1260714
dist[4]=10871742
dist[5]=54586161
dist[6]=159818688
dist[7]=273378694
dist[8]=273376196
dist[9]=159818440
dist[10]=54574824
dist[11]=10876078
dist[12]=1261215
dist[13]=85046
dist[14]=3397
dist[15]=77
Time: 0.2649 sec

dist[0]=93
dist[1]=3285
dist[2]=85350
dist[3]=1260714
dist[4]=10871742
dist[5]=54586161
dist[6]=159818688
dist[7]=273378694
dist[8]=273376196
dist[9]=159818440
dist[10]=54574824
dist[11]=10876078
dist[12]=1261215
dist[13]=85046
dist[14]=3397
dist[15]=77
Time: 0.305901 sec

dist[0]=93
dist[1]=3285
dist[2]=85350
dist[3]=1260714
dist[4]=10871742
dist[5]=54586161
dist[6]=159818688
dist[7]=273378694
dist[8]=273376196
dist[9]=159818440
dist[10]=54574824
dist[11]=10876078
dist[12]=1261215
dist[13]=85046
dist[14]=3397
dist[15]=77
Time: 0.268668 sec

dist[0]=93
dist[1]=3285
dist[2]=85350
dist[3]=1260714
dist[4]=10871742
dist[5]=54586161
dist[6]=159818688
dist[7]=273378694
dist[8]=273376196
dist[9]=159818440
dist[10]=54574824
dist[11]=10876078
dist[12]=1261215
dist[13]=85046
dist[14]=3397
dist[15]=77
Time: 0.304679 sec

dist[0]=93
dist[1]=3285
dist[2]=85350
dist[3]=1260714
dist[4]=10871742
dist[5]=54586161
dist[6]=159818688
dist[7]=273378694
dist[8]=273376196
dist[9]=159818440
dist[10]=54574824
dist[11]=10876078
dist[12]=1261215
dist[13]=85046
dist[14]=3397
dist[15]=77
Time: 0.216057 sec

dist[0]=93
dist[1]=3285
dist[2]=85350
dist[3]=1260714
dist[4]=10871742
dist[5]=54586161
dist[6]=159818688
dist[7]=273378694
dist[8]=273376196
dist[9]=159818440
dist[10]=54574824
dist[11]=10876078
dist[12]=1261215
dist[13]=85046
dist[14]=3397
dist[15]=77
Time: 0.266205 sec

Running with OMP_NUM_THREADS = 64
dist[0]=93
dist[1]=3285
dist[2]=85350
dist[3]=1260714
dist[4]=10871742
dist[5]=54586161
dist[6]=159818688
dist[7]=273378694
dist[8]=273376196
dist[9]=159818440
dist[10]=54574824
dist[11]=10876078
dist[12]=1261215
dist[13]=85046
dist[14]=3397
dist[15]=77
Time: 0.191544 sec

dist[0]=93
dist[1]=3285
dist[2]=85350
dist[3]=1260714
dist[4]=10871742
dist[5]=54586161
dist[6]=159818688
dist[7]=273378694
dist[8]=273376196
dist[9]=159818440
dist[10]=54574824
dist[11]=10876078
dist[12]=1261215
dist[13]=85046
dist[14]=3397
dist[15]=77
Time: 0.199134 sec

dist[0]=93
dist[1]=3285
dist[2]=85350
dist[3]=1260714
dist[4]=10871742
dist[5]=54586161
dist[6]=159818688
dist[7]=273378694
dist[8]=273376196
dist[9]=159818440
dist[10]=54574824
dist[11]=10876078
dist[12]=1261215
dist[13]=85046
dist[14]=3397
dist[15]=77
Time: 0.200558 sec

dist[0]=93
dist[1]=3285
dist[2]=85350
dist[3]=1260714
dist[4]=10871742
dist[5]=54586161
dist[6]=159818688
dist[7]=273378694
dist[8]=273376196
dist[9]=159818440
dist[10]=54574824
dist[11]=10876078
dist[12]=1261215
dist[13]=85046
dist[14]=3397
dist[15]=77
Time: 0.216118 sec

dist[0]=93
dist[1]=3285
dist[2]=85350
dist[3]=1260714
dist[4]=10871742
dist[5]=54586161
dist[6]=159818688
dist[7]=273378694
dist[8]=273376196
dist[9]=159818440
dist[10]=54574824
dist[11]=10876078
dist[12]=1261215
dist[13]=85046
dist[14]=3397
dist[15]=77
Time: 0.200095 sec

dist[0]=93
dist[1]=3285
dist[2]=85350
dist[3]=1260714
dist[4]=10871742
dist[5]=54586161
dist[6]=159818688
dist[7]=273378694
dist[8]=273376196
dist[9]=159818440
dist[10]=54574824
dist[11]=10876078
dist[12]=1261215
dist[13]=85046
dist[14]=3397
dist[15]=77
Time: 0.215919 sec

Running with OMP_NUM_THREADS = 128
dist[0]=93
dist[1]=3285
dist[2]=85350
dist[3]=1260714
dist[4]=10871742
dist[5]=54586161
dist[6]=159818688
dist[7]=273378694
dist[8]=273376196
dist[9]=159818440
dist[10]=54574824
dist[11]=10876078
dist[12]=1261215
dist[13]=85046
dist[14]=3397
dist[15]=77
Time: 0.201724 sec

dist[0]=93
dist[1]=3285
dist[2]=85350
dist[3]=1260714
dist[4]=10871742
dist[5]=54586161
dist[6]=159818688
dist[7]=273378694
dist[8]=273376196
dist[9]=159818440
dist[10]=54574824
dist[11]=10876078
dist[12]=1261215
dist[13]=85046
dist[14]=3397
dist[15]=77
Time: 0.202625 sec

dist[0]=93
dist[1]=3285
dist[2]=85350
dist[3]=1260714
dist[4]=10871742
dist[5]=54586161
dist[6]=159818688
dist[7]=273378694
dist[8]=273376196
dist[9]=159818440
dist[10]=54574824
dist[11]=10876078
dist[12]=1261215
dist[13]=85046
dist[14]=3397
dist[15]=77
Time: 0.188746 sec

dist[0]=93
dist[1]=3285
dist[2]=85350
dist[3]=1260714
dist[4]=10871742
dist[5]=54586161
dist[6]=159818688
dist[7]=273378694
dist[8]=273376196
dist[9]=159818440
dist[10]=54574824
dist[11]=10876078
dist[12]=1261215
dist[13]=85046
dist[14]=3397
dist[15]=77
Time: 0.193538 sec

dist[0]=93
dist[1]=3285
dist[2]=85350
dist[3]=1260714
dist[4]=10871742
dist[5]=54586161
dist[6]=159818688
dist[7]=273378694
dist[8]=273376196
dist[9]=159818440
dist[10]=54574824
dist[11]=10876078
dist[12]=1261215
dist[13]=85046
dist[14]=3397
dist[15]=77
Time: 0.236334 sec

dist[0]=93
dist[1]=3285
dist[2]=85350
dist[3]=1260714
dist[4]=10871742
dist[5]=54586161
dist[6]=159818688
dist[7]=273378694
dist[8]=273376196
dist[9]=159818440
dist[10]=54574824
dist[11]=10876078
dist[12]=1261215
dist[13]=85046
dist[14]=3397
dist[15]=77
Time: 0.236871 sec

dist[0]=93
dist[1]=3285
dist[2]=85350
dist[3]=1260714
dist[4]=10871742
dist[5]=54586161
dist[6]=159818688
dist[7]=273378694
dist[8]=273376196
dist[9]=159818440
dist[10]=54574824
dist[11]=10876078
dist[12]=1261215
dist[13]=85046
dist[14]=3397
dist[15]=77
Time: 2.92245 sec

dist[0]=93
dist[1]=3285
dist[2]=85350
dist[3]=1260714
dist[4]=10871742
dist[5]=54586161
dist[6]=159818688
dist[7]=273378694
dist[8]=273376196
dist[9]=159818440
dist[10]=54574824
dist[11]=10876078
dist[12]=1261215
dist[13]=85046
dist[14]=3397
dist[15]=77
Time: 2.77221 sec

dist[0]=93
dist[1]=3285
dist[2]=85350
dist[3]=1260714
dist[4]=10871742
dist[5]=54586161
dist[6]=159818688
dist[7]=273378694
dist[8]=273376196
dist[9]=159818440
dist[10]=54574824
dist[11]=10876078
dist[12]=1261215
dist[13]=85046
dist[14]=3397
dist[15]=77
Time: 2.96029 sec

dist[0]=93
dist[1]=3285
dist[2]=85350
dist[3]=1260714
dist[4]=10871742
dist[5]=54586161
dist[6]=159818688
dist[7]=273378694
dist[8]=273376196
dist[9]=159818440
dist[10]=54574824
dist[11]=10876078
dist[12]=1261215
dist[13]=85046
dist[14]=3397
dist[15]=77
Time: 2.94458 sec

dist[0]=93
dist[1]=3285
dist[2]=85350
dist[3]=1260714
dist[4]=10871742
dist[5]=54586161
dist[6]=159818688
dist[7]=273378694
dist[8]=273376196
dist[9]=159818440
dist[10]=54574824
dist[11]=10876078
dist[12]=1261215
dist[13]=85046
dist[14]=3397
dist[15]=77
Time: 2.87911 sec

dist[0]=93
dist[1]=3285
dist[2]=85350
dist[3]=1260714
dist[4]=10871742
dist[5]=54586161
dist[6]=159818688
dist[7]=273378694
dist[8]=273376196
dist[9]=159818440
dist[10]=54574824
dist[11]=10876078
dist[12]=1261215
dist[13]=85046
dist[14]=3397
dist[15]=77
Time: 2.8281 sec

begin plotting
